64.0 64.0 64.0 0
64.0 192.0 64.0 0
64.0 320.0 64.0 0
64.0 448.0 64.0 0
64.0 576.0 64.0 0
64.0 704.0 64.0 0
64.0 832.0 64.0 0
139.0 936.0 64.0 0
175.0 128.0 64.0 0
175.0 256.0 64.0 0
175.0 384.0 64.0 0
175.0 512.0 64.0 0
175.0 640.0 64.0 0
175.0 768.0 64.0 0
250.0 872.0 64.0 0
286.0 64.0 64.0 0
286.0 192.0 64.0 0
286.0 320.0 64.0 0
286.0 448.0 64.0 0
286.0 576.0 64.0 0
286.0 704.0 64.0 0
361.0 808.0 64.0 0
361.0 936.0 64.0 0
397.0 128.0 64.0 0
397.0 256.0 64.0 0
397.0 384.0 64.0 0
397.0 512.0 64.0 0
397.0 640.0 64.0 0
472.0 744.0 64.0 0
472.0 872.0 64.0 0
508.0 64.0 64.0 0
508.0 192.0 64.0 0
508.0 320.0 64.0 0
508.0 448.0 64.0 0
508.0 576.0 64.0 0
583.0 680.0 64.0 0
583.0 808.0 64.0 0
583.0 936.0 64.0 0
619.0 128.0 64.0 0
619.0 256.0 64.0 0
619.0 384.0 64.0 0
619.0 512.0 64.0 0
694.0 616.0 64.0 0
694.0 744.0 64.0 0
694.0 872.0 64.0 0
730.0 64.0 64.0 0
730.0 192.0 64.0 0
730.0 320.0 64.0 0
730.0 448.0 64.0 0
805.0 552.0 64.0 0
805.0 680.0 64.0 0
805.0 808.0 64.0 0
805.0 936.0 64.0 0
841.0 128.0 64.0 0
841.0 256.0 64.0 0
841.0 384.0 64.0 0
916.0 488.0 64.0 0
916.0 616.0 64.0 0
32.0 923.0 32.0 1
155.0 32.0 32.0 1
230.0 967.0 32.0 1
377.0 32.0 32.0 1
452.0 967.0 32.0 1
599.0 32.0 32.0 1
674.0 967.0 32.0 1
821.0 32.0 32.0 1
877.0 744.0 32.0 1
877.0 872.0 32.0 1
885.0 32.0 32.0 1
896.0 967.0 32.0 1
901.0 804.0 32.0 1
913.0 192.0 32.0 1
913.0 320.0 32.0 1
926.0 82.0 32.0 1
928.0 911.0 32.0 1
932.0 711.0 32.0 1
937.0 252.0 32.0 1
937.0 380.0 32.0 1
947.0 849.0 32.0 1
952.0 141.0 32.0 1
956.0 771.0 32.0 1
960.0 967.0 32.0 1
966.0 32.0 32.0 1
16.0 128.0 16.0 2
16.0 256.0 16.0 2
16.0 384.0 16.0 2
16.0 512.0 16.0 2
16.0 640.0 16.0 2
16.0 768.0 16.0 2
16.0 969.0 16.0 2
45.0 983.0 16.0 2
141.0 854.0 16.0 2
173.0 848.0 16.0 2
200.0 49.0 16.0 2
201.0 16.0 16.0 2
252.0 790.0 16.0 2
275.0 948.0 16.0 2
275.0 984.0 16.0 2
284.0 784.0 16.0 2
363.0 726.0 16.0 2
395.0 720.0 16.0 2
422.0 49.0 16.0 2
423.0 16.0 16.0 2
474.0 662.0 16.0 2
497.0 948.0 16.0 2
497.0 984.0 16.0 2
506.0 656.0 16.0 2
585.0 598.0 16.0 2
617.0 592.0 16.0 2
644.0 49.0 16.0 2
645.0 16.0 16.0 2
696.0 534.0 16.0 2
719.0 948.0 16.0 2
719.0 984.0 16.0 2
728.0 528.0 16.0 2
807.0 470.0 16.0 2
839.0 464.0 16.0 2
884.0 693.0 16.0 2
956.0 297.0 16.0 2
959.0 206.0 16.0 2
959.0 334.0 16.0 2
962.0 421.0 16.0 2
964.0 552.0 16.0 2
967.0 678.0 16.0 2
972.0 96.0 16.0 2
972.0 890.0 16.0 2
977.0 922.0 16.0 2
978.0 725.0 16.0 2
979.0 181.0 16.0 2
980.0 274.0 16.0 2
980.0 813.0 16.0 2
981.0 230.0 16.0 2
981.0 358.0 16.0 2
983.0 394.0 16.0 2
984.0 313.0 16.0 2
984.0 445.0 16.0 2
8.0 8.0 8.0 3
8.0 878.0 8.0 3
8.0 992.0 8.0 3
50.0 959.0 8.0 3
63.0 949.0 8.0 3
64.0 967.0 8.0 3
68.0 904.0 8.0 3
68.0 990.0 8.0 3
78.0 975.0 8.0 3
84.0 990.0 8.0 3
97.0 128.0 8.0 3
97.0 256.0 8.0 3
97.0 384.0 8.0 3
97.0 512.0 8.0 3
97.0 640.0 8.0 3
97.0 768.0 8.0 3
110.0 8.0 8.0 3
136.0 189.0 8.0 3
136.0 317.0 8.0 3
136.0 445.0 8.0 3
136.0 573.0 8.0 3
136.0 701.0 8.0 3
136.0 829.0 8.0 3
172.0 872.0 8.0 3
185.0 992.0 8.0 3
208.0 192.0 8.0 3
208.0 320.0 8.0 3
208.0 448.0 8.0 3
208.0 576.0 8.0 3
208.0 704.0 8.0 3
218.0 33.0 8.0 3
224.0 8.0 8.0 3
240.0 8.0 8.0 3
247.0 125.0 8.0 3
247.0 253.0 8.0 3
247.0 381.0 8.0 3
247.0 509.0 8.0 3
247.0 637.0 8.0 3
247.0 765.0 8.0 3
283.0 808.0 8.0 3
291.0 966.0 8.0 3
298.0 991.0 8.0 3
314.0 991.0 8.0 3
319.0 128.0 8.0 3
319.0 256.0 8.0 3
319.0 384.0 8.0 3
319.0 512.0 8.0 3
319.0 640.0 8.0 3
322.0 869.0 8.0 3
332.0 8.0 8.0 3
358.0 189.0 8.0 3
358.0 317.0 8.0 3
358.0 445.0 8.0 3
358.0 573.0 8.0 3
358.0 701.0 8.0 10
394.0 744.0 8.0 10
394.0 872.0 8.0 10
407.0 992.0 8.0 10
430.0 192.0 8.0 10
430.0 320.0 8.0 10
430.0 448.0 8.0 10
430.0 576.0 8.0 10
433.0 805.0 8.0 10
440.0 33.0 8.0 10
446.0 8.0 8.0 10
462.0 8.0 8.0 10
469.0 125.0 8.0 10
469.0 253.0 8.0 10
469.0 381.0 8.0 10
469.0 509.0 8.0 10
469.0 637.0 8.0 10
505.0 680.0 8.0 10
505.0 808.0 8.0 10
513.0 966.0 8.0 10
520.0 991.0 8.0 10
536.0 991.0 8.0 10
541.0 128.0 8.0 10
541.0 256.0 8.0 10
541.0 384.0 8.0 10
541.0 512.0 8.0 10
544.0 741.0 8.0 10
544.0 869.0 8.0 10
554.0 8.0 8.0 10
580.0 189.0 8.0 10
580.0 317.0 8.0 10
580.0 445.0 8.0 10
580.0 573.0 8.0 10
616.0 616.0 8.0 10
616.0 744.0 8.0 10
616.0 872.0 8.0 10
629.0 992.0 8.0 10
652.0 192.0 8.0 10
652.0 320.0 8.0 10
652.0 448.0 8.0 10
655.0 677.0 8.0 10
655.0 805.0 8.0 10
662.0 33.0 8.0 10
668.0 8.0 8.0 10
684.0 8.0 8.0 10
691.0 125.0 8.0 10
691.0 253.0 8.0 10
691.0 381.0 8.0 10
691.0 509.0 8.0 10
727.0 552.0 8.0 10
727.0 680.0 8.0 10
727.0 808.0 8.0 10
735.0 966.0 8.0 10
742.0 991.0 8.0 10
758.0 991.0 8.0 10
763.0 128.0 8.0 10
763.0 256.0 8.0 10
763.0 384.0 8.0 10
4.0 20.0 4.0 4
4.0 28.0 4.0 4
4.0 96.0 4.0 4
4.0 104.0 4.0 4
4.0 112.0 4.0 4
4.0 144.0 4.0 4
4.0 152.0 4.0 4
4.0 160.0 4.0 4
4.0 224.0 4.0 4
4.0 232.0 4.0 4
4.0 240.0 4.0 4
4.0 272.0 4.0 4
4.0 280.0 4.0 4
4.0 288.0 4.0 4
4.0 352.0 4.0 4
4.0 360.0 4.0 4
4.0 368.0 4.0 4
4.0 400.0 4.0 4
4.0 408.0 4.0 4
4.0 416.0 4.0 4
4.0 480.0 4.0 4
4.0 488.0 4.0 4
4.0 496.0 4.0 4
4.0 528.0 4.0 4
4.0 536.0 4.0 4
4.0 544.0 4.0 4
4.0 608.0 4.0 4
4.0 616.0 4.0 4
4.0 624.0 4.0 4
4.0 656.0 4.0 4
4.0 664.0 4.0 4
4.0 672.0 4.0 4
4.0 736.0 4.0 4
4.0 744.0 4.0 4
4.0 752.0 4.0 4
4.0 784.0 4.0 4
4.0 792.0 4.0 4
4.0 800.0 4.0 4
4.0 864.0 4.0 4
4.0 890.0 4.0 4
4.0 898.0 4.0 4
4.0 946.0 4.0 4
11.0 108.0 4.0 4
11.0 148.0 4.0 4
11.0 236.0 4.0 4
11.0 276.0 4.0 4
11.0 364.0 4.0 4
11.0 404.0 4.0 4
11.0 492.0 4.0 4
11.0 532.0 4.0 4
11.0 620.0 4.0 4
11.0 660.0 4.0 4
11.0 748.0 4.0 4
11.0 788.0 4.0 4
12.0 20.0 4.0 4
12.0 890.0 4.0 9
19.0 13.0 4.0 9
19.0 883.0 4.0 9
20.0 4.0 4.0 9
20.0 989.0 4.0 9
24.0 996.0 4.0 9
28.0 4.0 4.0 9
34.0 959.0 4.0 9
36.0 126.0 4.0 9
36.0 254.0 4.0 9
36.0 382.0 4.0 9
36.0 510.0 4.0 9
36.0 638.0 4.0 9
36.0 766.0 4.0 9
66.0 935.0 4.0 9
68.0 916.0 4.0 9
68.0 924.0 4.0 9
72.0 957.0 4.0 9
79.0 899.0 4.0 9
95.0 995.0 4.0 9
96.0 4.0 4.0 9
103.0 994.0 4.0 9
105.0 119.0 4.0 9
105.0 137.0 4.0 9
105.0 247.0 4.0 9
105.0 265.0 4.0 9
105.0 375.0 4.0 9
105.0 393.0 4.0 9
105.0 503.0 4.0 9
105.0 521.0 4.0 9
105.0 631.0 4.0 9
105.0 649.0 4.0 9
105.0 759.0 4.0 9
105.0 777.0 4.0 9
115.0 19.0 4.0 9
121.0 13.0 4.0 9
121.0 870.0 4.0 9
122.0 4.0 4.0 9
130.0 4.0 4.0 9
131.0 76.0 4.0 9
131.0 204.0 4.0 9
131.0 332.0 4.0 9
131.0 460.0 4.0 9
131.0 588.0 4.0 9
131.0 716.0 4.0 9
132.0 60.0 4.0 9
132.0 68.0 4.0 9
140.0 65.0 4.0 9
147.0 194.0 4.0 9
147.0 322.0 4.0 9
147.0 450.0 4.0 9
147.0 578.0 4.0 9
147.0 706.0 4.0 9
147.0 834.0 4.0 9
154.0 838.0 4.0 9
155.0 869.0 4.0 9
162.0 865.0 4.0 9
2.0 34.0 2.0 5
2.0 38.0 2.0 5
2.0 87.0 2.0 5
2.0 166.0 2.0 5
2.0 215.0 2.0 5
2.0 294.0 2.0 5
2.0 343.0 2.0 5
2.0 422.0 2.0 5
2.0 471.0 2.0 5
2.0 550.0 2.0 5
2.0 599.0 2.0 5
2.0 678.0 2.0 5
2.0 727.0 2.0 5
2.0 806.0 2.0 5
2.0 855.0 2.0 5
2.0 870.0 2.0 5
2.0 904.0 2.0 5
2.0 939.0 2.0 5
2.0 952.0 2.0 5
2.0 956.0 2.0 5
2.0 981.0 2.0 5
6.0 952.0 2.0 5
10.0 26.0 2.0 5
10.0 102.0 2.0 5
10.0 154.0 2.0 5
10.0 230.0 2.0 5
10.0 282.0 2.0 5
10.0 358.0 2.0 5
10.0 410.0 2.0 5
10.0 486.0 2.0 5
10.0 538.0 2.0 5
10.0 614.0 2.0 5
10.0 666.0 2.0 5
10.0 742.0 2.0 5
10.0 794.0 2.0 5
10.0 896.0 2.0 5
10.0 949.0 2.0 5
16.0 998.0 2.0 5
18.0 889.0 2.0 5
22.0 889.0 2.0 5
24.0 9.0 2.0 5
25.0 886.0 2.0 5
25.0 985.0 2.0 5
26.0 989.0 2.0 5
28.0 889.0 2.0 5
29.0 992.0 2.0 5
30.0 996.0 2.0 5
34.0 2.0 2.0 5
34.0 132.0 2.0 5
34.0 260.0 2.0 5
34.0 388.0 2.0 5
34.0 516.0 2.0 5
34.0 644.0 2.0 5
34.0 772.0 2.0 5
34.0 965.0 2.0 5
34.0 998.0 2.0 8
38.0 2.0 2.0 8
38.0 964.0 2.0 8
40.0 957.0 2.0 8
41.0 130.0 2.0 8
41.0 258.0 2.0 8
41.0 386.0 2.0 8
41.0 514.0 2.0 8
41.0 642.0 2.0 8
41.0 770.0 2.0 8
42.0 965.0 2.0 8
44.0 127.0 2.0 8
44.0 255.0 2.0 8
44.0 383.0 2.0 8
44.0 511.0 2.0 8
44.0 639.0 2.0 8
44.0 767.0 2.0 8
55.0 998.0 2.0 8
56.0 898.0 2.0 8
59.0 995.0 2.0 8
60.0 898.0 2.0 8
62.0 977.0 2.0 8
62.0 998.0 2.0 8
63.0 981.0 2.0 8
66.0 977.0 2.0 8
69.0 941.0 2.0 8
69.0 980.0 2.0 8
70.0 930.0 2.0 8
72.0 934.0 2.0 8
72.0 938.0 2.0 8
72.0 944.0 2.0 8
73.0 920.0 2.0 8
73.0 948.0 2.0 8
74.0 912.0 2.0 8
74.0 916.0 2.0 8
74.0 924.0 2.0 8
74.0 963.0 2.0 8
74.0 998.0 2.0 8
77.0 909.0 2.0 8
78.0 905.0 2.0 8
78.0 962.0 2.0 8
78.0 998.0 2.0 8
81.0 128.0 2.0 8
81.0 256.0 2.0 8
81.0 384.0 2.0 8
81.0 512.0 2.0 8
81.0 640.0 2.0 8
81.0 768.0 2.0 8
84.0 895.0 2.0 8
85.0 127.0 2.0 8
85.0 255.0 2.0 8
85.0 383.0 2.0 8
85.0 511.0 2.0 8
85.0 639.0 2.0 8
85.0 767.0 2.0 8
1.0 1.0 1.0 6
1.0 14.0 1.0 6
1.0 16.0 1.0 6
1.0 24.0 1.0 6
1.0 41.0 1.0 6
1.0 43.0 1.0 6
1.0 45.0 1.0 6
1.0 47.0 1.0 6
1.0 80.0 1.0 6
1.0 82.0 1.0 6
1.0 84.0 1.0 6
1.0 90.0 1.0 6
1.0 92.0 1.0 6
1.0 100.0 1.0 6
1.0 108.0 1.0 6
1.0 116.0 1.0 6
1.0 118.0 1.0 6
1.0 120.0 1.0 6
1.0 136.0 1.0 6
1.0 138.0 1.0 6
1.0 140.0 1.0 6
1.0 148.0 1.0 6
1.0 156.0 1.0 6
1.0 169.0 1.0 6
1.0 171.0 1.0 6
1.0 173.0 1.0 6
1.0 175.0 1.0 6
1.0 208.0 1.0 6
1.0 210.0 1.0 6
1.0 212.0 1.0 6
1.0 218.0 1.0 6
1.0 220.0 1.0 6
1.0 228.0 1.0 6
1.0 236.0 1.0 6
1.0 244.0 1.0 6
1.0 246.0 1.0 6
1.0 248.0 1.0 6
1.0 264.0 1.0 6
1.0 266.0 1.0 6
1.0 268.0 1.0 6
1.0 276.0 1.0 6
1.0 284.0 1.0 6
1.0 297.0 1.0 6
1.0 299.0 1.0 6
1.0 301.0 1.0 6
1.0 303.0 1.0 6
1.0 336.0 1.0 6
1.0 338.0 1.0 6
1.0 340.0 1.0 6
1.0 346.0 1.0 6
1.0 348.0 1.0 6
1.0 356.0 1.0 6
1.0 364.0 1.0 6
1.0 372.0 1.0 6
1.0 374.0 1.0 6
1.0 376.0 1.0 7
1.0 392.0 1.0 7
1.0 394.0 1.0 7
1.0 396.0 1.0 7
1.0 404.0 1.0 7
1.0 412.0 1.0 7
1.0 425.0 1.0 7
1.0 427.0 1.0 7
1.0 429.0 1.0 7
1.0 431.0 1.0 7
1.0 464.0 1.0 7
1.0 466.0 1.0 7
1.0 468.0 1.0 7
1.0 474.0 1.0 7
1.0 476.0 1.0 7
1.0 484.0 1.0 7
1.0 492.0 1.0 7
1.0 500.0 1.0 7
1.0 502.0 1.0 7
1.0 504.0 1.0 7
1.0 520.0 1.0 7
1.0 522.0 1.0 7
1.0 524.0 1.0 7
1.0 532.0 1.0 7
1.0 540.0 1.0 7
1.0 553.0 1.0 7
1.0 555.0 1.0 7
1.0 557.0 1.0 7
1.0 559.0 1.0 7
1.0 592.0 1.0 7
1.0 594.0 1.0 7
1.0 596.0 1.0 7
1.0 602.0 1.0 7
1.0 604.0 1.0 7
1.0 612.0 1.0 7
1.0 620.0 1.0 7
1.0 628.0 1.0 7
1.0 630.0 1.0 7
1.0 632.0 1.0 7
1.0 648.0 1.0 7
1.0 650.0 1.0 7
1.0 652.0 1.0 7
1.0 660.0 1.0 7
1.0 668.0 1.0 7
1.0 681.0 1.0 7
1.0 683.0 1.0 7
1.0 685.0 1.0 7
1.0 687.0 1.0 7
1.0 720.0 1.0 7
1.0 722.0 1.0 7
1.0 724.0 1.0 7
1.0 730.0 1.0 7
1.0 732.0 1.0 7
1.0 740.0 1.0 7
1.0 748.0 1.0 7
766.0 613.0 8.0 3
766.0 741.0 8.0 3
766.0 869.0 8.0 3
776.0 8.0 8.0 3
802.0 189.0 8.0 3
802.0 317.0 8.0 3
802.0 445.0 8.0 3
838.0 488.0 8.0 3
838.0 616.0 8.0 3
851.0 992.0 8.0 3
853.0 8.0 8.0 3
853.0 56.0 8.0 3
873.0 912.0 8.0 3
877.0 549.0 8.0 3
877.0 928.0 8.0 3
887.0 72.0 8.0 3
906.0 415.0 8.0 3
906.0 844.0 8.0 3
909.0 152.0 8.0 3
912.0 764.0 8.0 3
913.0 120.0 8.0 3
917.0 8.0 8.0 3
918.0 749.0 8.0 3
924.0 23.0 8.0 3
924.0 41.0 8.0 3
928.0 991.0 8.0 3
933.0 8.0 8.0 3
941.0 809.0 8.0 3
952.0 181.0 8.0 3
965.0 72.0 8.0 3
971.0 702.0 8.0 10
975.0 530.0 8.0 10
975.0 574.0 8.0 10
977.0 655.0 8.0 10
981.0 70.0 8.0 10
983.0 205.0 8.0 10
983.0 515.0 8.0 10
983.0 588.0 8.0 10
983.0 867.0 8.0 10
984.0 117.0 8.0 10
984.0 640.0 8.0 10
985.0 694.0 8.0 10
986.0 418.0 8.0 10
986.0 469.0 8.0 10
986.0 542.0 8.0 10
986.0 562.0 8.0 10
986.0 837.0 8.0 10
987.0 604.0 8.0 10
988.0 485.0 8.0 10
988.0 620.0 8.0 10
988.0 747.0 8.0 10
989.0 157.0 8.0 10
989.0 666.0 8.0 10
991.0 132.0 8.0 10
991.0 252.0 8.0 10
991.0 336.0 8.0 10
991.0 501.0 8.0 10
991.0 791.0 8.0 10
991.0 853.0 8.0 10
992.0 82.0 8.0 10
171.0 996.0 4.0 4
178.0 4.0 4.0 4
178.0 60.0 4.0 4
180.0 881.0 4.0 4
189.0 835.0 4.0 4
190.0 981.0 4.0 4
196.0 987.0 4.0 4
197.0 995.0 4.0 4
205.0 993.0 4.0 4
206.0 924.0 4.0 4
207.0 68.0 4.0 4
207.0 932.0 4.0 4
214.0 64.0 4.0 4
214.0 72.0 4.0 4
215.0 931.0 4.0 4
216.0 183.0 4.0 4
216.0 201.0 4.0 4
216.0 311.0 4.0 4
216.0 329.0 4.0 4
216.0 439.0 4.0 4
216.0 457.0 4.0 9
216.0 567.0 4.0 9
216.0 585.0 4.0 9
216.0 695.0 4.0 9
216.0 713.0 4.0 9
220.0 45.0 4.0 9
221.0 20.0 4.0 9
228.0 24.0 4.0 9
232.0 17.0 4.0 9
232.0 806.0 4.0 9
242.0 140.0 4.0 9
242.0 268.0 4.0 9
242.0 396.0 4.0 9
242.0 524.0 4.0 9
242.0 652.0 4.0 9
252.0 4.0 4.0 9
252.0 996.0 4.0 9
254.0 940.0 4.0 9
258.0 130.0 4.0 9
258.0 258.0 4.0 9
258.0 386.0 4.0 9
87.0 2.0 2.0 5
87.0 980.0 2.0 5
88.0 894.0 2.0 5
91.0 982.0 2.0 5
94.0 985.0 2.0 5
94.0 989.0 2.0 5
98.0 988.0 2.0 5
102.0 2.0 2.0 5
107.0 125.0 2.0 5
107.0 129.0 2.0 5
107.0 253.0 2.0 5
107.0 257.0 2.0 5
107.0 381.0 2.0 5
107.0 385.0 2.0 5
107.0 509.0 2.0 5
107.0 513.0 2.0 5
107.0 637.0 2.0 8
107.0 641.0 2.0 8
107.0 765.0 2.0 8
107.0 769.0 2.0 8
108.0 998.0 2.0 8
109.0 113.0 2.0 8
109.0 142.0 2.0 8
109.0 241.0 2.0 8
109.0 270.0 2.0 8
109.0 369.0 2.0 8
109.0 398.0 2.0 8
109.0 497.0 2.0 8
109.0 526.0 2.0 8
109.0 625.0 2.0 8
109.0 654.0 2.0 8
109.0 753.0 2.0 8
109.0 782.0 2.0 8
112.0 997.0 2.0 8
1.0 756.0 1.0 6
1.0 758.0 1.0 6
1.0 760.0 1.0 6
1.0 776.0 1.0 6
1.0 778.0 1.0 6
1.0 780.0 1.0 6
1.0 788.0 1.0 6
1.0 796.0 1.0 6
1.0 809.0 1.0 6
1.0 811.0 1.0 6
1.0 813.0 1.0 6
1.0 815.0 1.0 6
1.0 848.0 1.0 6
1.0 850.0 1.0 6
1.0 852.0 1.0 6
1.0 858.0 1.0 6
1.0 860.0 1.0 6
1.0 884.0 1.0 7
1.0 886.0 1.0 7
1.0 894.0 1.0 7
1.0 907.0 1.0 7
1.0 909.0 1.0 7
1.0 911.0 1.0 7
1.0 935.0 1.0 7
1.0 942.0 1.0 7
1.0 959.0 1.0 7
1.0 961.0 1.0 7
1.0 977.0 1.0 7
1.0 984.0 1.0 7
1.0 986.0 1.0 7
1.0 998.0 1.0 7
3.0 41.0 1.0 7
3.0 90.0 1.0 7
3.0 117.0 1.0 7
3.0 139.0 1.0 7
992.0 941.0 8.0 3
992.0 991.0 8.0 3
258.0 514.0 4.0 4
258.0 642.0 4.0 4
258.0 770.0 4.0 4
265.0 774.0 4.0 4
266.0 805.0 4.0 4
266.0 966.0 4.0 4
273.0 801.0 4.0 4
286.0 930.0 4.0 4
291.0 817.0 4.0 4
292.0 936.0 4.0 4
293.0 925.0 4.0 4
295.0 953.0 4.0 4
295.0 978.0 4.0 4
300.0 771.0 4.0 4
302.0 971.0 4.0 9
303.0 979.0 4.0 9
317.0 884.0 4.0 9
318.0 4.0 4.0 9
325.0 996.0 4.0 9
327.0 119.0 4.0 9
327.0 137.0 4.0 9
327.0 247.0 4.0 9
327.0 265.0 4.0 9
327.0 375.0 4.0 9
327.0 393.0 4.0 9
327.0 503.0 4.0 9
327.0 521.0 4.0 9
115.0 874.0 2.0 5
116.0 998.0 2.0 5
118.0 25.0 2.0 5
120.0 29.0 2.0 5
121.0 19.0 2.0 5
122.0 23.0 2.0 5
122.0 864.0 2.0 5
124.0 860.0 2.0 5
126.0 9.0 2.0 5
126.0 864.0 2.0 5
127.0 868.0 2.0 8
128.0 175.0 2.0 8
128.0 303.0 2.0 8
128.0 431.0 2.0 8
128.0 559.0 2.0 8
128.0 687.0 2.0 8
128.0 815.0 2.0 8
129.0 179.0 2.0 8
129.0 307.0 2.0 8
3.0 169.0 1.0 6
3.0 218.0 1.0 6
3.0 245.0 1.0 6
3.0 267.0 1.0 6
3.0 297.0 1.0 6
3.0 346.0 1.0 6
3.0 373.0 1.0 6
3.0 395.0 1.0 7
3.0 425.0 1.0 7
3.0 474.0 1.0 7
3.0 501.0 1.0 7
3.0 523.0 1.0 7
3.0 553.0 1.0 7
3.0 602.0 1.0 7
327.0 631.0 4.0 4
327.0 649.0 4.0 4
333.0 874.0 4.0 4
337.0 19.0 4.0 4
343.0 13.0 4.0 4
343.0 742.0 4.0 4
344.0 4.0 4.0 4
352.0 4.0 4.0 9
353.0 76.0 4.0 9
353.0 204.0 4.0 9
353.0 332.0 4.0 9
353.0 460.0 4.0 9
353.0 588.0 4.0 9
354.0 60.0 4.0 9
129.0 435.0 2.0 5
129.0 563.0 2.0 5
129.0 691.0 2.0 5
129.0 819.0 2.0 5
130.0 197.0 2.0 8
130.0 325.0 2.0 8
130.0 453.0 2.0 8
130.0 581.0 2.0 8
3.0 629.0 1.0 6
3.0 651.0 1.0 6
3.0 681.0 1.0 6
3.0 730.0 1.0 6
3.0 757.0 1.0 7
3.0 779.0 1.0 7
3.0 809.0 1.0 7
354.0 68.0 4.0 4
362.0 65.0 4.0 4
369.0 194.0 4.0 4
369.0 322.0 4.0 4
369.0 450.0 4.0 4
369.0 578.0 4.0 9
369.0 706.0 4.0 9
376.0 710.0 4.0 9
130.0 709.0 2.0 5
130.0 837.0 2.0 5
131.0 869.0 2.0 5
133.0 179.0 2.0 8
133.0 307.0 2.0 8
3.0 858.0 1.0 6
3.0 907.0 1.0 6
3.0 984.0 1.0 7
5.0 33.0 1.0 7
377.0 741.0 4.0 4
384.0 737.0 4.0 4
393.0 996.0 4.0 9
400.0 4.0 4.0 9
133.0 435.0 2.0 5
133.0 563.0 2.0 5
133.0 691.0 2.0 8
133.0 819.0 2.0 8
5.0 35.0 1.0 6
5.0 869.0 1.0 6
5.0 903.0 1.0 7
5.0 955.0 1.0 7
400.0 60.0 4.0 4
402.0 753.0 4.0 4
402.0 863.0 4.0 9
402.0 881.0 4.0 9
135.0 199.0 2.0 5
135.0 327.0 2.0 8
5.0 982.0 1.0 6
7.0 24.0 1.0 7
