100.0 100.0 100.0 0
100.0 300.0 100.0 0
100.0 500.0 100.0 0
100.0 700.0 100.0 0
100.0 900.0 100.0 0
274.0 199.0 100.0 0
274.0 399.0 100.0 0
274.0 599.0 100.0 0
274.0 799.0 100.0 0
447.0 900.0 100.0 0
448.0 100.0 100.0 0
448.0 300.0 100.0 0
448.0 500.0 100.0 0
448.0 700.0 100.0 0
621.0 801.0 100.0 0
622.0 199.0 100.0 0
622.0 399.0 100.0 0
622.0 599.0 100.0 0
795.0 700.0 100.0 0
795.0 900.0 100.0 0
796.0 100.0 100.0 0
796.0 300.0 100.0 0
242.0 50.0 50.0 1
242.0 949.0 50.0 1
589.0 949.0 50.0 1
590.0 50.0 50.0 1
734.0 499.0 50.0 1
820.0 551.0 50.0 1
821.0 448.0 50.0 1
907.0 500.0 50.0 1
907.0 800.0 50.0 1
908.0 200.0 50.0 1
908.0 600.0 50.0 1
909.0 399.0 50.0 1
937.0 949.0 50.0 1
938.0 50.0 50.0 1
945.0 693.0 50.0 1
946.0 293.0 50.0 1
25.0 200.0 25.0 2
25.0 400.0 25.0 2
25.0 600.0 25.0 2
25.0 800.0 25.0 2
311.0 919.0 25.0 2
312.0 77.0 25.0 2
313.0 25.0 25.0 2
313.0 974.0 25.0 2
659.0 921.0 25.0 2
660.0 77.0 25.0 2
660.0 974.0 25.0 2
661.0 25.0 25.0 2
745.0 422.0 25.0 2
745.0 574.0 25.0 2
918.0 875.0 25.0 2
919.0 123.0 25.0 2
962.0 851.0 25.0 2
963.0 147.0 25.0 2
964.0 450.0 25.0 2
964.0 549.0 25.0 2
973.0 763.0 25.0 2
975.0 363.0 25.0 2
10.0 10.0 10.0 3
10.0 30.0 10.0 3
10.0 164.0 10.0 3
10.0 232.0 10.0 3
10.0 364.0 10.0 3
10.0 432.0 10.0 3
10.0 564.0 10.0 3
10.0 632.0 10.0 3
10.0 764.0 10.0 3
10.0 832.0 10.0 3
10.0 964.0 10.0 3
10.0 984.0 10.0 3
30.0 10.0 10.0 3
30.0 985.0 10.0 3
146.0 200.0 10.0 3
146.0 400.0 10.0 3
146.0 600.0 10.0 3
146.0 800.0 10.0 3
164.0 10.0 10.0 3
164.0 190.0 10.0 3
164.0 210.0 10.0 3
164.0 390.0 10.0 3
5.0 45.0 5.0 4
5.0 55.0 5.0 4
5.0 145.0 5.0 4
5.0 247.0 5.0 4
5.0 345.0 5.0 4
5.0 447.0 5.0 4
5.0 545.0 5.0 4
5.0 647.0 5.0 4
5.0 745.0 5.0 4
5.0 847.0 5.0 4
5.0 945.0 5.0 4
24.0 24.0 5.0 4
42.0 994.0 5.0 4
45.0 5.0 5.0 4
52.0 994.0 5.0 4
55.0 5.0 5.0 4
55.0 195.0 5.0 4
55.0 205.0 5.0 4
55.0 395.0 5.0 4
55.0 405.0 5.0 4
55.0 595.0 5.0 4
164.0 410.0 10.0 3
55.0 605.0 5.0 4
