100.0 100.0 100.0 99
100.0 300.00000000000114 100.0 99
99.0 499.0000000000463 99.0 98
99.0 697.0000000000913 99.0 98
127.69999999999831 891.9000000001356 98.0 97
269.39999999999407 597.9000000000688 98.0 97
268.9999999999939 401.300000000024 97.0 96
269.7999999999941 199.89999999999415 97.0 96
293.09999999999934 790.5000000001124 96.0 95
432.50000000003104 96.0 96.0 95
433.0000000000311 301.1000000000011 95.0 94
434.8000000000315 498.2000000000459 95.0 94
451.2000000000352 895.9000000001363 94.0 93
452.2000000000354 686.4000000000887 94.0 93
591.0000000000668 198.99999999999397 93.0 92
594.0000000000675 398.20000000002307 93.0 92
605.5000000000701 791.8000000001125 92.0 91
606.7000000000704 582.800000000065 92.0 91
740.0000000001006 91.0 91.0 90
747.3000000001023 296.09999999999974 91.0 90
752.0000000001033 899.800000000137 90.0 89
755.2000000001041 688.1000000000888 90.0 89
756.3000000001042 480.6000000000416 89.0 88
891.500000000135 188.19999999999436 89.0 88
896.7000000001361 796.1000000001133 88.0 87
899.9000000001369 584.100000000065 88.0 87
902.8000000001374 382.8000000000192 87.0 86
931.2000000001427 934.9000000001436 55.0 54
575.2000000000618 53.0 53.0 52
592.4000000000657 936.800000000144 53.0 52
244.29999999998992 52.0 52.0 51
270.49999999999255 937.9000000001442 52.0 51
919.40000000014 51.0 51.0 50
956.7000000001489 691.0000000000884 33.0 32
30.0 806.0000000001146 30.0 29
323.30000000000484 30.0 30.0 29
960.1000000001496 483.70000000004137 29.0 28
346.90000000001027 961.70000000015 28.0 27
841.0000000001226 28.0 28.0 27
850.6000000001247 962.8000000001502 27.0 26
958.3000000001492 283.09999999999576 27.0 26
26.0 962.9000000001503 26.0 25
25.0 199.99999999999284 25.0 24
24.0 398.00000000002194 24.0 23
24.0 596.5000000000671 24.0 23
310.7000000000021 86.89999999999928 23.0 22
645.1000000000781 23.0 23.0 22
334.70000000000755 901.0000000001363 22.0 21
660.7000000000817 967.8000000001515 22.0 21
718.5000000000948 792.9000000001117 21.0 20
787.2000000001104 794.4000000001121 21.0 20
718.7000000000949 583.000000000064 20.0 19
790.8000000001113 584.0000000000642 20.0 19
176.89999999999424 785.7000000001101 19.0 18
216.79999999999197 703.9000000000915 19.0 18
18.0 852.5000000001253 18.0 17
407.10000000002407 789.0000000001108 18.0 17
17.0 17.0 17.0 16
182.49999999999395 17.0 17.0 16
16.0 914.7000000001395 16.0 15
206.89999999999256 973.900000000153 16.0 15
155.59999999999548 598.0000000000675 15.0 14
156.29999999999544 400.3000000000226 15.0 14
14.0 884.3000000001326 14.0 13
154.79999999999552 199.99999999999295 14.0 13
210.99999999999233 494.80000000004407 13.0 12
212.89999999999222 294.09999999999843 13.0 12
12.0 766.0000000001057 12.0 11
211.79999999999228 107.19999999999821 12.0 11
11.0 166.39999999999483 11.0 10
11.0 233.19999999999104 11.0 10
10.0 363.3000000000141 10.0 9
10.0 429.00000000002905 10.0 9
9.0 558.7000000000585 9.0 8
9.0 625.9000000000738 9.0 8
8.0 40.40000000000032 8.0 7
40.40000000000032 8.0 8.0 7
7.0 445.80000000003287 7.0 6
7.0 641.8000000000774 7.0 6
6.0 148.99999999999582 6.0 5
6.0 249.4999999999901 6.0 5
5.0 53.100000000000485 5.0 4
5.0 344.8000000000099 5.0 4
4.0 179.69999999999408 4.0 3
4.0 259.29999999999046 4.0 3
3.0 60.900000000000595 3.0 2
3.0 134.69999999999663 3.0 2
2.0 2.0 2.0 1
2.0 28.700000000000138 2.0 1
1.0 4.8999999999999995 1.0 0
1.0 6.899999999999992 1.0 0
852.5000000001253 80.29999999999967 22.0 21
867.2000000001286 689.2000000000882 22.0 21
966.8000000001513 106.59999999999818 22.0 21
863.0000000001277 899.800000000136 21.0 20
494.2000000000439 791.4000000001114 19.0 18
565.20000000006 685.8000000000874 19.0 18
643.6000000000778 687.5000000000878 19.0 18
703.0000000000913 194.59999999999323 19.0 18
783.4000000001096 192.09999999999337 19.0 18
864.300000000128 481.600000000041 19.0 18
969.800000000152 872.9000000001299 18.0 17
340.9000000000091 688.000000000088 17.0 16
383.8000000000188 197.99999999999307 17.0 16
384.40000000001896 598.3000000000676 17.0 16
479.1000000000405 198.999999999993 17.0 16
513.3000000000483 17.0 17.0 16
531.2000000000523 972.9000000001528 17.0 16
545.0000000000555 298.99999999999955 17.0 16
320.7000000000045 300.79999999999995 16.0 15
382.0000000000184 399.70000000002244 16.0 15
485.00000000004184 399.2000000000223 16.0 15
628.7000000000745 96.59999999999883 16.0 15
636.9000000000764 297.8999999999993 16.0 15
645.2000000000783 892.3000000001344 16.0 15
853.9000000001257 286.29999999999666 16.0 15
905.1000000001374 692.0000000000889 16.0 15
324.00000000000523 498.900000000045 15.0 14
498.70000000004495 587.8000000000652 15.0 14
544.8000000000554 494.400000000044 15.0 14
701.9000000000912 391.90000000002067 15.0 14
974.8000000001532 15.0 15.0 14
653.1000000000801 487.4000000000424 14.0 13
752.7000000001027 583.6000000000643 14.0 13
799.7000000001134 387.1000000000196 14.0 13
914.7000000001395 483.1000000000414 14.0 13
640.9000000000773 59.3000000000006 13.0 12
752.3000000001026 796.6000000001127 13.0 12
975.1000000001533 246.6999999999903 13.0 12
975.6000000001534 733.0000000000982 13.0 12
976.8000000001537 649.6000000000793 13.0 12
237.39999999999083 883.1000000001324 12.0 11
361.3000000000137 12.0 12.0 11
383.50000000001876 977.9000000001539 12.0 11
596.2000000000671 686.3000000000876 12.0 11
734.0000000000985 193.8999999999933 12.0 11
977.1000000001537 317.3000000000037 12.0 11
977.4000000001538 520.90000000005 12.0 11
59.400000000000595 978.900000000154 11.0 10
190.09999999999349 758.700000000104 11.0 10
203.09999999999275 732.600000000098 11.0 10
436.00000000003064 791.5000000001114 11.0 10
459.2000000000359 791.2000000001113 11.0 10
538.7000000000539 109.09999999999809 11.0 10
555.3000000000577 881.800000000132 11.0 10
652.4000000000798 917.30000000014 10.0 9
675.500000000085 10.0 10.0 9
690.4000000000884 979.8000000001542 10.0 9
800.4000000001134 10.0 10.0 9
811.900000000116 979.9000000001543 10.0 9
879.9000000001315 286.59999999999667 10.0 9
883.5000000001323 979.8000000001542 10.0 9
68.70000000000039 800.7000000001135 9.0 8
233.699999999991 301.3 9.0 8
287.5999999999969 9.0 9.0 8
313.80000000000285 980.9000000001545 9.0 8
409.8000000000247 198.599999999993 9.0 8
452.9000000000345 198.99999999999298 9.0 8
654.4000000000802 936.2000000001443 9.0 8
55.90000000000054 400.6000000000226 8.0 7
56.00000000000054 597.0000000000672 8.0 7
58.00000000000057 199.49999999999295 8.0 7
156.5999999999954 8.0 8.0 7
183.69999999999385 981.9000000001547 8.0 7
206.79999999999254 316.1000000000034 8.0 7
229.59999999999124 981.8000000001547 8.0 7
7.0 935.9000000001442 7.0 6
150.9999999999957 789.4000000001109 7.0 6
190.59999999999346 807.8000000001151 7.0 6
203.59999999999272 679.800000000086 7.0 6
203.6999999999927 515.6000000000487 7.0 6
204.39999999999267 7.0 7.0 6
6.0 745.800000000101 6.0 5
30.600000000000172 931.2000000001432 6.0 5
75.69999999999997 983.8000000001551 6.0 5
133.99999999999667 598.0000000000674 6.0 5
134.59999999999664 400.2000000000225 6.0 5
165.69999999999487 183.19999999999388 6.0 5
5.0 543.500000000055 5.0 4
5.0 572.2000000000616 5.0 4
5.0 781.5000000001091 5.0 4
5.0 830.5000000001203 5.0 4
19.700000000000014 567.8000000000605 5.0 4
23.00000000000006 625.5000000000737 5.0 4
4.0 376.000000000017 4.0 3
4.0 456.4000000000353 4.0 3
4.0 652.4000000000798 4.0 3
4.0 983.300000000155 4.0 3
22.300000000000047 370.00000000001563 4.0 3
3.0 217.39999999999193 3.0 2
3.0 334.7000000000076 3.0 2
3.0 415.00000000002586 3.0 2
3.0 463.40000000003687 3.0 2
3.0 533.5000000000528 3.0 2
2.0 65.80000000000054 2.0 1
2.0 69.80000000000031 2.0 1
2.0 128.299999999997 2.0 1
2.0 139.59999999999636 2.0 1
2.0 155.99999999999542 2.0 1
1.0 25.300000000000093 1.0 0
1.0 31.600000000000183 1.0 0
1.0 33.60000000000021 1.0 0
1.0 46.100000000000385 1.0 0
977.9000000001539 74.40000000000008 12.0 11
914.6000000001394 285.4999999999964 11.0 10
976.7000000001535 447.2000000000332 11.0 10
977.9000000001538 137.69999999999646 11.0 10
978.2000000001539 979.8000000001542 10.0 9
979.4000000001541 39.600000000000314 10.0 9
754.700000000103 189.9999999999935 9.0 8
847.3000000001241 926.7000000001422 9.0 8
865.1000000001281 929.8000000001429 9.0 8
872.8000000001299 9.0 9.0 8
328.2000000000061 112.4999999999979 8.0 7
351.3000000000114 665.2000000000827 8.0 7
351.5000000000114 925.900000000142 8.0 7
230.1999999999912 500.4000000000453 7.0 6
242.4999999999905 699.4000000000905 7.0 6
295.39999999999867 300.6999999999999 7.0 6
165.69999999999487 216.79999999999197 6.0 5
166.09999999999485 579.8000000000633 6.0 5
37.50000000000026 840.2000000001225 5.0 4
53.100000000000485 5.0 5.0 4
23.700000000000067 426.00000000002836 4.0 3
26.80000000000011 772.100000000107 4.0 3
3.0 613.5000000000709 3.0 2
2.0 185.39999999999375 2.0 1
1.0 48.10000000000041 1.0 0
1.0 72.70000000000014 1.0 0
891.7000000001342 487.4000000000423 9.0 8
979.000000000154 847.5000000001241 9.0 8
372.5000000000162 622.600000000073 8.0 7
488.00000000004246 8.0 8.0 7
328.9000000000063 929.5000000001428 7.0 6
332.30000000000706 65.90000000000053 7.0 6
166.09999999999485 616.2000000000716 6.0 5
166.69999999999482 418.6000000000267 6.0 5
132.09999999999678 199.99999999999292 5.0 4
27.600000000000122 872.3000000001298 4.0 3
3.0 659.4000000000814 3.0 2
2.0 222.29999999999166 2.0 1
1.0 74.70000000000003 1.0 0
506.1000000000466 981.9000000001547 8.0 7
350.1000000000111 876.3000000001307 7.0 6
3.0 731.5000000000978 3.0 2
