100.0 100.0 100.0 99
100.0 300.00000000000114 100.0 99
100.0 500.0000000000466 100.0 99
100.0 700.0000000000921 100.0 99
106.39999999999964 899.9000000001375 100.0 99
273.29999999999507 199.89999999999432 100.0 99
273.29999999999507 399.90000000002385 100.0 99
272.09999999999474 600.0000000000692 99.0 98
277.39999999999594 798.0000000001143 99.0 98
444.20000000003387 501.900000000047 99.0 98
444.900000000034 99.0 99.0 98
445.40000000003414 299.90000000000106 99.0 98
446.6000000000344 900.9000000001377 99.0 98
449.40000000003505 699.900000000092 99.0 98
614.0000000000724 401.80000000002417 98.0 97
614.7000000000726 198.89999999999426 98.0 97
617.5000000000732 802.7000000001153 98.0 97
617.9000000000733 597.8000000000687 98.0 97
782.1000000001106 300.9000000000012 98.0 97
782.8000000001108 98.0 98.0 97
784.9000000001113 700.5000000000921 98.0 97
784.6000000001111 496.3000000000456 97.0 96
784.8000000001111 902.900000000138 97.0 96
923.9000000001416 199.89999999999296 76.0 75
923.9000000001415 597.2000000000672 75.0 74
924.6000000001417 802.6000000001139 75.0 74
924.4000000001416 397.60000000002185 74.0 73
937.500000000144 61.0 61.0 60
938.7000000001443 938.7000000001443 61.0 60
250.69999999998956 947.7000000001465 52.0 51
242.89999999999003 51.0 51.0 50
587.1000000000645 51.0 51.0 50
587.4000000000646 949.7000000001469 50.0 49
963.8000000001504 699.8000000000903 35.0 34
326.20000000000545 34.0 34.0 33
669.9000000000835 965.9000000001508 34.0 33
964.2000000001506 497.00000000004434 33.0 32
332.3000000000069 967.7000000001514 32.0 31
667.9000000000832 32.0 32.0 31
965.2000000001508 299.6999999999995 32.0 31
26.0 802.0000000001137 26.0 25
25.0 199.99999999999284 25.0 24
25.0 400.0000000000224 25.0 24
25.0 600.0000000000679 25.0 24
905.1000000001372 299.1999999999995 25.0 24
322.1000000000047 912.600000000139 24.0 23
905.6000000001374 493.8000000000437 24.0 23
659.0000000000813 86.29999999999932 23.0 22
905.7000000001374 693.5000000000891 23.0 22
321.30000000000456 88.7999999999992 21.0 20
660.0000000000815 912.800000000139 20.0 19
19.0 980.7000000001544 19.0 18
869.2000000001291 19.0 19.0 18
870.7000000001294 980.9000000001545 19.0 18
17.0 17.0 17.0 16
182.49999999999395 17.0 17.0 16
188.89999999999358 982.900000000155 17.0 16
527.0000000000514 17.0 17.0 16
528.7000000000518 982.900000000155 17.0 16
980.5000000001545 126.09999999999714 17.0 16
162.0999999999951 798.000000000113 16.0 15
215.99999999999204 700.4000000000908 16.0 15
333.30000000000734 697.4000000000901 16.0 15
387.1000000000196 601.8000000000684 16.0 15
389.3000000000201 400.3000000000226 16.0 15
499.9000000000452 401.2000000000228 16.0 15
156.7999999999954 199.99999999999295 15.0 14
156.7999999999954 400.0000000000225 15.0 14
156.7999999999954 600.000000000068 15.0 14
214.9999999999921 299.09999999999957 15.0 14
214.9999999999921 499.10000000004504 15.0 14
328.50000000000625 500.80000000004543 15.0 14
330.1000000000066 299.89999999999975 15.0 14
369.90000000001567 14.0 14.0 13
387.3000000000196 196.29999999999316 14.0 13
390.3000000000203 802.8000000001141 14.0 13
497.00000000004457 199.299999999993 14.0 13
499.7000000000452 801.1000000001137 14.0 13
501.30000000004554 599.5000000000679 14.0 13
557.2000000000583 498.4000000000449 14.0 13
373.00000000001637 986.900000000156 13.0 12
557.3000000000583 293.9999999999984 13.0 12
561.2000000000592 706.6000000000922 13.0 12
659.5000000000815 300.4999999999999 13.0 12
660.5000000000817 700.3000000000908 13.0 12
668.1000000000835 498.800000000045 13.0 12
708.7000000000927 13.0 13.0 12
12.0 837.400000000122 12.0 11
211.89999999999227 105.89999999999829 12.0 11
218.19999999999192 891.9000000001344 12.0 11
555.7000000000579 105.6999999999983 12.0 11
557.5000000000583 894.900000000135 12.0 11
710.3000000000931 987.9000000001562 12.0 11
723.8000000000961 394.2000000000212 12.0 11
11.0 166.39999999999483 11.0 10
11.0 233.19999999999104 11.0 10
11.0 366.4000000000148 11.0 10
11.0 433.20000000003 11.0 10
11.0 566.4000000000602 11.0 10
11.0 633.2000000000754 11.0 10
11.0 766.4000000001057 11.0 10
10.0 952.9000000001481 10.0 9
288.099999999997 10.0 10.0 9
288.9999999999972 90.99999999999912 10.0 9
296.19999999999885 989.9000000001565 10.0 9
583.3000000000641 700.2000000000907 10.0 9
632.0000000000751 989.9000000001565 10.0 9
722.1000000000956 187.39999999999364 10.0 9
45.100000000000385 990.9000000001568 9.0 8
578.2000000000629 300.8999999999999 9.0 8
630.0000000000747 9.0 9.0 8
630.2000000000747 909.0000000001381 9.0 8
677.7000000000855 714.1000000000938 9.0 8
677.8000000000856 686.5000000000875 9.0 8
678.7000000000858 890.5000000001339 9.0 8
8.0 40.40000000000032 8.0 7
40.40000000000032 8.0 8.0 7
58.00000000000057 199.49999999999295 8.0 7
58.00000000000057 399.50000000002234 8.0 7
58.00000000000057 599.5000000000678 8.0 7
60.0000000000006 800.4000000001134 8.0 7
156.5999999999954 8.0 8.0 7
7.0 855.800000000126 7.0 6
159.39999999999523 992.9000000001572 7.0 6
204.39999999999267 7.0 7.0 6
210.7999999999923 992.8000000001572 7.0 6
289.59999999999735 903.3000000001368 7.0 6
295.5999999999987 75.3 7.0 6
335.6000000000078 112.89999999999786 7.0 6
6.0 148.99999999999582 6.0 5
6.0 249.4999999999901 6.0 5
6.0 349.00000000001086 6.0 5
6.0 449.5000000000337 6.0 5
6.0 549.0000000000563 6.0 5
6.0 649.5000000000791 6.0 5
6.0 749.0000000001017 6.0 5
5.0 53.100000000000485 5.0 4
5.0 867.7000000001287 5.0 4
5.0 927.2000000001423 5.0 4
5.0 937.2000000001445 5.0 4
53.100000000000485 5.0 5.0 4
58.60000000000056 994.7000000001576 5.0 4
132.09999999999678 199.99999999999292 5.0 4
4.0 179.69999999999408 4.0 3
4.0 259.29999999999046 4.0 3
4.0 379.70000000001784 4.0 3
4.0 459.30000000003594 4.0 3
4.0 579.7000000000633 4.0 3
4.0 659.3000000000814 4.0 3
3.0 60.900000000000595 3.0 2
3.0 134.69999999999663 3.0 2
3.0 217.39999999999193 3.0 2
3.0 334.7000000000076 3.0 2
3.0 417.4000000000264 3.0 2
3.0 534.700000000053 3.0 2
2.0 2.0 2.0 1
2.0 28.700000000000138 2.0 1
2.0 65.80000000000054 2.0 1
2.0 69.80000000000031 2.0 1
2.0 128.299999999997 2.0 1
2.0 139.59999999999636 2.0 1
1.0 4.8999999999999995 1.0 0
1.0 6.899999999999992 1.0 0
1.0 25.300000000000093 1.0 0
1.0 31.600000000000183 1.0 0
1.0 33.60000000000021 1.0 0
1.0 46.100000000000385 1.0 0
982.500000000155 874.1000000001303 17.0 16
731.5000000000979 801.3000000001138 16.0 15
731.900000000098 596.3000000000671 16.0 15
832.1000000001208 597.8000000000675 15.0 14
832.3000000001208 199.59999999999297 15.0 14
834.1000000001212 802.300000000114 15.0 14
835.0000000001214 398.50000000002217 13.0 12
891.0000000001342 117.8999999999976 12.0 11
985.9000000001557 658.3000000000812 12.0 11
986.1000000001558 457.6000000000356 12.0 11
986.2000000001558 536.3000000000535 12.0 11
986.3000000001558 741.1000000001001 12.0 11
986.6000000001559 338.20000000000846 12.0 11
986.900000000156 261.399999999991 12.0 11
723.3000000000959 208.39999999999245 11.0 10
890.700000000134 881.7000000001319 11.0 10
741.5000000001 197.79999999999305 10.0 9
890.2000000001339 724.5000000000962 10.0 9
986.9000000001558 10.0 10.0 9
987.9000000001561 989.9000000001565 10.0 9
842.2000000001229 9.0 9.0 8
843.9000000001233 990.9000000001568 9.0 8
339.20000000000863 885.4000000001328 8.0 7
501.20000000004546 8.0 8.0 7
502.90000000004585 991.900000000157 8.0 7
551.2000000000568 315.90000000000333 8.0 7
344.7000000000099 677.3000000000854 7.0 6
375.40000000001686 623.8000000000733 7.0 6
378.90000000001766 217.19999999999195 7.0 6
382.2000000000184 781.9000000001092 7.0 6
135.1999999999966 400.00000000002245 6.0 5
135.1999999999966 600.0000000000679 6.0 5
138.39999999999642 798.8000000001131 6.0 5
165.59999999999488 181.99999999999395 5.0 4
165.59999999999488 217.9999999999919 5.0 4
165.59999999999488 382.00000000001836 5.0 4
4.0 779.7000000001087 4.0 3
4.0 822.4000000001184 4.0 3
4.0 876.7000000001308 4.0 3
3.0 617.4000000000718 3.0 2
3.0 734.7000000000985 3.0 2
3.0 883.7000000001324 3.0 2
2.0 155.99999999999542 2.0 1
2.0 185.39999999999375 2.0 1
1.0 48.10000000000041 1.0 0
1.0 72.70000000000014 1.0 0
555.1000000000577 683.2000000000868 8.0 7
389.7000000000201 7.0 7.0 6
167.49999999999477 418.10000000002657 6.0 5
4.0 918.1000000001402 4.0 3
2.0 222.29999999999166 2.0 1
1.0 74.70000000000003 1.0 0
627.9000000000742 93.69999999999897 8.0 7
392.10000000002066 992.9000000001572 7.0 6
167.49999999999477 581.8000000000637 6.0 5
165.59999999999488 618.000000000072 5.0 4
3.0 889.7000000001337 3.0 2
674.8000000000849 314.9000000000031 8.0 7
