50.0 50.0 50.0 0
48.0 147.9800000000114 48.0 1
46.0 241.95999999992551 46.0 2
124.85000000002715 198.5599999999646 44.0 3
125.62000000002715 102.40000000001527 42.0 4
178.81999999998175 40.0 40.0 5
176.80999999998318 261.9999999999057 38.0 6
187.91999999997267 149.34000000000776 36.0 7
225.13999999993842 208.62999999995344 34.0 8
226.88999999993644 93.61000000000878 32.0 9
244.33999999992088 269.9899999998976 30.0 10
245.7599999999199 28.0 28.0 11
110.48000000001835 273.99999999989456 26.0 12
247.6399999999188 155.13000000000295 24.0 13
116.34000000002197 22.0 22.0 14
272.1899999998971 68.06999999999759 20.0 15
269.7299999998997 119.40000000002416 18.0 16
269.5899999999001 231.52999999993472 16.0 17
268.0799999999014 187.169999999975 14.0 18
12.0 98.99000000001395 12.0 19
10.0 191.7999999999707 10.0 20
8.0 8.0 8.0 21
6.0 207.29999999995653 6.0 22
4.0 19.320000000000263 4.0 23
2.0 24.980000000001105 2.0 24
325.3299999998505 158.55000000000217 50.0 0
339.8199999998373 50.0 50.0 0
354.84999999982324 251.99999999991678 48.0 1
413.1399999997702 115.03000000002292 48.0 1
436.8299999997483 205.99999999995822 46.0 2
476.9499999997118 46.0 46.0 2
500.86999999968964 142.74000000001536 44.0 3
511.6699999996798 255.98999999991236 44.0 3
556.1599999996386 79.50000000000315 40.0 5
562.2799999996322 194.01999999996713 36.0 7
409.10999999977196 24.0 24.0 13
422.73999999975956 275.97999999989304 24.0 13
573.8999999996224 277.97999999989156 22.0 14
576.9699999996196 137.91000000001893 22.0 14
537.6199999996558 20.0 20.0 15
577.4799999996195 23.350000000000524 20.0 15
290.8199999998805 281.97999999988855 18.0 16
299.08999999987327 219.109999999946 16.0 17
583.9099999996142 241.30999999992582 16.0 17
285.3599999998857 14.0 14.0 18
291.56999999988005 96.01000000001247 14.0 18
178.60999999998276 92.00000000001037 12.0 19
179.20999999998222 212.01999999995238 12.0 19
10.0 284.8599999998861 10.0 20
74.78000000000152 289.9999999998814 10.0 20
103.93000000001639 150.780000000008 8.0 21
107.72000000001833 55.699999999997615 8.0 21
23.140000000000903 293.9899999998777 6.0 22
35.09000000000167 292.80999999987876 6.0 22
4.0 78.29000000000319 4.0 23
4.0 112.85000000002087 4.0 23
2.0 28.98000000000173 2.0 24
2.0 69.9999999999989 2.0 24
459.3999999997274 285.98999999988513 14.0 18
288.6299999998827 252.05999999991596 12.0 19
375.1099999998041 195.5099999999674 12.0 19
383.0399999997968 174.96999999998602 10.0 20
399.1899999997821 58.679999999997065 10.0 20
123.0900000000262 51.2399999999985 8.0 21
139.3300000000184 291.99999999987955 8.0 21
47.039999999999296 293.9499999998777 6.0 22
58.93999999999693 292.3299999998792 6.0 22
4.0 175.69999999998524 4.0 23
2.0 83.95000000000604 2.0 24
494.32999999969564 198.3599999999648 12.0 19
419.079999999764 56.5099999999975 10.0 20
452.6199999997335 259.72999999990896 10.0 20
142.26000000001574 149.5500000000091 8.0 21
142.88000000001517 8.0 8.0 21
71.46999999999974 196.61999999996624 6.0 22
4.0 269.08999999990033 4.0 23
515.9999999996759 202.1599999999613 10.0 20
176.41999999998467 191.81999999997066 8.0 21
73.96000000000102 100.62000000001466 6.0 22
19.320000000000263 4.0 4.0 23
2.0 87.95000000000809 2.0 24
211.6899999999526 291.98999999987956 8.0 21
