100.0 100.0 100.0 49
100.0 300.00000000000114 100.0 49
98.0 498.00000000004604 98.0 48
98.0 694.0000000000906 98.0 48
96.0 888.0000000001346 96.0 47
263.8999999999927 794.6000000001134 96.0 47
263.19999999999243 595.9000000000681 94.0 46
264.69999999999277 402.6000000000241 94.0 46
263.9999999999925 199.89999999999387 92.0 45
413.1000000000264 92.0 92.0 45
409.90000000002556 909.9000000001392 90.0 44
416.8000000000271 298.8000000000003 90.0 44
417.3000000000271 692.8000000000898 88.0 43
418.20000000002733 500.400000000046 88.0 43
550.8000000000574 804.400000000115 86.0 42
558.7000000000592 194.39999999999384 86.0 42
558.2000000000589 400.30000000002303 84.0 41
560.4000000000594 597.2000000000678 84.0 41
674.7000000000853 917.9000000001406 82.0 40
683.6000000000873 82.0 82.0 40
683.9000000000873 705.2000000000921 80.0 39
687.5000000000881 299.1999999999998 80.0 39
688.0000000000881 497.30000000004475 78.0 38
797.400000000113 815.200000000117 78.0 38
799.0000000001132 189.99999999999352 76.0 37
801.0000000001137 602.0000000000684 76.0 37
804.4000000001143 399.5000000000223 74.0 36
894.1000000001347 74.0 74.0 36
896.4000000001352 927.9000000001423 72.0 35
903.4000000001367 708.9000000000925 72.0 35
902.0000000001363 293.49999999999795 70.0 34
906.6000000001374 501.00000000004513 70.0 34
234.39999999999046 945.9000000001461 54.0 26
246.99999999998974 54.0 54.0 26
551.5000000000564 52.0 52.0 25
544.1000000000547 949.800000000147 50.0 24
946.5000000001463 184.1999999999934 48.0 23
949.0000000001469 819.9000000001175 48.0 23
951.5000000001475 396.20000000002125 44.0 21
954.2000000001481 604.6000000000686 44.0 21
786.40000000011 961.8000000001499 38.0 18
789.3000000001107 34.0 34.0 16
672.7000000000843 191.49999999999326 28.0 13
791.9000000001114 705.7000000000918 28.0 13
309.40000000000174 973.8000000001527 26.0 12
662.700000000082 809.2000000001153 26.0 12
24.0 197.99999999999295 24.0 11
24.0 398.00000000002194 24.0 11
22.0 590.9000000000658 22.0 10
22.0 786.9000000001104 22.0 10
20.0 975.7000000001533 20.0 9
166.79999999999478 979.9000000001543 20.0 9
217.9999999999919 299.8999999999997 18.0 8
293.49999999999824 904.7000000001372 18.0 8
16.0 16.0 16.0 7
179.9999999999941 16.0 16.0 7
150.99999999999574 792.7000000001118 14.0 6
152.29999999999566 596.0000000000671 14.0 6
12.0 623.4000000000733 12.0 5
12.0 819.4000000001179 12.0 5
10.0 163.299999999995 10.0 4
10.0 228.99999999999127 10.0 4
8.0 38.700000000000294 8.0 3
8.0 356.6000000000126 8.0 3
6.0 244.4999999999904 6.0 2
6.0 370.50000000001575 6.0 2
4.0 50.10000000000044 4.0 1
4.0 58.100000000000556 4.0 1
2.0 2.0 2.0 0
2.0 27.40000000000012 2.0 0
795.4000000001122 293.99999999999824 28.0 13
670.4000000000838 599.8000000000677 26.0 12
792.0000000001114 498.8000000000448 26.0 12
319.000000000004 24.0 24.0 11
381.70000000001824 801.5000000001137 22.0 10
436.6000000000307 801.1000000001136 22.0 10
527.2000000000513 697.9000000000901 22.0 10
526.8000000000512 295.4999999999987 20.0 9
572.3000000000616 700.6000000000907 20.0 9
579.2000000000631 298.39999999999935 20.0 9
373.9000000000165 194.79999999999322 18.0 8
376.70000000001716 399.10000000002225 18.0 8
449.60000000003373 195.79999999999316 18.0 8
211.99999999999227 693.3000000000892 16.0 7
301.20000000000005 98.29999999999873 16.0 7
304.6000000000008 299.9999999999998 16.0 7
153.4999999999956 400.70000000002267 14.0 6
154.79999999999552 199.99999999999295 14.0 6
209.99999999999238 495.8000000000443 14.0 6
49.60000000000046 987.9000000001562 12.0 5
203.99999999999272 884.5000000001327 12.0 5
211.5999999999923 109.79999999999806 12.0 5
10.0 429.00000000002905 10.0 4
10.0 560.7000000000589 10.0 4
10.0 756.7000000001035 10.0 4
8.0 943.500000000146 8.0 3
38.700000000000294 8.0 8.0 3
6.0 444.50000000003257 6.0 2
6.0 640.4000000000771 6.0 2
4.0 139.99999999999633 4.0 1
4.0 147.99999999999588 4.0 1
2.0 63.80000000000064 2.0 0
664.2000000000825 398.6000000000221 22.0 10
708.2000000000925 399.1000000000222 22.0 10
787.1000000001104 92.199999999999 22.0 10
974.8000000001531 22.0 22.0 10
976.0000000001534 977.9000000001538 22.0 10
974.8000000001531 122.29999999999731 20.0 9
976.3000000001534 882.200000000132 20.0 9
977.7000000001538 244.69999999999035 20.0 9
979.9000000001543 338.6000000000085 20.0 9
453.5000000000346 400.40000000002254 18.0 8
524.2000000000506 496.5000000000444 18.0 8
586.2000000000647 498.4000000000448 18.0 8
893.4000000001346 619.3000000000723 18.0 8
977.4000000001537 760.2000000001043 18.0 8
313.2000000000028 693.9000000000893 16.0 7
373.2000000000164 594.2000000000667 16.0 7
457.30000000003554 596.8000000000673 16.0 7
485.800000000042 983.9000000001553 16.0 7
489.90000000004295 16.0 16.0 7
306.90000000000134 933.8000000001439 14.0 6
312.20000000000255 499.60000000004516 14.0 6
597.0000000000673 985.9000000001557 14.0 6
605.5000000000692 14.0 14.0 6
699.5000000000906 824.9000000001191 14.0 6
310.6000000000022 71.70000000000023 12.0 5
403.8000000000234 197.2999999999931 12.0 5
406.70000000002403 400.3000000000226 12.0 5
510.7000000000477 893.9000000001348 12.0 5
516.2000000000489 105.6999999999983 12.0 5
125.19999999999717 989.9000000001565 10.0 4
341.6000000000092 989.9000000001565 10.0 4
350.0000000000111 10.0 10.0 4
551.3000000000568 503.600000000046 10.0 4
50.90000000000047 599.0000000000676 8.0 3
51.20000000000047 793.8000000001119 8.0 3
55.90000000000054 200.5999999999929 8.0 3
55.90000000000054 400.6000000000226 8.0 3
6.0 836.4000000001216 6.0 2
17.499999999999986 366.9000000000149 6.0 2
66.60000000000049 993.9000000001574 6.0 2
77.29999999999988 988.3000000001562 6.0 2
4.0 175.9999999999943 4.0 1
4.0 254.29999999998984 4.0 1
4.0 340.0000000000088 4.0 1
2.0 67.80000000000042 2.0 0
2.0 128.299999999997 2.0 0
2.0 132.29999999999677 2.0 0
2.0 153.69999999999555 2.0 0
979.5000000001542 451.6000000000342 18.0 8
979.8000000001542 661.1000000000818 18.0 8
980.7000000001544 548.5000000000562 18.0 8
772.0000000001071 905.8000000001375 16.0 7
803.7000000001143 910.2000000001385 16.0 7
888.0000000001335 840.3000000001226 16.0 7
889.4000000001338 795.8000000001125 16.0 7
892.1000000001344 379.00000000001774 16.0 7
703.6000000000915 797.2000000001128 14.0 6
707.8000000000925 614.0000000000712 14.0 6
711.7000000000934 586.2000000000648 14.0 6
832.5000000001208 985.9000000001557 14.0 6
884.4000000001326 161.49999999999514 14.0 6
578.8000000000632 898.4000000001358 12.0 5
591.500000000066 101.99999999999851 12.0 5
708.1000000000926 172.7999999999945 12.0 5
708.4000000000926 209.5999999999924 12.0 5
737.5000000000992 987.9000000001562 12.0 5
740.9000000000999 10.0 10.0 4
816.200000000117 105.59999999999829 10.0 4
820.9000000001181 730.3000000000975 10.0 4
822.1000000001184 518.6000000000494 10.0 4
823.5000000001187 481.30000000004094 10.0 4
90.89999999999912 991.900000000157 8.0 3
106.89999999999822 991.5000000001569 8.0 3
156.5999999999954 8.0 8.0 3
192.09999999999337 991.900000000157 8.0 3
202.69999999999277 8.0 8.0 3
138.39999999999642 980.8000000001545 6.0 2
140.6999999999963 993.9000000001574 6.0 2
161.4999999999951 809.8000000001156 6.0 2
162.09999999999508 775.9000000001079 6.0 2
4.0 454.3000000000348 4.0 1
4.0 537.6000000000537 4.0 1
4.0 545.6000000000555 4.0 1
4.0 650.2000000000793 4.0 1
2.0 181.69999999999396 2.0 0
2.0 211.89999999999225 2.0 0
2.0 215.89999999999202 2.0 0
892.9000000001346 415.9000000000261 16.0 7
982.900000000155 59.200000000000614 16.0 7
983.5000000001552 940.5000000001454 16.0 7
886.6000000001332 210.69999999999234 14.0 6
889.1000000001337 583.2000000000642 14.0 6
982.600000000155 89.19999999999924 14.0 6
984.6000000001554 277.99999999999477 14.0 6
829.7000000001202 12.0 12.0 5
983.0000000001551 306.3000000000012 12.0 5
984.5000000001554 730.8000000000977 12.0 5
985.4000000001556 690.6000000000886 12.0 5
986.1000000001558 480.9000000000409 12.0 5
823.8000000001188 685.0000000000872 10.0 4
824.900000000119 318.0000000000038 10.0 4
884.9000000001326 185.49999999999375 10.0 4
976.9000000001536 912.2000000001389 10.0 4
984.2000000001552 520.5000000000498 10.0 4
235.99999999999088 694.3000000000893 8.0 3
243.89999999999043 302.2000000000002 8.0 3
259.7999999999906 299.8999999999997 8.0 3
275.7999999999942 299.29999999999956 8.0 3
163.19999999999501 579.1000000000631 6.0 2
163.19999999999501 612.8000000000708 6.0 2
164.09999999999496 417.7000000000265 6.0 2
4.0 733.6000000000982 4.0 1
4.0 741.6000000001001 4.0 1
4.0 846.2000000001239 4.0 1
2.0 219.8999999999918 2.0 0
2.0 259.9999999999906 2.0 0
2.0 263.99999999999153 2.0 0
275.99999999999426 991.900000000157 8.0 3
164.69999999999493 384.0000000000188 6.0 2
