256.0 256.0 256.0 0
411.3000000000353 743.9000000001109 256.0 0
32.0 32.0 32.0 1
32.0 437.1000000000307 32.0 1
32.0 501.10000000004527 32.0 1
32.0 565.1000000000598 32.0 1
32.0 629.1000000000744 32.0 1
32.0 693.1000000000889 32.0 1
32.0 757.1000000001035 32.0 1
32.0 821.100000000118 32.0 1
32.0 885.1000000001326 32.0 1
32.0 949.1000000001471 32.0 1
87.49999999999912 533.0000000000525 32.0 1
87.49999999999912 597.0000000000671 32.0 1
87.49999999999912 661.0000000000816 32.0 1
87.49999999999912 725.0000000000962 32.0 1
87.49999999999912 789.0000000001107 32.0 1
87.49999999999912 853.0000000001253 32.0 1
87.49999999999912 917.0000000001398 32.0 1
126.29999999999691 967.9000000001514 32.0 1
142.99999999999596 564.9000000000598 32.0 1
142.99999999999596 628.9000000000743 32.0 1
142.99999999999596 884.9000000001325 32.0 1
181.79999999999376 935.8000000001441 32.0 1
201.49999999999264 538.8000000000538 32.0 1
437.1000000000307 32.0 32.0 1
459.4000000000358 459.9000000000359 32.0 1
482.10000000004095 77.59999999999968 32.0 1
499.5000000000449 409.8000000000245 32.0 1
516.0000000000487 131.8999999999966 32.0 1
521.0000000000498 477.30000000003986 32.0 1
527.1000000000512 32.0 32.0 1
527.5000000000513 352.1000000000114 32.0 1
536.9000000000534 192.39999999999316 32.0 1
542.1000000000546 289.09999999999707 32.0 1
561.0000000000589 86.29999999999919 32.0 1
561.1000000000589 427.20000000002847 32.0 1
577.0000000000625 508.3000000000469 32.0 1
581.3000000000635 238.49999999999054 32.0 1
581.9000000000636 146.79999999999575 32.0 1
588.7000000000652 333.00000000000705 32.0 1
592.400000000066 967.9000000001514 32.0 1
594.9000000000666 32.0 32.0 1
614.400000000071 391.7000000000204 32.0 1
617.1000000000716 458.2000000000355 32.0 1
623.9000000000732 98.19999999999851 32.0 1
625.0000000000734 550.7000000000565 32.0 1
626.3000000000737 192.89999999999313 32.0 1
627.9000000000741 282.39999999999554 32.0 1
637.4000000000763 922.300000000141 32.0 1
653.60000000008 341.1000000000089 32.0 1
657.8000000000809 43.90000000000017 32.0 1
662.400000000082 602.7000000000684 32.0 1
665.0000000000825 500.7000000000452 32.0 1
668.2000000000833 144.39999999999588 32.0 1
670.4000000000838 422.70000000002744 32.0 1
671.300000000084 867.8000000001286 32.0 1
672.9000000000843 236.79999999999063 32.0 1
682.4000000000865 967.9000000001514 32.0 1
687.4000000000876 661.7000000000818 32.0 12
692.3000000000887 807.1000000001148 32.0 12
698.6000000000902 295.4999999999985 32.0 12
698.7000000000902 724.7000000000961 32.0 12
702.100000000091 90.09999999999897 32.0 12
702.400000000091 552.700000000057 32.0 12
709.6000000000927 372.10000000001594 32.0 12
714.8000000000939 188.2999999999934 32.0 12
716.2000000000942 913.500000000139 32.0 12
718.3000000000947 465.2000000000371 32.0 12
727.4000000000967 611.7000000000704 32.0 12
729.0000000000971 32.0 32.0 12
737.1000000000989 852.9000000001253 32.0 12
740.4000000000997 246.99999999999005 32.0 12
744.3000000001006 769.7000000001063 32.0 12
747.7000000001013 683.2000000000867 32.0 12
748.7000000001016 133.99999999999648 32.0 12
750.0000000001019 967.9000000001514 32.0 12
754.6000000001029 326.50000000000557 32.0 12
755.7000000001032 517.2000000000489 32.0 12
757.5000000001036 414.6000000000256 32.0 12
775.6000000001077 75.89999999999978 32.0 12
778.4000000001083 195.49999999999298 32.0 12
779.1000000001085 901.2000000001362 32.0 12
780.7000000001088 576.2000000000623 32.0 12
789.1000000001108 815.5000000001168 32.0 12
793.2000000001117 728.3000000000969 32.0 12
793.9000000001118 638.9000000000766 32.0 12
794.9000000001121 466.6000000000374 32.0 12
796.4000000001124 277.99999999999454 32.0 12
802.5000000001138 369.00000000001523 32.0 12
812.300000000116 141.19999999999607 32.0 12
812.9000000001162 955.6000000001486 32.0 12
819.9000000001178 525.6000000000508 32.0 12
822.2000000001183 32.0 32.0 12
831.1000000001203 863.8000000001277 32.0 12
834.400000000121 226.49999999999122 32.0 12
838.0000000001219 774.1000000001073 32.0 12
839.4000000001222 684.0000000000869 32.0 12
839.9000000001223 421.00000000002706 32.0 12
841.6000000001227 595.9000000000668 32.0 12
844.3000000001233 320.5000000000042 32.0 12
850.2000000001246 89.599999999999 32.0 12
864.900000000128 480.0000000000405 32.0 12
864.900000000128 918.2000000001401 32.0 12
868.3000000001288 172.1999999999943 32.0 12
880.0000000001314 822.4000000001183 32.0 12
880.8000000001316 545.3000000000553 32.0 12
881.7000000001318 372.50000000001603 32.0 12
882.300000000132 268.9999999999925 32.0 12
884.2000000001324 729.8000000000973 32.0 12
886.1000000001328 35.60000000000005 32.0 12
887.000000000133 641.1000000000771 32.0 12
905.3000000001372 967.9000000001514 32.0 12
906.2000000001374 120.59999999999724 32.0 12
906.7000000001375 431.50000000002944 32.0 12
913.8000000001391 876.8000000001307 32.0 12
16.0 77.29999999999993 16.0 2
16.0 109.29999999999811 16.0 2
16.0 384.0000000000189 16.0 2
47.80000000000045 80.89999999999972 16.0 2
65.10000000000062 983.9000000001553 16.0 2
67.80000000000047 469.1000000000382 16.0 2
75.40000000000003 52.60000000000052 16.0 2
77.29999999999993 16.0 16.0 2
95.2999999999989 485.50000000004195 16.0 2
106.79999999999825 28.400000000000176 16.0 2
123.29999999999731 501.0000000000455 16.0 2
123.29999999999731 693.0000000000891 16.0 2
123.29999999999731 757.0000000001037 16.0 2
123.29999999999731 821.0000000001182 16.0 2
135.49999999999662 722.6000000000959 16.0 2
135.49999999999662 786.6000000001104 16.0 2
150.79999999999575 517.4000000000492 16.0 2
150.79999999999575 837.400000000122 16.0 2
171.59999999999457 983.8000000001553 16.0 2
178.79999999999416 596.9000000000673 16.0 2
203.29999999999276 978.8000000001541 16.0 2
225.4999999999915 955.7000000001489 16.0 2
240.69999999999064 983.9000000001553 16.0 2
272.09999999999343 977.6000000001538 16.0 2
384.0000000000189 16.0 16.0 2
527.5000000000515 239.4999999999907 16.0 2
539.3000000000542 983.9000000001553 16.0 2
567.0000000000605 379.4000000000178 16.0 2
774.3000000001076 16.0 16.0 2
851.7000000001252 983.9000000001553 16.0 2
881.700000000132 218.2999999999919 16.0 2
889.5000000001338 592.6000000000663 16.0 2
892.1000000001344 316.0000000000034 16.0 2
894.700000000135 776.7000000001082 16.0 2
904.0000000001371 686.0000000000875 16.0 2
906.2000000001376 504.50000000004627 16.0 2
907.800000000138 199.49999999999298 16.0 2
912.100000000139 231.29999999999117 16.0 2
915.3000000001397 338.10000000000844 16.0 2
915.6000000001397 73.50000000000014 16.0 2
916.1000000001399 167.5999999999948 16.0 2
917.3000000001401 576.5000000000626 16.0 2
919.5000000001406 299.39999999999964 16.0 2
920.2000000001408 796.1000000001126 16.0 2
921.9000000001412 759.6000000001043 16.0 2
922.0000000001412 608.2000000000698 16.0 2
922.4000000001413 476.90000000004 16.0 2
924.1000000001417 923.7000000001416 16.0 2
926.2000000001422 529.500000000052 16.0 2
927.1000000001424 708.2000000000926 16.0 2
927.2000000001424 387.80000000001974 16.0 2
927.3000000001424 830.6000000001204 16.0 2
928.5000000001427 665.3000000000828 16.0 2
929.2000000001428 258.3999999999903 16.0 2
930.000000000143 16.0 16.0 2
934.6000000001441 47.70000000000045 16.0 2
937.4000000001447 211.6999999999923 16.0 2
939.4000000001452 635.100000000076 16.0 11
940.1000000001453 358.40000000001305 16.0 11
942.4000000001458 501.9000000000457 16.0 11
942.7000000001459 321.50000000000466 16.0 11
942.7000000001459 557.0000000000582 16.0 11
943.100000000146 89.89999999999921 16.0 11
943.300000000146 735.8000000000989 16.0 11
943.5000000001461 150.89999999999574 16.0 11
947.400000000147 588.7000000000654 16.0 11
947.400000000147 779.0000000001087 16.0 11
947.500000000147 456.8000000000354 16.0 11
947.700000000147 945.4000000001465 16.0 11
947.9000000001471 284.3999999999962 16.0 11
949.9000000001475 410.4000000000249 16.0 11
950.1000000001476 182.29999999999396 16.0 11
950.6000000001477 983.8000000001553 16.0 11
951.3000000001479 906.8000000001377 16.0 11
951.6000000001479 687.5000000000879 16.0 11
952.4000000001481 810.7000000001159 16.0 11
953.3000000001483 849.3000000001247 16.0 11
954.2000000001485 119.9999999999975 16.0 11
954.5000000001486 238.79999999999075 16.0 11
958.9000000001496 529.4000000000519 16.0 11
959.8000000001498 27.700000000000166 16.0 11
962.1000000001503 64.10000000000068 16.0 11
962.5000000001504 657.300000000081 16.0 11
962.8000000001505 381.0000000000182 16.0 11
964.8000000001509 615.6000000000715 16.0 11
966.4000000001513 878.5000000001313 16.0 11
967.4000000001515 481.90000000004113 16.0 11
967.5000000001515 341.8000000000093 16.0 11
967.8000000001516 715.1000000000942 16.0 11
968.8000000001518 755.2000000001033 16.0 11
969.2000000001519 207.9999999999925 16.0 11
970.8000000001523 434.7000000000304 16.0 11
971.1000000001524 306.50000000000125 16.0 11
972.5000000001527 568.7000000000609 16.0 11
973.2000000001528 264.79999999999177 16.0 11
973.900000000153 160.89999999999517 16.0 11
974.7000000001532 94.99999999999892 16.0 11
974.7000000001532 962.6000000001504 16.0 11
974.9000000001532 928.5000000001427 16.0 11
977.3000000001538 790.5000000001113 16.0 11
978.400000000154 829.4000000001201 16.0 11
983.1000000001551 681.8000000000866 16.0 11
983.7000000001552 405.3000000000237 16.0 11
983.9000000001553 509.4000000000474 16.0 11
8.0 131.9999999999968 8.0 3
8.0 147.99999999999588 8.0 3
8.0 163.99999999999497 8.0 3
8.0 346.6000000000103 8.0 3
8.0 469.10000000003816 8.0 3
8.0 533.1000000000527 8.0 3
8.0 597.1000000000672 8.0 3
8.0 661.1000000000818 8.0 3
8.0 725.1000000000963 8.0 3
8.0 789.1000000001109 8.0 3
8.0 853.1000000001254 8.0 3
8.0 917.10000000014 8.0 3
8.0 981.1000000001545 8.0 3
19.900000000000027 991.800000000157 8.0 3
35.70000000000025 989.0000000001563 8.0 3
39.3000000000003 103.39999999999841 8.0 3
70.40000000000029 960.3000000001498 8.0 3
71.20000000000024 445.1000000000327 8.0 3
71.20000000000024 492.9000000000436 8.0 3
83.89999999999952 968.9000000001517 8.0 3
87.7999999999993 991.7000000001569 8.0 3
90.69999999999914 461.9000000000365 8.0 3
119.4999999999975 8.0 8.0 3
125.99999999999713 927.9000000001424 8.0 3
126.69999999999709 524.8000000000508 8.0 3
126.69999999999709 669.0000000000836 8.0 3
126.69999999999709 844.8000000001235 8.0 3
129.49999999999693 20.500000000000036 8.0 3
139.49999999999636 8.0 8.0 3
140.89999999999628 676.4000000000852 8.0 3
141.79999999999623 924.9000000001417 8.0 3
144.1999999999961 745.0000000001008 8.0 3
144.1999999999961 809.0000000001154 8.0 3
145.999999999996 700.8000000000908 8.0 3
145.999999999996 764.8000000001053 8.0 3
153.39999999999557 686.4000000000875 8.0 3
154.19999999999553 667.3000000000832 8.0 3
154.99999999999548 11.999999999999986 8.0 3
168.29999999999472 853.9000000001256 8.0 3
172.1999999999945 506.40000000004665 8.0 3
181.39999999999398 873.7000000001301 8.0 3
181.49999999999397 895.8000000001351 8.0 3
193.79999999999328 578.1000000000629 8.0 3
197.29999999999308 898.5000000001357 8.0 3
220.79999999999174 926.7000000001422 8.0 3
236.49999999999085 519.3000000000495 8.0 3
241.29999999999058 534.600000000053 8.0 3
248.89999999999014 961.10000000015 8.0 3
252.19999999998996 522.4000000000502 8.0 3
267.99999999999244 519.8000000000496 8.0 3
291.39999999999776 991.900000000157 8.0 3
306.40000000000117 986.2000000001557 8.0 3
346.6000000000103 8.0 8.0 3
395.3000000000214 480.3000000000407 8.0 3
408.70000000002443 471.4000000000387 8.0 3
422.2000000000275 480.00000000004064 8.0 3
469.10000000003816 8.0 8.0 3
476.00000000003973 22.500000000000064 8.0 10
481.30000000004094 37.60000000000028 8.0 10
485.1000000000418 8.0 8.0 10
501.9000000000456 991.900000000157 8.0 10
519.5000000000496 91.79999999999907 8.0 10
521.7000000000501 71.70000000000022 8.0 10
535.1000000000531 391.4000000000205 8.0 10
559.1000000000586 8.0 8.0 10
559.8000000000587 467.20000000003773 8.0 10
575.6000000000623 464.5000000000371 8.0 10
576.4000000000625 198.799999999993 8.0 10
580.7000000000635 278.4999999999948 8.0 10
586.8000000000649 186.4999999999937 8.0 10
587.500000000065 292.9999999999981 8.0 10
615.8000000000715 498.2000000000448 8.0 10
620.9000000000726 232.59999999999107 8.0 10
621.0000000000726 138.09999999999644 8.0 10
624.4000000000734 991.900000000157 8.0 10
625.8000000000737 510.7000000000476 8.0 10
626.900000000074 8.0 8.0 10
627.100000000074 152.8999999999956 8.0 10
631.300000000075 977.3000000001537 8.0 10
636.9000000000763 962.3000000001502 8.0 10
640.4000000000771 990.5000000001567 8.0 10
653.0000000000799 381.10000000001816 8.0 10
657.0000000000808 461.10000000003635 8.0 10
661.3000000000818 83.79999999999953 8.0 10
663.2000000000822 562.6000000000594 8.0 10
663.4000000000823 104.59999999999835 8.0 10
663.8000000000824 540.7000000000544 8.0 10
665.4000000000827 184.3999999999938 8.0 10
668.8000000000835 378.1000000000175 8.0 10
673.9000000000847 771.1000000001068 8.0 10
674.7000000000849 907.7000000001378 8.0 10
675.500000000085 8.0 8.0 10
675.6000000000851 196.7999999999931 8.0 10
676.2000000000852 462.3000000000366 8.0 10
677.0000000000854 928.0000000001424 8.0 10
687.9000000000879 763.300000000105 8.0 10
688.2000000000879 17.799999999999997 8.0 10
693.2000000000891 335.2000000000077 8.0 10
703.1000000000913 768.3000000001061 8.0 10
703.2000000000913 512.600000000048 8.0 10
705.6000000000919 129.9999999999969 8.0 10
708.0000000000924 148.39999999999586 8.0 10
709.0000000000927 412.1000000000252 8.0 10
714.3000000000939 332.30000000000706 8.0 10
714.4000000000939 991.900000000157 8.0 10
717.4000000000946 505.2000000000464 8.0 10
718.2000000000947 425.2000000000282 8.0 10
731.9000000000979 812.8000000001163 8.0 10
737.000000000099 572.8000000000617 8.0 10
737.7000000000992 286.99999999999676 8.0 10
738.4000000000993 729.6000000000973 8.0 10
742.1000000001002 557.6000000000582 8.0 10
747.6000000001014 809.6000000001155 8.0 10
749.2000000001018 366.20000000001477 8.0 10
4.0 4.0 4.0 4
4.0 54.70000000000051 4.0 4
4.0 93.29999999999897 4.0 4
4.0 175.39999999999432 4.0 4
4.0 183.39999999999387 4.0 4
4.0 191.3999999999934 4.0 4
4.0 320.00000000000426 4.0 4
4.0 328.0000000000061 4.0 4
4.0 358.0000000000129 4.0 4
4.0 366.0000000000147 4.0 4
4.0 400.00000000002245 4.0 4
4.0 408.0000000000243 4.0 4
4.0 992.5000000001571 4.0 4
10.999999999999975 361.9000000000138 4.0 4
10.999999999999975 403.90000000002334 4.0 4
16.99999999999997 139.99999999999633 4.0 4
18.699999999999996 364.1000000000143 4.0 4
19.70000000000001 128.99999999999696 4.0 4
23.90000000000007 135.89999999999657 4.0 4
25.40000000000009 401.70000000002284 4.0 4
27.200000000000117 125.89999999999712 4.0 4
28.000000000000128 93.29999999999897 4.0 4
31.60000000000018 396.6000000000217 4.0 4
32.9000000000002 119.99999999999746 4.0 4
38.00000000000027 401.40000000002277 4.0 4
45.60000000000038 995.8000000001579 4.0 4
48.50000000000042 533.1000000000527 4.0 4
48.50000000000042 597.1000000000672 4.0 4
48.50000000000042 661.1000000000818 4.0 4
48.50000000000042 725.1000000000963 4.0 4
48.50000000000042 789.1000000001109 4.0 4
48.50000000000042 853.1000000001254 4.0 4
48.50000000000042 917.10000000014 4.0 4
52.70000000000048 61.500000000000604 4.0 4
54.70000000000051 4.0 4.0 4
63.80000000000064 68.90000000000036 4.0 4
67.30000000000045 76.09999999999995 4.0 4
68.00000000000041 33.80000000000021 4.0 4
68.00000000000041 563.3000000000595 4.0 4
68.00000000000041 627.3000000000741 4.0 4
68.00000000000041 691.3000000000886 4.0 4
68.00000000000041 755.3000000001032 4.0 4
68.00000000000041 819.3000000001177 4.0 4
68.00000000000041 883.3000000001323 4.0 4
68.00000000000041 947.3000000001468 4.0 4
79.19999999999978 952.1000000001479 4.0 4
80.09999999999972 453.20000000003455 4.0 4
84.39999999999948 34.70000000000022 4.0 4
85.59999999999941 956.900000000149 4.0 4
89.1999999999992 979.7000000001542 4.0 4
92.49999999999902 952.7000000001481 4.0 4
92.799999999999 42.70000000000034 4.0 4
93.29999999999897 4.0 4.0 4
95.29999999999886 50.300000000000445 4.0 4
98.39999999999868 10.199999999999978 4.0 4
99.09999999999864 995.8000000001579 4.0 4
101.79999999999849 466.5000000000376 4.0 4
103.4999999999984 4.0 4.0 9
103.99999999999837 565.0000000000599 4.0 9
103.99999999999837 629.0000000000745 4.0 9
103.99999999999837 885.0000000001327 4.0 9
108.6999999999981 470.6000000000385 4.0 9
113.49999999999783 477.00000000003996 4.0 9
120.39999999999743 481.1000000000409 4.0 9
121.49999999999737 736.900000000099 4.0 9
121.49999999999737 800.9000000001136 4.0 9
123.49999999999726 595.2000000000668 4.0 9
123.49999999999726 915.2000000001395 4.0 9
137.89999999999645 664.6000000000826 4.0 9
138.49999999999642 488.00000000004246 4.0 9
141.39999999999625 22.100000000000044 4.0 9
142.3999999999962 495.00000000004405 4.0 9
144.2999999999961 936.7000000001444 4.0 9
148.99999999999582 995.9000000001579 4.0 9
150.09999999999576 497.20000000004455 4.0 9
151.1999999999957 735.0000000000986 4.0 9
151.1999999999957 799.0000000001131 4.0 9
151.99999999999565 711.2000000000932 4.0 9
151.99999999999565 775.2000000001077 4.0 9
152.7999999999956 817.4000000001173 4.0 9
154.8999999999955 791.5000000001114 4.0 9
155.79999999999544 805.6000000001146 4.0 9
157.9999999999953 498.50000000004485 4.0 9
159.39999999999523 812.8000000001163 4.0 9
161.5999999999951 820.500000000118 4.0 9
161.8999999999951 534.1000000000529 4.0 9
162.89999999999503 658.9000000000813 4.0 9
163.99999999999497 4.0 4.0 9
166.9999999999948 11.499999999999973 4.0 9
170.2999999999946 841.9000000001229 4.0 9
170.5999999999946 520.3000000000497 4.0 9
171.99999999999451 4.0 4.0 9
172.99999999999446 865.0000000001281 4.0 9
176.99999999999423 576.8000000000626 4.0 9
176.99999999999423 616.9000000000717 4.0 9
178.79999999999413 568.7000000000608 4.0 9
178.79999999999413 624.7000000000735 4.0 9
179.1999999999941 7.499999999999988 4.0 9
184.19999999999382 505.90000000004653 4.0 9
186.1999999999937 884.7000000001326 4.0 9
186.3999999999937 4.0 4.0 9
187.59999999999363 995.8000000001579 4.0 9
193.89999999999327 886.9000000001331 4.0 9
197.49999999999307 589.6000000000655 4.0 9
203.8999999999927 584.6000000000644 4.0 9
204.69999999999266 908.0000000001379 4.0 9
205.29999999999262 574.6000000000621 4.0 9
210.29999999999234 913.8000000001392 4.0 9
213.19999999999217 572.9000000000617 4.0 9
213.69999999999214 995.9000000001579 4.0 9
219.5999999999918 990.4000000001566 4.0 9
228.5999999999913 935.9000000001442 4.0 9
234.49999999999096 553.2000000000572 4.0 9
236.09999999999087 938.7000000001449 4.0 9
2.0 9.699999999999982 2.0 5
2.0 13.699999999999967 2.0 5
2.0 48.00000000000041 2.0 5
2.0 60.40000000000059 2.0 5
2.0 64.40000000000062 2.0 5
2.0 120.69999999999742 2.0 5
2.0 139.99999999999633 2.0 5
2.0 155.99999999999542 2.0 5
2.0 197.0999999999931 2.0 5
2.0 201.09999999999286 2.0 5
2.0 205.09999999999263 2.0 5
2.0 209.0999999999924 2.0 5
2.0 301.3 2.0 5
2.0 305.3000000000009 2.0 5
2.0 309.30000000000183 2.0 5
2.0 313.30000000000274 2.0 5
2.0 333.7000000000074 2.0 5
2.0 337.7000000000083 2.0 5
2.0 371.700000000016 2.0 5
2.0 413.70000000002557 2.0 5
2.0 417.7000000000265 2.0 5
2.0 453.1000000000345 2.0 5
2.0 457.10000000003544 2.0 5
2.0 461.10000000003635 2.0 5
2.0 477.10000000004 2.0 5
2.0 481.1000000000409 2.0 5
2.0 485.1000000000418 2.0 5
2.0 517.100000000049 2.0 5
2.0 521.1000000000499 2.0 5
2.0 525.1000000000508 2.0 5
2.0 541.1000000000545 2.0 5
2.0 545.1000000000554 2.0 5
2.0 549.1000000000563 2.0 5
2.0 581.1000000000636 2.0 5
2.0 585.1000000000645 2.0 5
2.0 589.1000000000654 2.0 5
2.0 605.100000000069 2.0 5
2.0 609.1000000000699 2.0 5
2.0 613.1000000000708 2.0 5
2.0 645.1000000000781 2.0 5
2.0 649.100000000079 2.0 5
2.0 653.10000000008 2.0 5
2.0 669.1000000000836 2.0 5
2.0 673.1000000000845 2.0 5
2.0 677.1000000000854 2.0 5
2.0 709.1000000000927 2.0 5
2.0 713.1000000000936 2.0 5
2.0 717.1000000000945 2.0 5
2.0 733.1000000000981 2.0 5
2.0 737.100000000099 2.0 5
2.0 741.1000000001 2.0 5
2.0 773.1000000001072 2.0 5
2.0 777.1000000001081 2.0 5
2.0 781.100000000109 2.0 5
2.0 797.1000000001127 2.0 5
2.0 801.1000000001136 2.0 5
2.0 805.1000000001145 2.0 5
2.0 837.1000000001218 2.0 8
2.0 841.1000000001227 2.0 8
2.0 845.1000000001236 2.0 8
2.0 861.1000000001272 2.0 8
2.0 865.1000000001281 2.0 8
2.0 869.1000000001291 2.0 8
2.0 901.1000000001363 2.0 8
2.0 905.1000000001372 2.0 8
2.0 909.1000000001382 2.0 8
2.0 925.1000000001418 2.0 8
2.0 929.1000000001427 2.0 8
2.0 933.1000000001436 2.0 8
2.0 965.1000000001509 2.0 8
2.0 969.1000000001518 2.0 8
2.0 973.1000000001527 2.0 8
5.4999999999999964 62.40000000000062 2.0 8
5.4999999999999964 335.70000000000783 2.0 8
5.4999999999999964 415.700000000026 2.0 8
5.4999999999999964 459.1000000000359 2.0 8
5.4999999999999964 479.10000000004044 2.0 8
5.4999999999999964 523.1000000000504 2.0 8
5.4999999999999964 543.1000000000549 2.0 8
5.4999999999999964 587.1000000000649 2.0 8
5.4999999999999964 607.1000000000695 2.0 8
5.4999999999999964 651.1000000000795 2.0 8
5.4999999999999964 671.100000000084 2.0 8
5.4999999999999964 715.100000000094 2.0 8
5.4999999999999964 735.1000000000986 2.0 8
5.4999999999999964 779.1000000001086 2.0 8
5.4999999999999964 799.1000000001131 2.0 8
5.4999999999999964 843.1000000001231 2.0 8
5.4999999999999964 863.1000000001277 2.0 8
5.4999999999999964 907.1000000001377 2.0 8
5.4999999999999964 927.1000000001422 2.0 8
5.4999999999999964 971.1000000001522 2.0 8
5.999999999999995 9.699999999999982 2.0 8
6.699999999999992 997.9000000001583 2.0 8
7.999999999999988 59.20000000000057 2.0 8
7.999999999999988 332.5000000000071 2.0 8
7.999999999999988 412.5000000000253 2.0 8
8.499999999999986 179.3999999999941 2.0 8
9.399999999999983 336.60000000000804 2.0 8
9.499999999999982 6.399999999999993 2.0 8
9.499999999999982 994.9000000001577 2.0 8
9.699999999999982 2.0 2.0 8
9.89999999999998 173.8999999999944 2.0 8
11.099999999999977 409.9000000000247 2.0 8
11.699999999999974 355.9000000000124 2.0 8
11.999999999999973 59.500000000000576 2.0 8
13.499999999999968 3.300000000000001 2.0 8
13.999999999999966 155.99999999999542 2.0 8
15.099999999999962 353.7000000000119 2.0 8
15.299999999999962 357.70000000001284 2.0 8
16.19999999999996 406.900000000024 2.0 8
16.699999999999967 152.9999999999956 2.0 8
16.699999999999967 158.99999999999525 2.0 8
16.699999999999967 402.0000000000229 2.0 8
1.0 16.59999999999997 1.0 6
1.0 18.599999999999998 1.0 6
1.0 20.600000000000026 1.0 6
1.0 43.40000000000035 1.0 6
1.0 67.30000000000045 1.0 6
1.0 69.30000000000034 1.0 6
1.0 85.29999999999943 1.0 6
1.0 87.29999999999932 1.0 6
1.0 89.2999999999992 1.0 6
1.0 97.29999999999875 1.0 6
1.0 99.29999999999863 1.0 6
1.0 101.29999999999852 1.0 6
1.0 117.29999999999761 1.0 6
1.0 123.59999999999725 1.0 6
1.0 125.59999999999714 1.0 6
1.0 169.69999999999465 1.0 6
1.0 179.3999999999941 1.0 6
1.0 187.39999999999364 1.0 6
1.0 211.99999999999224 1.0 6
1.0 213.99999999999213 1.0 6
1.0 215.999999999992 1.0 6
1.0 217.9999999999919 1.0 6
1.0 219.9999999999918 1.0 6
1.0 221.99999999999167 1.0 6
1.0 223.99999999999156 1.0 6
1.0 287.999999999997 1.0 6
1.0 289.99999999999744 1.0 6
1.0 291.9999999999979 1.0 6
1.0 293.99999999999835 1.0 6
1.0 295.9999999999988 1.0 6
1.0 297.99999999999926 1.0 6
1.0 324.0000000000052 1.0 6
1.0 340.60000000000895 1.0 6
1.0 352.3000000000116 1.0 6
1.0 362.0000000000138 1.0 6
1.0 374.6000000000167 1.0 6
1.0 392.00000000002063 1.0 6
1.0 394.0000000000211 1.0 6
1.0 396.00000000002154 1.0 6
1.0 404.00000000002336 1.0 6
1.0 420.60000000002714 1.0 6
1.0 422.6000000000276 1.0 6
1.0 424.60000000002805 1.0 6
1.0 448.5000000000335 1.0 6
1.0 488.00000000004246 1.0 6
1.0 512.500000000048 1.0 6
1.0 552.000000000057 1.0 6
1.0 576.5000000000625 1.0 6
1.0 616.0000000000715 1.0 6
1.0 640.5000000000771 1.0 6
1.0 680.0000000000861 1.0 6
1.0 704.5000000000916 1.0 6
1.0 744.0000000001006 1.0 6
1.0 768.5000000001062 1.0 6
1.0 808.0000000001152 1.0 6
1.0 832.5000000001207 1.0 6
1.0 872.0000000001297 1.0 6
1.0 896.5000000001353 1.0 7
1.0 936.0000000001443 1.0 7
1.0 960.5000000001498 1.0 7
1.0 986.8000000001558 1.0 7
1.0 996.500000000158 1.0 7
1.0 998.5000000001585 1.0 7
2.8000000000000016 88.19999999999926 1.0 7
2.8000000000000016 98.1999999999987 1.0 7
2.8000000000000016 124.4999999999972 1.0 7
2.8000000000000016 394.9000000000213 1.0 7
2.8000000000000016 421.50000000002734 1.0 7
2.8000000000000016 997.4000000001582 1.0 7
4.100000000000002 122.89999999999729 1.0 7
4.300000000000002 199.09999999999297 1.0 7
4.300000000000002 203.09999999999275 1.0 7
4.300000000000002 311.3000000000023 1.0 7
4.300000000000002 455.100000000035 1.0 7
4.300000000000002 483.10000000004135 1.0 7
4.300000000000002 519.1000000000495 1.0 7
4.300000000000002 547.1000000000558 1.0 7
4.300000000000002 583.100000000064 1.0 7
4.300000000000002 611.1000000000704 1.0 7
4.300000000000002 647.1000000000786 1.0 7
4.300000000000002 675.100000000085 1.0 7
4.300000000000002 711.1000000000931 1.0 7
4.300000000000002 739.1000000000995 1.0 7
4.300000000000002 775.1000000001077 1.0 7
4.300000000000002 803.100000000114 1.0 7
4.300000000000002 839.1000000001222 1.0 7
4.300000000000002 867.1000000001286 1.0 7
4.300000000000002 903.1000000001368 1.0 7
4.300000000000002 931.1000000001432 1.0 7
4.300000000000002 967.1000000001513 1.0 7
4.500000000000001 315.0000000000031 1.0 7
4.8 12.499999999999973 1.0 7
4.999999999999999 196.29999999999313 1.0 7
4.999999999999999 370.90000000001584 1.0 7
5.199999999999998 313.1000000000027 1.0 7
6.099999999999995 123.19999999999727 1.0 7
6.999999999999992 187.39999999999364 1.0 7
6.999999999999992 324.0000000000052 1.0 7
7.9999999999999885 369.0000000000154 1.0 7
8.399999999999988 185.79999999999373 1.0 7
8.399999999999988 325.5000000000055 1.0 7
8.399999999999988 355.60000000001236 1.0 7
8.399999999999988 990.1000000001566 1.0 7
8.799999999999986 56.10000000000053 1.0 7
8.799999999999986 329.4000000000064 1.0 7
8.899999999999986 182.39999999999392 1.0 7
8.899999999999986 367.00000000001495 1.0 7
8.999999999999986 92.799999999999 1.0 7
9.099999999999985 327.40000000000595 1.0 7
9.299999999999985 991.900000000157 1.0 7
9.599999999999984 998.7000000001585 1.0 7
10.199999999999982 176.89999999999424 1.0 7
10.39999999999998 989.8000000001565 1.0 7
10.79999999999998 333.60000000000736 1.0 7
751.8000000001024 643.4000000000777 8.0 3
753.0000000001027 722.9000000000958 8.0 3
753.6000000001028 284.79999999999626 8.0 3
762.7000000001049 374.8000000000167 8.0 3
776.300000000108 860.9000000001272 8.0 3
778.8000000001085 235.4999999999909 8.0 3
782.0000000001093 991.900000000157 8.0 3
783.9000000001097 775.4000000001078 8.0 3
787.4000000001105 688.1000000000879 8.0 3
791.4000000001114 855.500000000126 8.0 3
793.7000000001119 318.0000000000038 8.0 10
794.5000000001121 232.1999999999911 8.0 10
795.7000000001124 426.5000000000285 8.0 10
797.1000000001127 408.70000000002443 8.0 10
798.1000000001129 768.0000000001061 8.0 10
806.3000000001148 101.59999999999852 8.0 10
815.8000000001169 181.099999999994 8.0 10
816.4000000001171 915.7000000001397 8.0 10
826.9000000001195 903.6000000001369 8.0 10
828.3000000001198 823.5000000001187 8.0 10
238.59999999999073 546.3000000000557 4.0 4
241.99999999999054 944.2000000001461 4.0 4
248.39999999999017 949.0000000001472 4.0 4
252.89999999998992 537.7000000000537 4.0 4
256.69999999998987 995.9000000001579 4.0 4
258.89999999999037 532.4000000000525 4.0 4
259.0999999999904 954.7000000001485 4.0 4
278.99999999999494 515.0000000000485 4.0 4
286.99999999999676 514.2000000000484 4.0 4
291.9999999999979 975.0000000001531 4.0 4
313.5000000000028 995.9000000001579 4.0 9
318.10000000000383 988.9000000001563 4.0 9
320.00000000000426 4.0 4.0 9
322.0000000000047 995.9000000001579 4.0 9
327.600000000006 990.1000000001566 4.0 9
327.80000000000604 5.799999999999994 4.0 9
333.20000000000726 995.9000000001579 4.0 9
341.10000000000906 994.3000000001575 4.0 9
355.8000000000124 15.799999999999958 4.0 9
358.0000000000129 4.0 4.0 9
17.799999999999983 145.999999999996 2.0 5
17.999999999999986 468.10000000003794 2.0 5
17.999999999999986 532.1000000000524 2.0 5
17.999999999999986 596.100000000067 2.0 5
17.999999999999986 660.1000000000815 2.0 5
17.999999999999986 724.1000000000961 2.0 5
17.999999999999986 788.1000000001106 2.0 5
17.999999999999986 852.1000000001252 2.0 8
17.999999999999986 916.1000000001397 2.0 8
17.999999999999986 980.1000000001543 2.0 8
19.1 149.79999999999578 2.0 8
19.70000000000001 404.7000000000235 2.0 8
21.400000000000034 144.0999999999961 2.0 8
21.600000000000037 981.9000000001547 2.0 8
25.40000000000009 983.200000000155 2.0 8
10.79999999999998 367.7000000000151 1.0 6
11.199999999999978 997.4000000001582 1.0 6
11.799999999999976 338.40000000000845 1.0 6
12.299999999999974 171.99999999999451 1.0 6
12.599999999999973 366.7000000000149 1.0 6
12.599999999999973 998.9000000001586 1.0 6
13.999999999999968 409.0000000000245 1.0 7
14.599999999999966 367.00000000001495 1.0 7
14.899999999999965 60.30000000000059 1.0 7
14.999999999999964 126.2999999999971 1.0 7
15.499999999999963 1.0 1.0 7
15.999999999999961 350.80000000001127 1.0 7
830.9000000001204 186.3999999999937 8.0 3
832.8000000001208 734.0000000000983 8.0 3
833.600000000121 643.8000000000778 8.0 3
834.8000000001213 266.4999999999921 8.0 3
840.7000000001226 380.9000000000181 8.0 3
841.6000000001228 360.5000000000135 8.0 3
842.600000000123 280.4999999999953 8.0 3
847.3000000001241 635.5000000000759 8.0 3
850.6000000001249 129.59999999999692 8.0 3
852.7000000001253 959.6000000001496 8.0 3
854.2000000001257 8.0 8.0 10
866.3000000001284 126.29999999999711 8.0 10
868.4000000001289 878.3000000001311 8.0 10
871.1000000001295 861.4000000001273 8.0 10
879.0000000001313 689.7000000000883 8.0 10
887.7000000001333 75.6 8.0 10
971.2000000001523 136.9999999999965 8.0 10
972.0000000001525 592.7000000000662 8.0 10
973.2000000001527 458.6000000000358 8.0 10
973.2000000001527 991.900000000157 8.0 10
362.20000000001386 10.899999999999975 4.0 4
363.2000000000141 18.9 4.0 4
366.3000000000148 4.0 4.0 4
377.10000000001725 486.10000000004203 4.0 4
392.00000000002063 34.40000000000022 4.0 4
398.60000000002213 29.700000000000152 4.0 4
398.8000000000222 38.70000000000028 4.0 4
400.00000000002245 4.0 4.0 4
403.50000000002325 11.199999999999974 4.0 4
406.800000000024 483.8000000000415 4.0 4
408.0000000000243 4.0 4.0 9
415.500000000026 461.4000000000364 4.0 9
420.20000000002705 467.9000000000379 4.0 9
421.8000000000274 456.30000000003525 4.0 9
433.20000000003 484.80000000004173 4.0 9
435.60000000003055 68.00000000000041 4.0 9
441.40000000003187 73.6000000000001 4.0 9
446.0000000000329 66.90000000000047 4.0 9
454.3000000000348 424.20000000002796 4.0 9
459.40000000003596 418.00000000002655 4.0 9
27.900000000000126 997.8000000001583 2.0 5
28.300000000000132 131.7999999999968 2.0 5
30.100000000000158 66.00000000000053 2.0 5
30.700000000000166 87.69999999999929 2.0 5
31.300000000000175 402.8000000000231 2.0 5
32.30000000000019 69.40000000000033 2.0 5
32.800000000000196 390.5000000000203 2.0 5
33.400000000000205 113.9999999999978 2.0 8
33.80000000000021 94.89999999999888 2.0 8
34.50000000000022 66.00000000000053 2.0 8
36.200000000000244 392.7000000000208 2.0 8
37.10000000000026 115.5999999999977 2.0 8
38.50000000000028 65.40000000000056 2.0 8
40.500000000000306 113.39999999999783 2.0 8
16.499999999999968 2.8000000000000016 1.0 6
16.499999999999968 134.99999999999662 1.0 6
16.59999999999997 471.8000000000388 1.0 6
16.59999999999997 535.8000000000533 1.0 6
16.59999999999997 599.8000000000678 1.0 6
16.59999999999997 663.8000000000824 1.0 6
16.59999999999997 727.8000000000969 1.0 7
16.59999999999997 791.8000000001115 1.0 7
16.59999999999997 855.800000000126 1.0 7
16.59999999999997 919.8000000001406 1.0 7
16.799999999999972 161.99999999999508 1.0 7
16.799999999999972 983.000000000155 1.0 7
16.999999999999975 155.99999999999542 1.0 7
973.6000000001528 8.0 8.0 3
974.7000000001531 901.1000000001363 8.0 3
975.5000000001532 637.1000000000763 8.0 3
975.8000000001533 184.89999999999378 8.0 3
976.2000000001534 856.5000000001262 8.0 3
976.6000000001535 44.90000000000038 8.0 3
977.1000000001536 230.69999999999118 8.0 3
977.1000000001536 545.1000000000554 8.0 3
978.1000000001538 122.19999999999735 8.0 3
978.800000000154 363.00000000001404 8.0 3
981.6000000001546 734.8000000000985 8.0 10
982.9000000001549 21.100000000000044 8.0 10
984.1000000001552 286.1999999999966 8.0 10
984.4000000001553 73.00000000000014 8.0 10
984.8000000001554 602.3000000000684 8.0 10
985.3000000001555 649.8000000000792 8.0 10
985.4000000001555 325.8000000000056 8.0 10
985.7000000001556 244.1999999999904 8.0 10
986.5000000001558 377.10000000001725 8.0 10
986.6000000001558 467.4000000000378 8.0 10
464.5000000000371 424.20000000002796 4.0 4
472.800000000039 112.39999999999789 4.0 4
475.3000000000396 995.9000000001579 4.0 4
475.70000000003967 492.00000000004337 4.0 4
477.20000000004 119.09999999999751 4.0 4
482.4000000000412 487.60000000004237 4.0 4
483.10000000004135 113.59999999999782 4.0 4
483.10000000004135 993.8000000001574 4.0 4
485.900000000042 494.800000000044 4.0 4
486.60000000004214 376.100000000017 4.0 4
487.2000000000423 26.900000000000112 4.0 9
489.5000000000428 19.200000000000003 4.0 9
490.300000000043 368.80000000001536 4.0 9
492.1000000000434 42.90000000000034 4.0 9
492.30000000004344 445.1000000000327 4.0 9
495.6000000000442 13.899999999999965 4.0 9
496.5000000000444 4.0 4.0 9
496.5000000000444 373.9000000000165 4.0 9
499.100000000045 163.699999999995 4.0 9
499.7000000000451 448.2000000000334 4.0 9
42.40000000000033 981.5000000001546 2.0 5
43.00000000000034 404.80000000002354 2.0 5
43.50000000000035 469.10000000003816 2.0 5
44.80000000000037 984.7000000001553 2.0 5
45.70000000000038 988.6000000001562 2.0 5
46.20000000000039 62.900000000000624 2.0 5
46.20000000000039 980.0000000001543 2.0 5
47.3000000000004 467.5000000000378 2.0 8
48.00000000000041 2.0 2.0 8
48.300000000000416 98.89999999999866 2.0 8
48.60000000000042 471.30000000003866 2.0 8
51.30000000000046 997.7000000001583 2.0 8
52.30000000000047 528.4000000000516 2.0 8
52.30000000000047 537.8000000000537 2.0 8
17.499999999999982 1.0 1.0 6
17.499999999999982 355.50000000001234 1.0 6
17.599999999999984 352.00000000001154 1.0 6
17.99999999999999 359.10000000001315 1.0 6
18.09999999999999 133.7999999999967 1.0 6
18.7 357.1000000000127 1.0 6
18.900000000000002 155.09999999999548 1.0 6
19.50000000000001 1.0 1.0 7
19.50000000000001 400.7000000000226 1.0 7
19.700000000000014 152.7999999999956 1.0 7
20.000000000000018 358.70000000001306 1.0 7
20.10000000000002 470.30000000003844 1.0 7
20.10000000000002 534.3000000000529 1.0 7
20.10000000000002 598.3000000000675 1.0 7
986.7000000001558 625.5000000000737 8.0 3
986.8000000001558 140.5999999999963 8.0 3
986.8000000001558 983.400000000155 8.0 3
987.0000000001559 57.100000000000556 8.0 3
987.1000000001559 890.700000000134 8.0 3
987.700000000156 533.1000000000527 8.0 3
987.800000000156 867.6000000001287 8.0 3
988.1000000001561 451.40000000003414 8.0 3
988.4000000001562 586.7000000000648 8.0 3
988.4000000001562 769.1000000001063 8.0 3
988.8000000001563 908.7000000001381 8.0 10
988.9000000001563 194.09999999999326 8.0 10
989.6000000001565 220.69999999999175 8.0 10
989.6000000001565 705.0000000000917 8.0 10
989.7000000001565 35.60000000000025 8.0 10
989.7000000001565 351.0000000000113 8.0 10
990.7000000001567 178.09999999999417 8.0 10
990.9000000001568 553.2000000000572 8.0 10
990.9000000001568 721.7000000000955 8.0 10
990.9000000001568 849.9000000001247 8.0 10
501.9000000000456 171.19999999999456 4.0 4
507.5000000000469 322.0000000000047 4.0 4
508.9000000000472 167.1999999999948 4.0 4
509.50000000004735 313.80000000000285 4.0 4
511.1000000000477 984.0000000001552 4.0 4
513.3000000000482 995.7000000001578 4.0 4
513.5000000000482 219.7999999999918 4.0 4
515.9000000000487 263.29999999999137 4.0 4
516.5000000000489 317.70000000000374 4.0 4
516.6000000000489 441.5000000000319 4.0 4
517.5000000000491 988.8000000001563 4.0 9
518.5000000000493 980.8000000001545 4.0 9
521.30000000005 995.9000000001579 4.0 9
523.2000000000504 436.90000000003084 4.0 9
529.5000000000518 512.3000000000479 4.0 9
536.6000000000535 516.0000000000488 4.0 9
539.200000000054 508.4000000000471 4.0 9
542.1000000000547 156.69999999999538 4.0 9
542.2000000000547 253.0999999999899 4.0 9
543.8000000000551 227.79999999999134 4.0 9
52.30000000000047 592.4000000000661 2.0 5
52.30000000000047 601.8000000000683 2.0 5
52.30000000000047 656.4000000000807 2.0 5
52.30000000000047 665.8000000000828 2.0 5
52.30000000000047 720.4000000000952 2.0 5
52.30000000000047 729.8000000000974 2.0 5
52.30000000000047 784.4000000001098 2.0 5
52.30000000000047 793.8000000001119 2.0 5
52.30000000000047 848.4000000001244 2.0 8
52.30000000000047 857.8000000001265 2.0 8
52.30000000000047 912.4000000001389 2.0 8
52.30000000000047 921.800000000141 2.0 8
55.80000000000052 56.30000000000053 2.0 8
57.20000000000054 65.50000000000055 2.0 8
57.50000000000055 9.399999999999983 2.0 8
58.40000000000056 59.400000000000574 2.0 8
20.10000000000002 662.300000000082 1.0 6
20.10000000000002 726.3000000000966 1.0 6
20.10000000000002 790.3000000001111 1.0 6
20.10000000000002 854.3000000001257 1.0 6
20.10000000000002 918.3000000001402 1.0 6
20.600000000000026 147.09999999999593 1.0 6
21.000000000000032 468.300000000038 1.0 6
21.000000000000032 532.3000000000525 1.0 6
21.000000000000032 596.300000000067 1.0 7
21.000000000000032 660.3000000000816 1.0 7
21.000000000000032 724.3000000000961 1.0 7
21.000000000000032 788.3000000001107 1.0 7
21.000000000000032 852.3000000001252 1.0 7
21.000000000000032 916.3000000001398 1.0 7
21.800000000000043 93.29999999999897 1.0 7
991.0000000001568 112.69999999999789 8.0 3
991.0000000001568 486.3000000000421 8.0 3
991.5000000001569 747.4000000001014 8.0 3
991.800000000157 945.6000000001465 8.0 3
544.5000000000553 383.9000000000188 4.0 4
546.8000000000558 394.1000000000211 4.0 4
547.3000000000559 965.500000000151 4.0 4
550.3000000000566 120.69999999999742 4.0 4
550.3000000000566 324.2000000000052 4.0 4
553.9000000000574 970.100000000152 4.0 4
554.1000000000574 961.20000000015 4.0 4
555.3000000000577 995.9000000001579 4.0 4
558.1000000000583 50.400000000000446 4.0 4
558.8000000000585 988.4000000001562 4.0 4
562.7000000000594 359.7000000000133 4.0 9
563.3000000000595 995.1000000001577 4.0 9
570.5000000000612 4.0 4.0 9
571.2000000000613 181.199999999994 4.0 9
576.8000000000626 298.6999999999994 4.0 9
578.0000000000629 544.3000000000552 4.0 9
578.600000000063 395.7000000000215 4.0 9
583.9000000000642 368.70000000001534 4.0 9
584.1000000000643 473.00000000003905 4.0 9
584.1000000000643 549.5000000000564 4.0 9
60.200000000000585 6.399999999999993 2.0 5
60.40000000000059 2.0 2.0 5
60.40000000000059 62.900000000000624 2.0 5
61.4000000000006 966.2000000001511 2.0 5
62.70000000000062 451.80000000003423 2.0 5
62.70000000000062 486.4000000000421 2.0 5
64.00000000000064 3.8000000000000016 2.0 8
65.20000000000057 429.7000000000292 2.0 8
65.50000000000055 507.0000000000468 2.0 8
65.50000000000055 571.0000000000613 2.0 8
65.50000000000055 635.0000000000758 2.0 8
65.50000000000055 699.0000000000904 2.0 8
21.900000000000045 140.99999999999628 1.0 6
21.900000000000045 148.69999999999584 1.0 6
21.900000000000045 368.0000000000152 1.0 6
22.700000000000056 469.40000000003823 1.0 6
22.700000000000056 533.4000000000527 1.0 6
22.700000000000056 597.4000000000673 1.0 7
22.700000000000056 661.4000000000818 1.0 7
22.700000000000056 725.4000000000964 1.0 7
22.700000000000056 789.4000000001109 1.0 7
22.700000000000056 853.4000000001255 1.0 7
587.1000000000649 111.09999999999796 4.0 4
587.7000000000651 202.89999999999276 4.0 4
588.2000000000652 542.6000000000548 4.0 4
590.9000000000658 931.9000000001433 4.0 4
591.5000000000659 273.0999999999936 4.0 4
592.000000000066 67.90000000000042 4.0 4
595.3000000000668 75.2 4.0 4
596.7000000000671 926.200000000142 4.0 9
596.9000000000672 423.2000000000277 4.0 9
600.0000000000679 67.70000000000043 4.0 9
601.1000000000681 932.9000000001436 4.0 9
607.8000000000696 65.70000000000054 4.0 9
612.0000000000706 516.800000000049 4.0 9
614.9000000000713 62.00000000000061 4.0 9
616.0000000000715 158.3999999999953 4.0 9
65.50000000000055 763.0000000001049 2.0 5
65.50000000000055 827.0000000001195 2.0 5
65.50000000000055 891.000000000134 2.0 5
65.90000000000053 433.7000000000301 2.0 5
66.00000000000053 501.50000000004553 2.0 5
68.70000000000037 504.5000000000462 2.0 8
69.60000000000032 70.50000000000027 2.0 8
69.70000000000032 435.0000000000304 2.0 8
72.60000000000015 73.20000000000012 2.0 8
22.700000000000056 917.40000000014 1.0 6
22.800000000000058 146.79999999999595 1.0 6
23.200000000000063 366.3000000000148 1.0 6
23.70000000000007 141.89999999999623 1.0 6
23.80000000000007 368.70000000001534 1.0 7
24.40000000000008 130.79999999999686 1.0 7
24.40000000000008 143.79999999999612 1.0 7
25.300000000000093 140.6999999999963 1.0 7
616.0000000000715 248.0999999999902 4.0 4
616.7000000000717 355.7000000000124 4.0 4
617.9000000000719 586.0000000000647 4.0 4
621.0000000000726 56.80000000000054 4.0 4
621.4000000000727 317.9000000000038 4.0 4
622.700000000073 592.4000000000661 4.0 9
623.1000000000731 244.3999999999904 4.0 9
626.7000000000739 492.9000000000436 4.0 9
628.1000000000743 887.5000000001332 4.0 9
628.3000000000743 586.6000000000648 4.0 9
73.10000000000012 950.5000000001476 2.0 5
73.4000000000001 566.0000000000601 2.0 5
73.4000000000001 630.0000000000747 2.0 5
73.4000000000001 694.0000000000892 2.0 8
73.4000000000001 758.0000000001038 2.0 8
73.4000000000001 822.0000000001183 2.0 8
25.500000000000096 369.8000000000156 1.0 6
26.800000000000114 985.9000000001556 1.0 6
28.200000000000134 981.9000000001547 1.0 7
28.400000000000137 994.8000000001576 1.0 7
28.800000000000143 134.79999999999663 1.0 7
628.9000000000744 19.900000000000013 4.0 4
629.5000000000746 424.400000000028 4.0 4
630.1000000000747 240.39999999999063 4.0 4
632.0000000000751 133.29999999999671 4.0 9
632.2000000000752 228.4999999999913 4.0 9
73.4000000000001 886.0000000001329 2.0 5
74.00000000000007 33.70000000000021 2.0 5
75.69999999999997 70.60000000000026 2.0 8
76.49999999999993 997.9000000001583 2.0 8
29.000000000000146 98.1999999999987 1.0 6
30.200000000000163 99.7999999999986 1.0 6
30.500000000000167 129.69999999999692 1.0 7
632.5000000000753 880.6000000001317 4.0 4
634.7000000000758 246.99999999999025 4.0 4
636.4000000000761 235.3999999999909 4.0 9
637.0000000000763 14.499999999999963 4.0 9
76.9999999999999 484.6000000000417 2.0 5
77.89999999999985 34.60000000000022 2.0 8
30.70000000000017 996.500000000158 1.0 6
30.70000000000017 998.9000000001586 1.0 7
638.2000000000766 886.300000000133 4.0 4
638.3000000000766 4.0 4.0 9
77.99999999999984 500.30000000004526 2.0 5
80.39999999999971 496.9000000000445 2.0 8
30.900000000000173 97.39999999999874 1.0 6
31.700000000000184 128.099999999997 1.0 7
642.6000000000776 972.9000000001527 4.0 4
643.7000000000778 9.999999999999979 4.0 9
