64.0 64.0 64.0 6
64.0 192.0 64.0 6
64.0 320.0 64.0 6
64.0 448.0 64.0 6
64.0 576.0 64.0 6
64.0 704.0 64.0 6
64.0 832.0 64.0 6
139.0 936.0 64.0 6
175.0 128.0 64.0 6
175.0 256.0 64.0 6
175.0 384.0 64.0 6
175.0 512.0 64.0 6
175.0 640.0 64.0 6
175.0 768.0 64.0 6
250.0 872.0 64.0 6
286.0 64.0 64.0 6
286.0 192.0 64.0 6
286.0 320.0 64.0 6
286.0 448.0 64.0 6
286.0 576.0 64.0 6
286.0 704.0 64.0 6
361.0 808.0 64.0 6
361.0 936.0 64.0 6
397.0 128.0 64.0 6
397.0 256.0 64.0 6
397.0 384.0 64.0 6
397.0 512.0 64.0 6
397.0 640.0 64.0 6
472.0 744.0 64.0 6
472.0 872.0 64.0 6
508.0 64.0 64.0 6
508.0 192.0 64.0 6
508.0 320.0 64.0 6
508.0 448.0 64.0 6
508.0 576.0 64.0 6
583.0 680.0 64.0 6
583.0 808.0 64.0 6
583.0 936.0 64.0 6
619.0 128.0 64.0 6
619.0 256.0 64.0 6
619.0 384.0 64.0 6
619.0 512.0 64.0 6
694.0 616.0 64.0 6
694.0 744.0 64.0 6
694.0 872.0 64.0 6
730.0 64.0 64.0 6
730.0 192.0 64.0 6
730.0 320.0 64.0 6
730.0 448.0 64.0 6
805.0 552.0 64.0 6
805.0 680.0 64.0 6
805.0 808.0 64.0 6
805.0 936.0 64.0 6
841.0 128.0 64.0 6
841.0 256.0 64.0 6
841.0 384.0 64.0 6
916.0 488.0 64.0 6
916.0 616.0 64.0 6
32.0 923.0 32.0 7
155.0 32.0 32.0 7
230.0 967.0 32.0 7
377.0 32.0 32.0 7
452.0 967.0 32.0 7
599.0 32.0 32.0 7
674.0 967.0 32.0 7
821.0 32.0 32.0 7
877.0 744.0 32.0 7
877.0 872.0 32.0 7
885.0 32.0 32.0 7
896.0 967.0 32.0 7
901.0 804.0 32.0 7
913.0 192.0 32.0 7
913.0 320.0 32.0 7
926.0 82.0 32.0 7
928.0 911.0 32.0 7
932.0 711.0 32.0 7
937.0 252.0 32.0 7
937.0 380.0 32.0 7
947.0 849.0 32.0 7
952.0 141.0 32.0 7
956.0 771.0 32.0 7
960.0 967.0 32.0 7
966.0 32.0 32.0 7
16.0 128.0 16.0 8
16.0 256.0 16.0 8
16.0 384.0 16.0 8
16.0 512.0 16.0 8
16.0 640.0 16.0 8
16.0 768.0 16.0 8
16.0 969.0 16.0 8
45.0 983.0 16.0 8
141.0 854.0 16.0 8
173.0 848.0 16.0 8
200.0 49.0 16.0 8
201.0 16.0 16.0 8
252.0 790.0 16.0 8
275.0 948.0 16.0 8
275.0 984.0 16.0 8
284.0 784.0 16.0 8
363.0 726.0 16.0 8
395.0 720.0 16.0 8
422.0 49.0 16.0 8
423.0 16.0 16.0 8
474.0 662.0 16.0 8
497.0 948.0 16.0 8
497.0 984.0 16.0 8
506.0 656.0 16.0 8
585.0 598.0 16.0 8
617.0 592.0 16.0 8
644.0 49.0 16.0 8
645.0 16.0 16.0 8
696.0 534.0 16.0 8
719.0 948.0 16.0 8
719.0 984.0 16.0 8
728.0 528.0 16.0 8
807.0 470.0 16.0 8
839.0 464.0 16.0 8
884.0 693.0 16.0 8
956.0 297.0 16.0 8
959.0 206.0 16.0 8
959.0 334.0 16.0 8
962.0 421.0 16.0 8
964.0 552.0 16.0 8
967.0 678.0 16.0 8
972.0 96.0 16.0 8
972.0 890.0 16.0 8
977.0 922.0 16.0 8
978.0 725.0 16.0 8
979.0 181.0 16.0 8
980.0 274.0 16.0 8
980.0 813.0 16.0 8
981.0 230.0 16.0 8
981.0 358.0 16.0 8
983.0 394.0 16.0 8
984.0 313.0 16.0 8
984.0 445.0 16.0 8
8.0 8.0 8.0 9
8.0 878.0 8.0 9
8.0 992.0 8.0 9
50.0 959.0 8.0 9
63.0 949.0 8.0 9
64.0 967.0 8.0 9
68.0 904.0 8.0 9
68.0 990.0 8.0 9
78.0 975.0 8.0 9
84.0 990.0 8.0 9
97.0 128.0 8.0 9
97.0 256.0 8.0 9
97.0 384.0 8.0 9
97.0 512.0 8.0 9
97.0 640.0 8.0 9
97.0 768.0 8.0 9
110.0 8.0 8.0 9
136.0 189.0 8.0 9
136.0 317.0 8.0 9
136.0 445.0 8.0 9
136.0 573.0 8.0 9
136.0 701.0 8.0 9
136.0 829.0 8.0 9
172.0 872.0 8.0 9
185.0 992.0 8.0 9
208.0 192.0 8.0 9
208.0 320.0 8.0 9
208.0 448.0 8.0 9
208.0 576.0 8.0 9
208.0 704.0 8.0 9
218.0 33.0 8.0 9
224.0 8.0 8.0 9
240.0 8.0 8.0 9
247.0 125.0 8.0 9
247.0 253.0 8.0 9
247.0 381.0 8.0 9
247.0 509.0 8.0 9
247.0 637.0 8.0 9
247.0 765.0 8.0 9
283.0 808.0 8.0 9
291.0 966.0 8.0 9
298.0 991.0 8.0 9
314.0 991.0 8.0 9
319.0 128.0 8.0 9
319.0 256.0 8.0 9
319.0 384.0 8.0 9
319.0 512.0 8.0 9
319.0 640.0 8.0 9
322.0 869.0 8.0 9
332.0 8.0 8.0 9
358.0 189.0 8.0 9
358.0 317.0 8.0 9
358.0 445.0 8.0 9
358.0 573.0 8.0 9
358.0 701.0 8.0 3
394.0 744.0 8.0 3
394.0 872.0 8.0 3
407.0 992.0 8.0 3
430.0 192.0 8.0 3
430.0 320.0 8.0 3
430.0 448.0 8.0 3
430.0 576.0 8.0 3
433.0 805.0 8.0 3
440.0 33.0 8.0 3
446.0 8.0 8.0 3
462.0 8.0 8.0 3
469.0 125.0 8.0 3
469.0 253.0 8.0 3
469.0 381.0 8.0 3
469.0 509.0 8.0 3
469.0 637.0 8.0 3
505.0 680.0 8.0 3
505.0 808.0 8.0 3
513.0 966.0 8.0 3
520.0 991.0 8.0 3
536.0 991.0 8.0 3
541.0 128.0 8.0 3
541.0 256.0 8.0 3
541.0 384.0 8.0 3
541.0 512.0 8.0 3
544.0 741.0 8.0 3
544.0 869.0 8.0 3
554.0 8.0 8.0 3
580.0 189.0 8.0 3
580.0 317.0 8.0 3
580.0 445.0 8.0 3
580.0 573.0 8.0 3
616.0 616.0 8.0 3
616.0 744.0 8.0 3
616.0 872.0 8.0 3
629.0 992.0 8.0 3
652.0 192.0 8.0 3
652.0 320.0 8.0 3
652.0 448.0 8.0 3
655.0 677.0 8.0 3
655.0 805.0 8.0 3
662.0 33.0 8.0 3
668.0 8.0 8.0 3
684.0 8.0 8.0 3
691.0 125.0 8.0 3
691.0 253.0 8.0 3
691.0 381.0 8.0 3
691.0 509.0 8.0 3
727.0 552.0 8.0 3
727.0 680.0 8.0 3
727.0 808.0 8.0 3
735.0 966.0 8.0 3
742.0 991.0 8.0 3
758.0 991.0 8.0 3
763.0 128.0 8.0 3
763.0 256.0 8.0 3
763.0 384.0 8.0 3
4.0 20.0 4.0 10
4.0 28.0 4.0 10
4.0 96.0 4.0 10
4.0 104.0 4.0 10
4.0 112.0 4.0 10
4.0 144.0 4.0 10
4.0 152.0 4.0 10
4.0 160.0 4.0 10
4.0 224.0 4.0 10
4.0 232.0 4.0 10
4.0 240.0 4.0 10
4.0 272.0 4.0 10
4.0 280.0 4.0 10
4.0 288.0 4.0 10
4.0 352.0 4.0 10
4.0 360.0 4.0 10
4.0 368.0 4.0 10
4.0 400.0 4.0 10
4.0 408.0 4.0 10
4.0 416.0 4.0 10
4.0 480.0 4.0 10
4.0 488.0 4.0 10
4.0 496.0 4.0 10
4.0 528.0 4.0 10
4.0 536.0 4.0 10
4.0 544.0 4.0 10
4.0 608.0 4.0 10
4.0 616.0 4.0 10
4.0 624.0 4.0 10
4.0 656.0 4.0 10
4.0 664.0 4.0 10
4.0 672.0 4.0 10
4.0 736.0 4.0 10
4.0 744.0 4.0 10
4.0 752.0 4.0 10
4.0 784.0 4.0 10
4.0 792.0 4.0 10
4.0 800.0 4.0 10
4.0 864.0 4.0 10
4.0 890.0 4.0 10
4.0 898.0 4.0 10
4.0 946.0 4.0 10
11.0 108.0 4.0 10
11.0 148.0 4.0 10
11.0 236.0 4.0 10
11.0 276.0 4.0 10
11.0 364.0 4.0 10
11.0 404.0 4.0 10
11.0 492.0 4.0 10
11.0 532.0 4.0 10
11.0 620.0 4.0 10
11.0 660.0 4.0 10
11.0 748.0 4.0 10
11.0 788.0 4.0 10
12.0 20.0 4.0 10
12.0 890.0 4.0 2
19.0 13.0 4.0 2
19.0 883.0 4.0 2
20.0 4.0 4.0 2
20.0 989.0 4.0 2
24.0 996.0 4.0 2
28.0 4.0 4.0 2
34.0 959.0 4.0 2
36.0 126.0 4.0 2
36.0 254.0 4.0 2
36.0 382.0 4.0 2
36.0 510.0 4.0 2
36.0 638.0 4.0 2
36.0 766.0 4.0 2
66.0 935.0 4.0 2
68.0 916.0 4.0 2
68.0 924.0 4.0 2
72.0 957.0 4.0 2
79.0 899.0 4.0 2
95.0 995.0 4.0 2
96.0 4.0 4.0 2
103.0 994.0 4.0 2
105.0 119.0 4.0 2
105.0 137.0 4.0 2
105.0 247.0 4.0 2
105.0 265.0 4.0 2
105.0 375.0 4.0 2
105.0 393.0 4.0 2
105.0 503.0 4.0 2
105.0 521.0 4.0 2
105.0 631.0 4.0 2
105.0 649.0 4.0 2
105.0 759.0 4.0 2
105.0 777.0 4.0 2
115.0 19.0 4.0 2
121.0 13.0 4.0 2
121.0 870.0 4.0 2
122.0 4.0 4.0 2
130.0 4.0 4.0 2
131.0 76.0 4.0 2
131.0 204.0 4.0 2
131.0 332.0 4.0 2
131.0 460.0 4.0 2
131.0 588.0 4.0 2
131.0 716.0 4.0 2
132.0 60.0 4.0 2
132.0 68.0 4.0 2
140.0 65.0 4.0 2
147.0 194.0 4.0 2
147.0 322.0 4.0 2
147.0 450.0 4.0 2
147.0 578.0 4.0 2
147.0 706.0 4.0 2
147.0 834.0 4.0 2
154.0 838.0 4.0 2
155.0 869.0 4.0 2
162.0 865.0 4.0 2
2.0 34.0 2.0 11
2.0 38.0 2.0 11
2.0 87.0 2.0 11
2.0 166.0 2.0 11
2.0 215.0 2.0 11
2.0 294.0 2.0 11
2.0 343.0 2.0 11
2.0 422.0 2.0 11
2.0 471.0 2.0 11
2.0 550.0 2.0 11
2.0 599.0 2.0 11
2.0 678.0 2.0 11
2.0 727.0 2.0 11
2.0 806.0 2.0 11
2.0 855.0 2.0 11
2.0 870.0 2.0 11
2.0 904.0 2.0 11
2.0 939.0 2.0 11
2.0 952.0 2.0 11
2.0 956.0 2.0 11
2.0 981.0 2.0 11
6.0 952.0 2.0 11
10.0 26.0 2.0 11
10.0 102.0 2.0 11
10.0 154.0 2.0 11
10.0 230.0 2.0 11
10.0 282.0 2.0 11
10.0 358.0 2.0 11
10.0 410.0 2.0 11
10.0 486.0 2.0 11
10.0 538.0 2.0 11
10.0 614.0 2.0 11
10.0 666.0 2.0 11
10.0 742.0 2.0 11
10.0 794.0 2.0 11
10.0 896.0 2.0 11
10.0 949.0 2.0 11
16.0 998.0 2.0 11
18.0 889.0 2.0 11
22.0 889.0 2.0 11
24.0 9.0 2.0 11
25.0 886.0 2.0 11
25.0 985.0 2.0 11
26.0 989.0 2.0 11
28.0 889.0 2.0 11
29.0 992.0 2.0 11
30.0 996.0 2.0 11
34.0 2.0 2.0 11
34.0 132.0 2.0 11
34.0 260.0 2.0 11
34.0 388.0 2.0 11
34.0 516.0 2.0 11
34.0 644.0 2.0 11
34.0 772.0 2.0 11
34.0 965.0 2.0 11
34.0 998.0 2.0 1
38.0 2.0 2.0 1
38.0 964.0 2.0 1
40.0 957.0 2.0 1
41.0 130.0 2.0 1
41.0 258.0 2.0 1
41.0 386.0 2.0 1
41.0 514.0 2.0 1
41.0 642.0 2.0 1
41.0 770.0 2.0 1
42.0 965.0 2.0 1
44.0 127.0 2.0 1
44.0 255.0 2.0 1
44.0 383.0 2.0 1
44.0 511.0 2.0 1
44.0 639.0 2.0 1
44.0 767.0 2.0 1
55.0 998.0 2.0 1
56.0 898.0 2.0 1
59.0 995.0 2.0 1
60.0 898.0 2.0 1
62.0 977.0 2.0 1
62.0 998.0 2.0 1
63.0 981.0 2.0 1
66.0 977.0 2.0 1
69.0 941.0 2.0 1
69.0 980.0 2.0 1
70.0 930.0 2.0 1
72.0 934.0 2.0 1
72.0 938.0 2.0 1
72.0 944.0 2.0 1
73.0 920.0 2.0 1
73.0 948.0 2.0 1
74.0 912.0 2.0 1
74.0 916.0 2.0 1
74.0 924.0 2.0 1
74.0 963.0 2.0 1
74.0 998.0 2.0 1
77.0 909.0 2.0 1
78.0 905.0 2.0 1
78.0 962.0 2.0 1
78.0 998.0 2.0 1
81.0 128.0 2.0 1
81.0 256.0 2.0 1
81.0 384.0 2.0 1
81.0 512.0 2.0 1
81.0 640.0 2.0 1
81.0 768.0 2.0 1
84.0 895.0 2.0 1
85.0 127.0 2.0 1
85.0 255.0 2.0 1
85.0 383.0 2.0 1
85.0 511.0 2.0 1
85.0 639.0 2.0 1
85.0 767.0 2.0 1
1.0 1.0 1.0 12
1.0 14.0 1.0 12
1.0 16.0 1.0 12
1.0 24.0 1.0 12
1.0 41.0 1.0 12
1.0 43.0 1.0 12
1.0 45.0 1.0 12
1.0 47.0 1.0 12
1.0 80.0 1.0 12
1.0 82.0 1.0 12
1.0 84.0 1.0 12
1.0 90.0 1.0 12
1.0 92.0 1.0 12
1.0 100.0 1.0 12
1.0 108.0 1.0 12
1.0 116.0 1.0 12
1.0 118.0 1.0 12
1.0 120.0 1.0 12
1.0 136.0 1.0 12
1.0 138.0 1.0 12
1.0 140.0 1.0 12
1.0 148.0 1.0 12
1.0 156.0 1.0 12
1.0 169.0 1.0 12
1.0 171.0 1.0 12
1.0 173.0 1.0 12
1.0 175.0 1.0 12
1.0 208.0 1.0 12
1.0 210.0 1.0 12
1.0 212.0 1.0 12
1.0 218.0 1.0 12
1.0 220.0 1.0 12
1.0 228.0 1.0 12
1.0 236.0 1.0 12
1.0 244.0 1.0 12
1.0 246.0 1.0 12
1.0 248.0 1.0 12
1.0 264.0 1.0 12
1.0 266.0 1.0 12
1.0 268.0 1.0 12
1.0 276.0 1.0 12
1.0 284.0 1.0 12
1.0 297.0 1.0 12
1.0 299.0 1.0 12
1.0 301.0 1.0 12
1.0 303.0 1.0 12
1.0 336.0 1.0 12
1.0 338.0 1.0 12
1.0 340.0 1.0 12
1.0 346.0 1.0 12
1.0 348.0 1.0 12
1.0 356.0 1.0 12
1.0 364.0 1.0 12
1.0 372.0 1.0 12
1.0 374.0 1.0 12
1.0 376.0 1.0 0
1.0 392.0 1.0 0
1.0 394.0 1.0 0
1.0 396.0 1.0 0
1.0 404.0 1.0 0
1.0 412.0 1.0 0
1.0 425.0 1.0 0
1.0 427.0 1.0 0
1.0 429.0 1.0 0
1.0 431.0 1.0 0
1.0 464.0 1.0 0
1.0 466.0 1.0 0
1.0 468.0 1.0 0
1.0 474.0 1.0 0
1.0 476.0 1.0 0
1.0 484.0 1.0 0
1.0 492.0 1.0 0
1.0 500.0 1.0 0
1.0 502.0 1.0 0
1.0 504.0 1.0 0
1.0 520.0 1.0 0
1.0 522.0 1.0 0
1.0 524.0 1.0 0
1.0 532.0 1.0 0
1.0 540.0 1.0 0
1.0 553.0 1.0 0
1.0 555.0 1.0 0
1.0 557.0 1.0 0
1.0 559.0 1.0 0
1.0 592.0 1.0 0
1.0 594.0 1.0 0
1.0 596.0 1.0 0
1.0 602.0 1.0 0
1.0 604.0 1.0 0
1.0 612.0 1.0 0
1.0 620.0 1.0 0
1.0 628.0 1.0 0
1.0 630.0 1.0 0
1.0 632.0 1.0 0
1.0 648.0 1.0 0
1.0 650.0 1.0 0
1.0 652.0 1.0 0
1.0 660.0 1.0 0
1.0 668.0 1.0 0
1.0 681.0 1.0 0
1.0 683.0 1.0 0
1.0 685.0 1.0 0
1.0 687.0 1.0 0
1.0 720.0 1.0 0
1.0 722.0 1.0 0
1.0 724.0 1.0 0
1.0 730.0 1.0 0
1.0 732.0 1.0 0
1.0 740.0 1.0 0
1.0 748.0 1.0 0
766.0 613.0 8.0 9
766.0 741.0 8.0 9
766.0 869.0 8.0 9
776.0 8.0 8.0 9
802.0 189.0 8.0 9
802.0 317.0 8.0 9
802.0 445.0 8.0 9
838.0 488.0 8.0 9
838.0 616.0 8.0 9
851.0 992.0 8.0 9
853.0 8.0 8.0 9
853.0 56.0 8.0 9
873.0 912.0 8.0 9
877.0 549.0 8.0 9
877.0 928.0 8.0 9
887.0 72.0 8.0 9
906.0 415.0 8.0 9
906.0 844.0 8.0 9
909.0 152.0 8.0 9
912.0 764.0 8.0 9
913.0 120.0 8.0 9
917.0 8.0 8.0 9
918.0 749.0 8.0 9
924.0 23.0 8.0 9
924.0 41.0 8.0 9
928.0 991.0 8.0 9
933.0 8.0 8.0 9
941.0 809.0 8.0 9
952.0 181.0 8.0 9
965.0 72.0 8.0 9
971.0 702.0 8.0 3
975.0 530.0 8.0 3
975.0 574.0 8.0 3
977.0 655.0 8.0 3
981.0 70.0 8.0 3
983.0 205.0 8.0 3
983.0 515.0 8.0 3
983.0 588.0 8.0 3
983.0 867.0 8.0 3
984.0 117.0 8.0 3
984.0 640.0 8.0 3
985.0 694.0 8.0 3
986.0 418.0 8.0 3
986.0 469.0 8.0 3
986.0 542.0 8.0 3
986.0 562.0 8.0 3
986.0 837.0 8.0 3
987.0 604.0 8.0 3
988.0 485.0 8.0 3
988.0 620.0 8.0 3
988.0 747.0 8.0 3
989.0 157.0 8.0 3
989.0 666.0 8.0 3
991.0 132.0 8.0 3
991.0 252.0 8.0 3
991.0 336.0 8.0 3
991.0 501.0 8.0 3
991.0 791.0 8.0 3
991.0 853.0 8.0 3
992.0 82.0 8.0 3
171.0 996.0 4.0 10
178.0 4.0 4.0 10
178.0 60.0 4.0 10
180.0 881.0 4.0 10
189.0 835.0 4.0 10
190.0 981.0 4.0 10
196.0 987.0 4.0 10
197.0 995.0 4.0 10
205.0 993.0 4.0 10
206.0 924.0 4.0 10
207.0 68.0 4.0 10
207.0 932.0 4.0 10
214.0 64.0 4.0 10
214.0 72.0 4.0 10
215.0 931.0 4.0 10
216.0 183.0 4.0 10
216.0 201.0 4.0 10
216.0 311.0 4.0 10
216.0 329.0 4.0 10
216.0 439.0 4.0 10
216.0 457.0 4.0 2
216.0 567.0 4.0 2
216.0 585.0 4.0 2
216.0 695.0 4.0 2
216.0 713.0 4.0 2
220.0 45.0 4.0 2
221.0 20.0 4.0 2
228.0 24.0 4.0 2
232.0 17.0 4.0 2
232.0 806.0 4.0 2
242.0 140.0 4.0 2
242.0 268.0 4.0 2
242.0 396.0 4.0 2
242.0 524.0 4.0 2
242.0 652.0 4.0 2
252.0 4.0 4.0 2
252.0 996.0 4.0 2
254.0 940.0 4.0 2
258.0 130.0 4.0 2
258.0 258.0 4.0 2
258.0 386.0 4.0 2
87.0 2.0 2.0 11
87.0 980.0 2.0 11
88.0 894.0 2.0 11
91.0 982.0 2.0 11
94.0 985.0 2.0 11
94.0 989.0 2.0 11
98.0 988.0 2.0 11
102.0 2.0 2.0 11
107.0 125.0 2.0 11
107.0 129.0 2.0 11
107.0 253.0 2.0 11
107.0 257.0 2.0 11
107.0 381.0 2.0 11
107.0 385.0 2.0 11
107.0 509.0 2.0 11
107.0 513.0 2.0 11
107.0 637.0 2.0 1
107.0 641.0 2.0 1
107.0 765.0 2.0 1
107.0 769.0 2.0 1
108.0 998.0 2.0 1
109.0 113.0 2.0 1
109.0 142.0 2.0 1
109.0 241.0 2.0 1
109.0 270.0 2.0 1
109.0 369.0 2.0 1
109.0 398.0 2.0 1
109.0 497.0 2.0 1
109.0 526.0 2.0 1
109.0 625.0 2.0 1
109.0 654.0 2.0 1
109.0 753.0 2.0 1
109.0 782.0 2.0 1
112.0 997.0 2.0 1
1.0 756.0 1.0 12
1.0 758.0 1.0 12
1.0 760.0 1.0 12
1.0 776.0 1.0 12
1.0 778.0 1.0 12
1.0 780.0 1.0 12
1.0 788.0 1.0 12
1.0 796.0 1.0 12
1.0 809.0 1.0 12
1.0 811.0 1.0 12
1.0 813.0 1.0 12
1.0 815.0 1.0 12
1.0 848.0 1.0 12
1.0 850.0 1.0 12
1.0 852.0 1.0 12
1.0 858.0 1.0 12
1.0 860.0 1.0 12
1.0 884.0 1.0 0
1.0 886.0 1.0 0
1.0 894.0 1.0 0
1.0 907.0 1.0 0
1.0 909.0 1.0 0
1.0 911.0 1.0 0
1.0 935.0 1.0 0
1.0 942.0 1.0 0
1.0 959.0 1.0 0
1.0 961.0 1.0 0
1.0 977.0 1.0 0
1.0 984.0 1.0 0
1.0 986.0 1.0 0
1.0 998.0 1.0 0
3.0 41.0 1.0 0
3.0 90.0 1.0 0
3.0 117.0 1.0 0
3.0 139.0 1.0 0
992.0 941.0 8.0 9
992.0 991.0 8.0 9
258.0 514.0 4.0 10
258.0 642.0 4.0 10
258.0 770.0 4.0 10
265.0 774.0 4.0 10
266.0 805.0 4.0 10
266.0 966.0 4.0 10
273.0 801.0 4.0 10
286.0 930.0 4.0 10
291.0 817.0 4.0 10
292.0 936.0 4.0 10
293.0 925.0 4.0 10
295.0 953.0 4.0 10
295.0 978.0 4.0 10
300.0 771.0 4.0 10
302.0 971.0 4.0 2
303.0 979.0 4.0 2
317.0 884.0 4.0 2
318.0 4.0 4.0 2
325.0 996.0 4.0 2
327.0 119.0 4.0 2
327.0 137.0 4.0 2
327.0 247.0 4.0 2
327.0 265.0 4.0 2
327.0 375.0 4.0 2
327.0 393.0 4.0 2
327.0 503.0 4.0 2
327.0 521.0 4.0 2
115.0 874.0 2.0 11
116.0 998.0 2.0 11
118.0 25.0 2.0 11
120.0 29.0 2.0 11
121.0 19.0 2.0 11
122.0 23.0 2.0 11
122.0 864.0 2.0 11
124.0 860.0 2.0 11
126.0 9.0 2.0 11
126.0 864.0 2.0 11
127.0 868.0 2.0 1
128.0 175.0 2.0 1
128.0 303.0 2.0 1
128.0 431.0 2.0 1
128.0 559.0 2.0 1
128.0 687.0 2.0 1
128.0 815.0 2.0 1
129.0 179.0 2.0 1
129.0 307.0 2.0 1
3.0 169.0 1.0 12
3.0 218.0 1.0 12
3.0 245.0 1.0 12
3.0 267.0 1.0 12
3.0 297.0 1.0 12
3.0 346.0 1.0 12
3.0 373.0 1.0 12
3.0 395.0 1.0 0
3.0 425.0 1.0 0
3.0 474.0 1.0 0
3.0 501.0 1.0 0
3.0 523.0 1.0 0
3.0 553.0 1.0 0
3.0 602.0 1.0 0
327.0 631.0 4.0 10
327.0 649.0 4.0 10
333.0 874.0 4.0 10
337.0 19.0 4.0 10
343.0 13.0 4.0 10
343.0 742.0 4.0 10
344.0 4.0 4.0 10
352.0 4.0 4.0 2
353.0 76.0 4.0 2
353.0 204.0 4.0 2
353.0 332.0 4.0 2
353.0 460.0 4.0 2
353.0 588.0 4.0 2
354.0 60.0 4.0 2
129.0 435.0 2.0 11
129.0 563.0 2.0 11
129.0 691.0 2.0 11
129.0 819.0 2.0 11
130.0 197.0 2.0 1
130.0 325.0 2.0 1
130.0 453.0 2.0 1
130.0 581.0 2.0 1
3.0 629.0 1.0 12
3.0 651.0 1.0 12
3.0 681.0 1.0 12
3.0 730.0 1.0 12
3.0 757.0 1.0 0
3.0 779.0 1.0 0
3.0 809.0 1.0 0
354.0 68.0 4.0 10
362.0 65.0 4.0 10
369.0 194.0 4.0 10
369.0 322.0 4.0 10
369.0 450.0 4.0 10
369.0 578.0 4.0 2
369.0 706.0 4.0 2
376.0 710.0 4.0 2
130.0 709.0 2.0 11
130.0 837.0 2.0 11
131.0 869.0 2.0 11
133.0 179.0 2.0 1
133.0 307.0 2.0 1
3.0 858.0 1.0 12
3.0 907.0 1.0 12
3.0 984.0 1.0 0
5.0 33.0 1.0 0
377.0 741.0 4.0 10
384.0 737.0 4.0 10
393.0 996.0 4.0 2
400.0 4.0 4.0 2
133.0 435.0 2.0 11
133.0 563.0 2.0 11
133.0 691.0 2.0 1
133.0 819.0 2.0 1
5.0 35.0 1.0 12
5.0 869.0 1.0 12
5.0 903.0 1.0 0
5.0 955.0 1.0 0
400.0 60.0 4.0 10
402.0 753.0 4.0 10
402.0 863.0 4.0 2
402.0 881.0 4.0 2
135.0 199.0 2.0 11
135.0 327.0 2.0 1
5.0 982.0 1.0 12
7.0 24.0 1.0 0
411.0 707.0 4.0 10
412.0 981.0 4.0 2
135.0 455.0 2.0 11
135.0 583.0 2.0 1
