12.0 12.0 12.0 0
12.0 36.00000000000006 12.0 0
12.0 59.99999999999869 12.0 0
12.0 83.99999999999733 12.0 0
12.0 107.99999999999596 12.0 0
12.0 131.99999999999574 12.0 0
12.0 156.0000000000012 12.0 0
12.0 180.00000000000665 12.0 0
32.80000000000024 24.000000000000206 12.0 0
32.80000000000024 47.99999999999941 12.0 0
32.80000000000024 71.99999999999805 12.0 0
32.80000000000024 95.99999999999669 12.0 0
32.80000000000024 119.99999999999532 12.0 0
32.80000000000024 143.9999999999985 12.0 0
32.80000000000024 168.00000000000395 12.0 0
46.19999999999948 187.9500000000085 12.0 0
53.599999999999056 12.000000000000036 12.0 0
53.599999999999056 36.00000000000009 12.0 0
53.599999999999056 59.99999999999873 12.0 0
53.599999999999056 83.99999999999737 12.0 0
53.599999999999056 107.999999999996 12.0 0
53.599999999999056 131.99999999999577 12.0 0
53.599999999999056 156.00000000000122 12.0 0
66.9999999999983 175.95000000000576 12.0 0
74.39999999999787 24.000000000000206 12.0 0
74.39999999999787 47.99999999999941 12.0 0
74.39999999999787 71.99999999999805 12.0 0
74.39999999999787 95.99999999999669 12.0 0
74.39999999999787 119.99999999999532 12.0 0
74.39999999999787 143.9999999999985 12.0 0
87.79999999999711 163.95000000000303 12.0 0
87.79999999999711 187.9500000000085 12.0 0
95.19999999999669 12.000000000000036 12.0 0
95.19999999999669 36.00000000000009 12.0 0
95.19999999999669 59.99999999999873 12.0 0
95.19999999999669 83.99999999999737 12.0 0
95.19999999999669 107.999999999996 12.0 0
95.19999999999669 131.99999999999577 12.0 0
108.59999999999593 151.9500000000003 12.0 0
108.59999999999593 175.95000000000576 12.0 0
115.99999999999551 24.000000000000206 12.0 0
115.99999999999551 47.99999999999941 12.0 0
115.99999999999551 71.99999999999805 12.0 0
115.99999999999551 95.99999999999669 12.0 0
115.99999999999551 119.99999999999532 12.0 0
129.39999999999515 139.94999999999757 12.0 0
129.39999999999515 163.95000000000303 12.0 0
129.39999999999515 187.9500000000085 12.0 0
136.79999999999683 12.000000000000036 12.0 0
136.79999999999683 36.00000000000009 12.0 0
136.79999999999683 59.99999999999873 12.0 0
136.79999999999683 83.99999999999737 12.0 0
136.79999999999683 107.999999999996 12.0 0
150.19999999999987 127.94999999999487 12.0 0
150.19999999999987 151.9500000000003 12.0 0
150.19999999999987 175.95000000000576 12.0 0
157.60000000000156 24.000000000000206 12.0 0
157.60000000000156 47.99999999999941 12.0 0
157.60000000000156 71.99999999999805 12.0 0
157.60000000000156 95.99999999999669 12.0 0
171.0000000000046 115.94999999999555 12.0 0
171.0000000000046 139.94999999999757 12.0 0
171.0000000000046 163.95000000000303 12.0 0
171.0000000000046 187.9500000000085 12.0 0
178.4000000000063 12.000000000000036 12.0 0
178.4000000000063 36.00000000000009 12.0 0
178.4000000000063 59.99999999999873 12.0 0
178.4000000000063 83.99999999999737 12.0 0
191.80000000000933 103.94999999999624 12.0 0
191.80000000000933 127.94999999999487 12.0 0
191.80000000000933 151.9500000000003 12.0 0
191.80000000000933 175.95000000000576 12.0 0
199.20000000001102 24.000000000000206 12.0 0
199.20000000001102 47.99999999999941 12.0 0
199.20000000001102 71.99999999999805 12.0 0
212.60000000001406 91.94999999999692 12.0 0
212.60000000001406 115.94999999999555 12.0 0
212.60000000001406 139.94999999999757 12.0 0
212.60000000001406 163.95000000000303 12.0 0
212.60000000001406 187.9500000000085 12.0 0
220.00000000001575 12.000000000000036 12.0 0
220.00000000001575 36.00000000000009 12.0 0
220.00000000001575 59.99999999999873 12.0 0
233.4000000000188 79.9499999999976 12.0 0
233.4000000000188 103.94999999999624 12.0 0
233.4000000000188 127.94999999999487 12.0 0
233.4000000000188 151.9500000000003 12.0 0
233.4000000000188 175.95000000000576 12.0 0
240.80000000002047 24.000000000000206 12.0 0
240.80000000002047 47.99999999999941 12.0 0
254.20000000002352 67.94999999999828 12.0 0
254.20000000002352 91.94999999999692 12.0 0
254.20000000002352 115.94999999999555 12.0 0
254.20000000002352 139.94999999999757 12.0 0
254.20000000002352 163.95000000000303 12.0 0
254.20000000002352 187.9500000000085 12.0 0
255.60000000002387 9.049999999999994 9.0 3
258.1000000000244 35.950000000000095 9.0 3
267.3000000000265 51.449999999999214 9.0 3
268.7000000000268 21.40000000000017 9.0 3
271.50000000002746 79.8999999999976 9.0 3
271.50000000002746 103.89999999999624 9.0 3
271.50000000002746 127.89999999999488 9.0 3
271.50000000002746 151.9000000000003 9.0 3
271.50000000002746 175.90000000000575 9.0 3
277.9000000000289 36.90000000000004 9.0 3
280.20000000002943 64.0499999999985 9.0 3
281.4000000000297 190.95000000000917 9.0 3
281.8000000000298 9.049999999999994 9.0 3
285.0000000000305 91.84999999999692 9.0 3
285.0000000000305 115.84999999999556 9.0 3
285.0000000000305 139.84999999999755 9.0 3
285.0000000000305 163.850000000003 9.0 3
290.80000000003184 49.499999999999325 9.0 3
291.0000000000319 24.550000000000214 9.0 3
293.7000000000325 75.99999999999783 9.0 3
294.9000000000328 178.90000000000643 9.0 3
298.5000000000336 103.79999999999625 9.0 3
298.5000000000336 127.79999999999488 9.0 3
298.5000000000336 151.80000000000027 9.0 3
300.200000000034 9.049999999999994 9.0 3
303.9000000000348 37.15000000000003 9.0 3
304.3000000000349 61.449999999998646 9.0 3
307.2000000000356 87.94999999999715 9.0 3
308.3000000000358 190.95000000000917 9.0 3
308.40000000003585 166.8500000000037 9.0 3
312.00000000003666 115.74999999999557 9.0 3
312.00000000003666 139.74999999999753 9.0 3
313.1000000000369 21.650000000000173 9.0 3
317.4000000000379 49.09999999999935 9.0 3
317.800000000038 73.39999999999797 9.0 3
320.70000000003864 99.89999999999647 9.0 3
321.8000000000389 178.90000000000643 9.0 3
321.9000000000389 154.80000000000095 9.0 3
325.50000000003973 127.69999999999489 9.0 3
326.00000000003985 9.049999999999994 9.0 3
326.60000000004 33.60000000000023 9.0 3
330.90000000004096 61.04999999999867 9.0 3
331.30000000004105 85.3499999999973 9.0 3
334.2000000000417 111.84999999999579 9.0 3
335.20000000004194 190.95000000000917 9.0 3
335.30000000004196 166.8500000000037 9.0 3
335.400000000042 142.7499999999982 9.0 3
339.5000000000429 21.000000000000163 9.0 3
340.10000000004305 45.54999999999955 9.0 3
344.10000000004396 126.89999999999493 9.0 3
344.40000000004403 72.999999999998 9.0 3
344.8000000000441 97.29999999999661 9.0 3
348.700000000045 178.90000000000643 9.0 3
348.80000000004503 154.80000000000095 9.0 3
353.000000000046 9.049999999999994 9.0 3
353.000000000046 32.950000000000266 9.0 3
353.6000000000461 57.49999999999887 9.0 3
354.7000000000464 112.34999999999576 9.0 3
357.500000000047 138.94999999999735 9.0 3
357.9000000000471 84.94999999999732 9.0 3
362.10000000004806 190.95000000000917 9.0 3
362.2000000000481 166.8500000000037 9.0 3
366.50000000004906 21.000000000000163 9.0 3
366.50000000004906 44.89999999999959 9.0 3
367.1000000000492 69.4499999999982 9.0 3
367.80000000004935 99.99999999999646 9.0 3
368.1000000000494 124.39999999999507 9.0 3
370.90000000005006 151.00000000000009 9.0 3
375.6000000000511 178.90000000000643 9.0 3
377.00000000005144 84.49999999999734 9.0 3
380.0000000000521 9.049999999999994 9.0 3
380.0000000000521 32.950000000000266 9.0 3
380.0000000000521 56.84999999999891 9.0 3
381.2000000000524 112.04999999999578 9.0 3
381.50000000005247 136.44999999999678 9.0 3
384.3000000000531 163.05000000000283 9.0 3
389.0000000000542 190.95000000000917 9.0 3
389.9000000000544 71.89999999999806 9.0 3
390.4000000000545 96.54999999999666 9.0 3
393.5000000000552 21.000000000000163 9.0 3
393.5000000000552 44.89999999999959 9.0 3
394.60000000005545 124.09999999999509 9.0 3
394.9000000000555 148.49999999999952 9.0 3
397.70000000005615 175.10000000000556 9.0 3
403.3000000000574 83.94999999999737 9.0 3
403.40000000005745 59.94999999999873 9.0 3
403.80000000005754 108.59999999999597 9.0 3
407.00000000005826 9.049999999999994 9.0 3
407.00000000005826 32.950000000000266 9.0 3
407.00000000005826 190.55000000000908 9.0 3
408.0000000000585 136.1499999999967 9.0 3
408.30000000005856 160.55000000000226 9.0 3
416.70000000006047 95.99999999999669 9.0 3
416.8000000000605 71.99999999999805 9.0 3
416.9000000000605 47.99999999999941 9.0 3
417.2000000000606 120.64999999999529 9.0 3
23.40000000000021 193.95000000000985 6.0 1
29.00000000000029 6.0499999999999865 6.0 1
63.19999999999856 193.90000000000984 6.0 1
70.59999999999815 6.0499999999999865 6.0 1
104.7999999999962 193.90000000000984 6.0 1
112.19999999999578 6.0499999999999865 6.0 1
146.39999999999907 193.90000000000984 6.0 1
153.80000000000075 6.0499999999999865 6.0 1
188.00000000000853 193.90000000000984 6.0 1
195.4000000000102 6.0499999999999865 6.0 1
229.60000000001799 193.90000000000984 6.0 1
237.00000000001967 6.0499999999999865 6.0 1
412.7000000000596 174.90000000000552 6.0 1
416.1000000000604 21.000000000000163 6.0 1
416.9000000000606 148.24999999999946 6.0 1
420.6000000000614 183.95000000000758 6.0 1
421.70000000006166 6.0499999999999865 6.0 1
421.9000000000617 166.9000000000037 6.0 1
422.00000000006173 31.450000000000312 6.0 1
423.00000000006196 134.49999999999633 6.0 1
425.5000000000625 108.149999999996 6.0 1
425.8000000000626 83.99999999999737 6.0 1
425.9000000000626 59.99999999999873 6.0 1
426.40000000006273 155.60000000000113 6.0 1
427.30000000006294 193.95000000000985 6.0 1
427.40000000006296 16.6500000000001 6.0 1
429.7000000000635 176.05000000000578 6.0 1
429.9000000000635 40.49999999999984 6.0 1
430.2000000000636 144.09999999999852 6.0 1
431.30000000006385 125.799999999995 6.0 1
431.6000000000639 97.74999999999659 6.0 1
431.80000000006396 70.44999999999814 6.0 1
433.3000000000643 27.10000000000025 6.0 1
433.7000000000644 6.0499999999999865 6.0 1
434.1000000000645 164.85000000000323 6.0 1
434.5000000000646 51.599999999999206 6.0 1
435.70000000006485 114.49999999999564 6.0 1
436.400000000065 186.05000000000805 6.0 1
437.40000000006523 87.0999999999972 6.0 1
438.2000000000654 153.05000000000055 6.0 1
438.5000000000655 135.39999999999654 6.0 1
439.4000000000657 16.6500000000001 6.0 1
440.4000000000659 62.04999999999861 6.0 1
441.2000000000661 36.150000000000084 6.0 1
441.6000000000662 174.25000000000537 6.0 1
441.80000000006623 104.09999999999623 6.0 1
442.40000000006637 76.09999999999782 6.0 1
443.20000000006655 123.8999999999951 6.0 1
445.5000000000671 193.90000000000984 6.0 1
445.7000000000671 6.0499999999999865 6.0 1
445.80000000006714 47.24999999999945 6.0 1
445.90000000006717 162.30000000000265 6.0 1
446.5000000000673 144.34999999999857 6.0 1
447.3000000000675 25.70000000000023 6.0 1
447.60000000006755 93.44999999999683 6.0 1
449.30000000006794 113.4999999999957 6.0 1
450.1000000000681 182.7500000000073 6.0 1
450.9000000000683 133.14999999999603 6.0 1
451.0000000000683 67.6999999999983 6.0 1
452.6000000000687 82.44999999999746 6.0 1
453.1000000000688 37.699999999999996 6.0 1
453.40000000006887 15.300000000000082 6.0 1
453.900000000069 171.2500000000047 6.0 1
454.000000000069 56.04999999999895 6.0 1
454.20000000006905 153.60000000000068 6.0 1
455.00000000006924 102.8999999999963 6.0 1
457.0000000000697 122.74999999999517 6.0 1
457.4000000000698 192.30000000000948 6.0 1
458.60000000007005 142.39999999999813 6.0 1
459.2000000000702 27.250000000000252 6.0 1
460.0000000000704 91.89999999999692 6.0 1
461.1000000000706 6.0499999999999865 6.0 1
461.20000000007065 74.04999999999794 6.0 1
461.30000000007067 46.499999999999496 6.0 1
461.9000000000708 180.20000000000672 6.0 1
462.2000000000709 162.5500000000027 6.0 1
462.700000000071 112.14999999999577 6.0 1
464.2000000000713 62.39999999999859 6.0 1
464.70000000007144 131.99999999999577 6.0 1
465.70000000007167 17.15000000000011 6.0 1
466.6000000000719 151.35000000000016 6.0 1
467.40000000007205 36.05000000000009 6.0 1
467.7000000000721 101.1499999999964 6.0 1
468.6000000000723 83.4999999999974 6.0 1
469.20000000007246 189.7500000000089 6.0 1
470.2000000000727 171.50000000000475 6.0 1
470.40000000007274 121.39999999999525 6.0 1
471.500000000073 52.849999999999135 6.0 1
472.70000000007326 140.9499999999978 6.0 1
472.8000000000733 70.79999999999812 6.0 1
473.0000000000733 7.599999999999981 6.0 1
473.90000000007353 25.950000000000234 6.0 1
474.6000000000737 160.3000000000022 6.0 1
475.4000000000739 110.39999999999587 6.0 1
476.3000000000741 92.74999999999687 6.0 1
477.50000000007435 181.05000000000692 6.0 1
4.0 193.90000000000984 4.0 2
13.300000000000061 195.9500000000103 4.0 2
27.30000000000026 184.70000000000775 4.0 2
38.79999999999994 4.049999999999994 4.0 2
48.2999999999994 172.00000000000486 4.0 2
69.09999999999822 160.00000000000213 4.0 2
72.999999999998 195.9000000000103 4.0 2
80.39999999999758 4.049999999999994 4.0 2
89.89999999999704 147.9999999999994 4.0 2
110.69999999999585 135.99999999999667 4.0 2
114.59999999999563 195.9000000000103 4.0 2
121.99999999999521 4.049999999999994 4.0 2
131.49999999999565 123.9999999999951 4.0 2
152.30000000000038 111.99999999999578 4.0 2
156.20000000000127 195.9000000000103 4.0 2
163.60000000000295 4.049999999999994 4.0 2
173.1000000000051 99.99999999999646 4.0 2
193.90000000000984 87.99999999999714 4.0 2
197.80000000001073 195.9000000000103 4.0 2
205.2000000000124 4.049999999999994 4.0 2
214.70000000001457 75.99999999999783 4.0 2
235.5000000000193 63.9999999999985 4.0 2
239.40000000002019 195.9000000000103 4.0 2
267.60000000002657 4.049999999999994 4.0 2
268.1000000000267 195.9000000000103 4.0 2
293.40000000003243 195.9500000000103 4.0 2
312.2000000000367 4.049999999999994 4.0 2
320.30000000003855 195.9500000000103 4.0 2
338.0000000000426 4.049999999999994 4.0 2
347.20000000004467 195.9500000000103 4.0 2
365.0000000000487 4.049999999999994 4.0 2
374.1000000000508 195.9500000000103 4.0 2
392.00000000005485 4.049999999999994 4.0 2
474.4000000000736 43.19999999999968 4.0 2
474.60000000007363 130.49999999999542 4.0 2
476.6000000000741 61.49999999999864 4.0 2
476.6000000000741 150.1999999999999 4.0 2
477.1000000000742 195.9000000000103 4.0 2
477.4000000000743 35.35000000000013 4.0 2
477.5000000000743 16.5500000000001 4.0 2
477.80000000007436 79.49999999999763 4.0 2
479.90000000007484 168.80000000000413 4.0 2
480.00000000007486 124.19999999999509 4.0 2
480.500000000075 48.39999999999939 4.0 2
480.600000000075 101.79999999999636 4.0 2
481.0000000000751 135.29999999999652 4.0 2
482.20000000007536 67.24999999999832 4.0 2
482.20000000007536 144.09999999999852 4.0 2
482.4000000000754 4.049999999999994 4.0 2
482.4000000000754 189.8000000000089 4.0 2
482.60000000007545 56.14999999999895 4.0 2
483.10000000007557 116.7999999999955 4.0 2
483.10000000007557 154.90000000000097 4.0 2
483.2000000000756 22.20000000000018 4.0 2
483.2000000000756 85.44999999999729 4.0 2
483.3000000000756 40.79999999999982 4.0 2
483.6000000000757 30.200000000000294 4.0 2
484.1000000000758 11.900000000000034 4.0 2
484.40000000007586 74.94999999999789 4.0 2
485.100000000076 162.65000000000273 4.0 2
485.20000000007605 108.34999999999599 4.0 2
485.30000000007607 174.75000000000549 4.0 2
485.9000000000762 95.54999999999671 4.0 2
486.3000000000763 129.14999999999512 4.0 2
487.3000000000765 183.05000000000737 4.0 2
487.6000000000766 195.9000000000103 4.0 2
488.2000000000767 61.89999999999862 4.0 2
488.2000000000767 138.7999999999973 4.0 2
488.30000000007675 50.199999999999285 4.0 2
488.6000000000768 148.8999999999996 4.0 2
489.400000000077 121.74999999999523 4.0 2
489.500000000077 35.65000000000011 4.0 2
489.8000000000771 17.550000000000114 4.0 2
489.8000000000771 80.89999999999755 4.0 2
490.10000000007716 6.249999999999986 4.0 2
490.4000000000772 25.70000000000023 4.0 2
490.4000000000772 69.59999999999819 4.0 2
490.4000000000772 102.19999999999634 4.0 2
490.50000000007725 88.89999999999709 4.0 2
490.50000000007725 168.6000000000041 4.0 2
490.90000000007734 156.70000000000138 4.0 2
491.00000000007736 113.89999999999567 4.0 2
492.20000000007764 43.19999999999968 4.0 2
492.30000000007766 189.3000000000088 4.0 2
492.9000000000778 177.25000000000605 4.0 2
493.50000000007793 132.6499999999959 4.0 2
493.800000000078 56.04999999999895 4.0 2
494.6000000000782 143.5999999999984 4.0 2
495.0000000000783 95.54999999999671 4.0 2
495.70000000007843 12.000000000000036 4.0 2
495.80000000007846 75.54999999999785 4.0 2
3.0 24.00000000000021 3.0 4
3.0 47.99999999999941 3.0 4
3.0 71.99999999999805 3.0 4
3.0 95.99999999999669 3.0 4
3.0 119.99999999999532 3.0 4
3.0 143.9999999999985 3.0 4
3.0 168.00000000000395 3.0 4
31.900000000000322 196.95000000001053 3.0 4
255.00000000002373 52.849999999999135 3.0 4
255.60000000002387 21.050000000000164 3.0 4
269.20000000002693 91.69999999999693 3.0 4
269.20000000002693 115.69999999999557 3.0 4
269.20000000002693 139.69999999999752 3.0 4
269.20000000002693 163.70000000000297 3.0 4
269.20000000002693 187.70000000000843 3.0 4
283.5000000000302 103.79999999999625 3.0 4
283.5000000000302 127.79999999999488 3.0 4
283.5000000000302 151.80000000000027 3.0 4
289.90000000003164 36.500000000000064 3.0 4
292.0000000000321 61.449999999998646 3.0 4
297.00000000003325 115.74999999999557 3.0 4
297.00000000003325 139.74999999999753 3.0 4
302.8000000000346 49.09999999999935 3.0 4
305.5000000000352 73.39999999999797 3.0 4
306.9000000000355 178.8000000000064 3.0 4
310.5000000000363 127.69999999999489 3.0 4
316.30000000003764 61.04999999999867 3.0 4
319.00000000003826 85.3499999999973 3.0 4
320.4000000000386 166.75000000000367 3.0 4
325.10000000003964 21.050000000000164 3.0 4
329.8000000000407 72.999999999998 3.0 4
332.5000000000413 97.29999999999661 3.0 4
333.8000000000416 178.8000000000064 3.0 4
333.90000000004164 154.70000000000093 3.0 4
338.6000000000427 33.00000000000026 3.0 4
343.3000000000438 84.94999999999732 3.0 4
347.3000000000447 166.75000000000367 3.0 4
351.50000000004565 21.000000000000163 3.0 4
352.1000000000458 44.949999999999584 3.0 4
355.90000000004665 124.29999999999508 3.0 4
360.70000000004774 178.8000000000064 3.0 4
365.0000000000487 32.950000000000266 3.0 4
365.60000000004885 56.899999999998904 3.0 4
366.7000000000491 111.94999999999578 3.0 4
369.3000000000497 136.34999999999675 3.0 4
378.5000000000518 21.000000000000163 3.0 4
378.5000000000518 44.89999999999959 3.0 4
380.10000000005215 123.9999999999951 3.0 4
382.70000000005274 148.3999999999995 3.0 4
389.0000000000542 83.89999999999738 3.0 4
392.00000000005485 32.950000000000266 3.0 4
393.5000000000552 136.0499999999967 3.0 4
396.1000000000558 160.45000000000223 3.0 4
401.9000000000571 71.89999999999806 3.0 4
402.4000000000572 95.94999999999669 3.0 4
405.5000000000579 21.000000000000163 3.0 4
406.90000000005824 148.09999999999943 3.0 4
415.30000000006015 83.94999999999737 3.0 4
415.4000000000602 59.94999999999873 3.0 4
415.80000000006027 107.999999999996 3.0 4
417.2000000000606 196.90000000001052 3.0 4
435.8000000000648 196.95000000001053 3.0 4
494.50000000007816 162.75000000000276 3.0 4
494.6000000000782 107.79999999999602 3.0 4
494.6000000000782 195.9500000000103 3.0 4
494.90000000007825 31.100000000000307 3.0 4
494.90000000007825 63.949999999998504 3.0 4
495.2000000000783 125.699999999995 3.0 4
495.30000000007834 150.95000000000007 3.0 4
495.70000000007843 49.299999999999336 3.0 4
495.80000000007846 21.200000000000166 3.0 4
495.9000000000785 84.34999999999735 3.0 4
495.9000000000785 118.89999999999539 3.0 4
496.20000000007855 183.45000000000746 3.0 4
496.30000000007857 37.350000000000016 3.0 4
496.4000000000786 3.049999999999997 3.0 4
496.9000000000787 171.45000000000474 3.0 4
