100.0 100.0 100.0 99
100.0 300.0 100.0 99
100.0 500.0 100.0 99
100.0 700.0 100.0 99
100.0 900.0 100.0 99
100.0 1100.0 100.0 99
100.0 1300.0 100.0 99
100.0 1500.0 100.0 99
100.0 1700.0 100.0 99
100.0 1900.0 100.0 99
100.0 2100.0 100.0 99
100.0 2300.0 100.0 99
100.0 2500.0 100.0 99
100.0 2700.0 100.0 99
100.0 2900.0 100.0 99
100.0 3100.0 100.0 99
100.0 3300.0 100.0 99
100.0 3500.0 100.0 99
100.0 3700.0 100.0 99
100.0 3900.0 100.0 99
273.0 199.0 99.0 98
273.0 399.0 99.0 98
273.0 599.0 99.0 98
273.0 799.0 99.0 98
273.0 999.0 99.0 98
273.0 1199.0 99.0 98
273.0 1399.0 99.0 98
273.0 1599.0 99.0 98
273.0 1799.0 99.0 98
273.0 1999.0 99.0 98
273.0 2199.0 99.0 98
273.0 2399.0 99.0 98
273.0 2599.0 99.0 98
273.0 2799.0 99.0 98
273.0 2999.0 99.0 98
273.0 3199.0 99.0 98
273.0 3399.0 99.0 98
273.0 3599.0 99.0 98
273.0 3799.0 99.0 98
443.0 3901.0 99.0 98
443.0 98.0 98.0 97
443.0 299.0 98.0 97
443.0 499.0 98.0 97
443.0 699.0 98.0 97
443.0 899.0 98.0 97
443.0 1099.0 98.0 97
443.0 1299.0 98.0 97
443.0 1499.0 98.0 97
443.0 1699.0 98.0 97
443.0 1899.0 98.0 97
443.0 2099.0 98.0 97
443.0 2299.0 98.0 97
443.0 2499.0 98.0 97
443.0 2699.0 98.0 97
443.0 2899.0 98.0 97
443.0 3099.0 98.0 97
443.0 3299.0 98.0 97
443.0 3499.0 98.0 97
443.0 3699.0 98.0 97
612.0 198.0 98.0 97
611.0 398.0 97.0 96
611.0 598.0 97.0 96
611.0 798.0 97.0 96
611.0 998.0 97.0 96
611.0 1198.0 97.0 96
611.0 1398.0 97.0 96
611.0 1598.0 97.0 96
611.0 1798.0 97.0 96
611.0 1998.0 97.0 96
611.0 2198.0 97.0 96
611.0 2398.0 97.0 96
611.0 2598.0 97.0 96
611.0 2798.0 97.0 96
611.0 2998.0 97.0 96
611.0 3198.0 97.0 96
611.0 3398.0 97.0 96
611.0 3598.0 97.0 96
611.0 3798.0 97.0 96
775.0 3902.0 97.0 96
778.0 497.0 97.0 96
777.0 697.0 96.0 95
777.0 897.0 96.0 95
777.0 1097.0 96.0 95
777.0 1297.0 96.0 95
777.0 1497.0 96.0 95
777.0 1697.0 96.0 95
777.0 1897.0 96.0 95
777.0 2097.0 96.0 95
777.0 2297.0 96.0 95
777.0 2497.0 96.0 95
777.0 2697.0 96.0 95
777.0 2897.0 96.0 95
777.0 3097.0 96.0 95
777.0 3297.0 96.0 95
777.0 3497.0 96.0 95
777.0 3697.0 96.0 95
778.0 96.0 96.0 95
778.0 299.0 96.0 95
940.0 3799.0 96.0 95
941.0 797.0 96.0 95
940.0 997.0 95.0 94
940.0 1197.0 95.0 94
940.0 1397.0 95.0 94
940.0 1597.0 95.0 94
940.0 1797.0 95.0 94
940.0 1997.0 95.0 94
940.0 2197.0 95.0 94
940.0 2397.0 95.0 94
940.0 2597.0 95.0 94
940.0 2797.0 95.0 94
940.0 2997.0 95.0 94
940.0 3197.0 95.0 94
940.0 3397.0 95.0 94
940.0 3597.0 95.0 94
941.0 196.0 95.0 94
941.0 599.0 95.0 94
942.0 397.0 95.0 94
1099.0 3905.0 95.0 94
1102.0 95.0 95.0 94
1102.0 1097.0 95.0 94
1101.0 1296.0 94.0 93
1101.0 1496.0 94.0 93
1101.0 1696.0 94.0 93
1101.0 1896.0 94.0 93
1101.0 2096.0 94.0 93
1101.0 2296.0 94.0 93
1101.0 2496.0 94.0 93
1101.0 2696.0 94.0 93
1101.0 2896.0 94.0 93
1101.0 3096.0 94.0 93
1101.0 3296.0 94.0 93
1101.0 3496.0 94.0 93
1101.0 3696.0 94.0 93
1102.0 295.0 94.0 93
1102.0 498.0 94.0 93
1102.0 898.0 94.0 93
1103.0 697.0 94.0 93
1257.0 3801.0 94.0 93
1261.0 396.0 94.0 93
1261.0 1395.0 94.0 93
1260.0 1595.0 93.0 92
1260.0 1795.0 93.0 92
1260.0 1995.0 93.0 92
1260.0 2195.0 93.0 92
1260.0 2395.0 93.0 92
1260.0 2595.0 93.0 92
1260.0 2795.0 93.0 92
1260.0 2995.0 93.0 92
1260.0 3195.0 93.0 92
1260.0 3395.0 93.0 92
1260.0 3595.0 93.0 92
1261.0 196.0 93.0 92
1261.0 798.0 93.0 92
1261.0 1198.0 93.0 92
1262.0 595.0 93.0 92
1262.0 995.0 93.0 92
1412.0 3906.0 93.0 92
1415.0 3698.0 93.0 92
1416.0 93.0 93.0 92
1417.0 1695.0 93.0 92
1416.0 1895.0 92.0 91
1416.0 2095.0 92.0 91
1416.0 2295.0 92.0 91
1416.0 2495.0 92.0 91
1416.0 2695.0 92.0 91
1416.0 2895.0 92.0 91
1416.0 3095.0 92.0 91
1416.0 3295.0 92.0 91
1416.0 3495.0 92.0 91
1417.0 696.0 92.0 91
1417.0 1096.0 92.0 91
1417.0 1497.0 92.0 91
1418.0 294.0 92.0 91
1419.0 495.0 92.0 91
1419.0 895.0 92.0 91
1419.0 1295.0 92.0 91
1567.0 3804.0 92.0 91
1570.0 3596.0 92.0 91
1571.0 1995.0 92.0 91
1571.0 2195.0 92.0 91
1570.0 2394.0 91.0 90
1570.0 2594.0 91.0 90
1570.0 2794.0 91.0 90
1570.0 2994.0 91.0 90
1570.0 3194.0 91.0 90
1570.0 3394.0 91.0 90
1571.0 193.0 91.0 90
1571.0 597.0 91.0 90
1571.0 997.0 91.0 90
1571.0 1397.0 91.0 90
1571.0 1796.0 91.0 90
1572.0 393.0 91.0 90
1572.0 794.0 91.0 90
1572.0 1194.0 91.0 90
1572.0 1595.0 91.0 90
1717.0 3909.0 91.0 90
1720.0 3701.0 91.0 90
1722.0 91.0 91.0 90
1723.0 495.0 91.0 90
1723.0 896.0 91.0 90
1721.0 2494.0 90.0 89
1721.0 2694.0 90.0 89
1721.0 2894.0 90.0 89
1721.0 3094.0 90.0 89
1721.0 3294.0 90.0 89
1721.0 3494.0 90.0 89
1722.0 1296.0 90.0 89
1723.0 292.0 90.0 89
1723.0 1695.0 90.0 89
1723.0 2296.0 90.0 89
1724.0 694.0 90.0 89
1724.0 1094.0 90.0 89
1724.0 1494.0 90.0 89
1724.0 1893.0 90.0 89
1724.0 2094.0 90.0 89
1867.0 3807.0 90.0 89
1869.0 3597.0 90.0 89
1871.0 2594.0 90.0 89
1871.0 2794.0 90.0 89
1871.0 2994.0 90.0 89
1870.0 3194.0 89.0 88
1870.0 3394.0 89.0 88
1872.0 191.0 89.0 88
1872.0 392.0 89.0 88
1872.0 795.0 89.0 88
1872.0 1195.0 89.0 88
1872.0 1595.0 89.0 88
1872.0 2195.0 89.0 88
1872.0 2396.0 89.0 88
1873.0 1393.0 89.0 88
1873.0 1793.0 89.0 88
1873.0 1993.0 89.0 88
1874.0 593.0 89.0 88
1874.0 994.0 89.0 88
2013.0 3911.0 89.0 88
2014.0 3702.0 89.0 88
2017.0 3495.0 89.0 88
2018.0 89.0 89.0 88
2018.0 3293.0 89.0 88
2019.0 3095.0 89.0 88
2019.0 290.0 88.0 87
2019.0 491.0 88.0 87
2019.0 695.0 88.0 87
2019.0 1096.0 88.0 87
2019.0 1494.0 88.0 87
2019.0 2094.0 88.0 87
2019.0 2294.0 88.0 87
2019.0 2495.0 88.0 87
2019.0 2693.0 88.0 87
2019.0 2893.0 88.0 87
2020.0 893.0 88.0 87
2020.0 1293.0 88.0 87
2020.0 1693.0 88.0 87
2020.0 1892.0 88.0 87
2157.0 3807.0 88.0 87
2160.0 3600.0 88.0 87
2163.0 593.0 88.0 87
2164.0 190.0 88.0 87
2164.0 390.0 88.0 87
2164.0 995.0 88.0 87
2162.0 3395.0 87.0 86
2163.0 1394.0 87.0 86
2163.0 1993.0 87.0 86
2163.0 2194.0 87.0 86
2163.0 2394.0 87.0 86
2163.0 2793.0 87.0 86
2163.0 2993.0 87.0 86
2164.0 793.0 87.0 86
2164.0 1592.0 87.0 86
2164.0 2593.0 87.0 86
2165.0 1193.0 87.0 86
2165.0 1791.0 87.0 86
2165.0 3194.0 87.0 86
2297.0 3912.0 87.0 86
2300.0 3705.0 87.0 86
2303.0 3497.0 87.0 86
2306.0 87.0 87.0 86
2306.0 1893.0 87.0 86
2306.0 2093.0 87.0 86
2306.0 2294.0 87.0 86
2305.0 492.0 86.0 85
2305.0 1295.0 86.0 85
2305.0 2694.0 86.0 85
2305.0 2892.0 86.0 85
2305.0 3092.0 86.0 85
2305.0 3296.0 86.0 85
2306.0 693.0 86.0 85
2306.0 892.0 86.0 85
2306.0 1492.0 86.0 85
2306.0 2492.0 86.0 85
2307.0 290.0 86.0 85
2307.0 1690.0 86.0 85
2308.0 1093.0 86.0 85
2438.0 3810.0 86.0 85
2440.0 3603.0 86.0 85
2444.0 3194.0 86.0 85
2445.0 2594.0 86.0 85
2445.0 2992.0 86.0 85
2445.0 3396.0 86.0 85
2446.0 392.0 86.0 85
2444.0 592.0 85.0 84
2445.0 189.0 85.0 84
2445.0 1196.0 85.0 84
2445.0 1791.0 85.0 84
2445.0 2793.0 85.0 84
2446.0 792.0 85.0 84
2446.0 991.0 85.0 84
2446.0 1392.0 85.0 84
2446.0 1993.0 85.0 84
2446.0 2193.0 85.0 84
2447.0 1589.0 85.0 84
2447.0 2393.0 85.0 84
2573.0 3915.0 85.0 84
2576.0 3707.0 85.0 84
2579.0 3503.0 85.0 84
2580.0 85.0 85.0 84
2582.0 1093.0 85.0 84
2583.0 289.0 85.0 84
2583.0 690.0 85.0 84
2583.0 1691.0 85.0 84
2582.0 494.0 84.0 83
2582.0 1890.0 84.0 83
2582.0 3093.0 84.0 83
2582.0 3294.0 84.0 83
2583.0 891.0 84.0 83
2583.0 2092.0 84.0 83
2583.0 2292.0 84.0 83
2583.0 2494.0 84.0 83
2583.0 2694.0 84.0 83
2583.0 2891.0 84.0 83
2584.0 1293.0 84.0 83
2584.0 1490.0 84.0 83
2708.0 3813.0 84.0 83
2713.0 3400.0 84.0 83
2713.0 3606.0 84.0 83
2717.0 184.0 84.0 83
2717.0 392.0 84.0 83
2717.0 1990.0 84.0 83
2717.0 2993.0 84.0 83
2717.0 3193.0 84.0 83
2716.0 2393.0 83.0 82
2717.0 991.0 83.0 82
2717.0 2192.0 83.0 82
2717.0 2594.0 83.0 82
2718.0 790.0 83.0 82
2718.0 1192.0 83.0 82
2718.0 1590.0 83.0 82
2718.0 1791.0 83.0 82
2719.0 590.0 83.0 82
2719.0 2791.0 83.0 82
2720.0 1390.0 83.0 82
2839.0 3917.0 83.0 82
2842.0 3713.0 83.0 82
2845.0 3503.0 83.0 82
2847.0 3298.0 83.0 82
2848.0 288.0 83.0 82
2849.0 2293.0 83.0 82
2849.0 2493.0 83.0 82
2850.0 83.0 83.0 82
2850.0 891.0 83.0 82
2849.0 1090.0 82.0 81
2849.0 2091.0 82.0 81
2850.0 691.0 82.0 81
2850.0 1689.0 82.0 81
2850.0 1890.0 82.0 81
2850.0 2892.0 82.0 81
2850.0 3093.0 82.0 81
2851.0 490.0 82.0 81
2851.0 1491.0 82.0 81
2851.0 2691.0 82.0 81
2852.0 1289.0 82.0 81
2971.0 3610.0 82.0 81
2971.0 3816.0 82.0 81
2976.0 3401.0 82.0 81
2978.0 3196.0 82.0 81
2979.0 186.0 82.0 81
2979.0 2191.0 82.0 81
2980.0 387.0 82.0 81
2980.0 1789.0 82.0 81
2980.0 1990.0 82.0 81
2979.0 591.0 81.0 80
2979.0 2393.0 81.0 80
2979.0 2792.0 81.0 80
2979.0 2992.0 81.0 80
2980.0 790.0 81.0 80
2980.0 991.0 81.0 80
2980.0 1187.0 81.0 80
2980.0 1390.0 81.0 80
2981.0 1590.0 81.0 80
2981.0 2591.0 81.0 80
3098.0 3713.0 81.0 80
3098.0 3919.0 81.0 80
3099.0 3508.0 81.0 80
3104.0 81.0 81.0 80
3104.0 3300.0 81.0 80
3106.0 3093.0 81.0 80
3107.0 490.0 81.0 80
3107.0 1288.0 81.0 80
3107.0 2292.0 81.0 80
3107.0 2892.0 81.0 80
3106.0 2693.0 80.0 79
3107.0 286.0 80.0 79
3107.0 689.0 80.0 79
3107.0 889.0 80.0 79
3107.0 1489.0 80.0 79
3107.0 2091.0 80.0 79
3108.0 1089.0 80.0 79
3108.0 1689.0 80.0 79
3108.0 1889.0 80.0 79
3108.0 2490.0 80.0 79
3222.0 3816.0 80.0 79
3223.0 3611.0 80.0 79
3225.0 3407.0 80.0 79
3229.0 3197.0 80.0 79
3230.0 182.0 80.0 79
3231.0 2593.0 80.0 79
3232.0 386.0 80.0 79
3232.0 789.0 80.0 79
3232.0 1991.0 80.0 79
3233.0 988.0 80.0 79
3232.0 590.0 79.0 78
3232.0 1388.0 79.0 78
3232.0 1588.0 79.0 78
3232.0 1789.0 79.0 78
3232.0 2190.0 79.0 78
3232.0 2790.0 79.0 78
3232.0 2992.0 79.0 78
3233.0 1188.0 79.0 78
3233.0 2391.0 79.0 78
3342.0 3921.0 79.0 78
3345.0 3713.0 79.0 78
3347.0 3304.0 79.0 78
3347.0 3509.0 79.0 78
3352.0 79.0 79.0 78
3352.0 3095.0 79.0 78
3354.0 282.0 79.0 78
3354.0 488.0 79.0 78
3354.0 2891.0 79.0 78
3355.0 1488.0 79.0 78
3355.0 1688.0 79.0 78
3354.0 1289.0 78.0 77
3354.0 1888.0 78.0 77
3354.0 2289.0 78.0 77
3354.0 2492.0 78.0 77
3355.0 688.0 78.0 77
3355.0 1089.0 78.0 77
3355.0 2091.0 78.0 77
3355.0 2691.0 78.0 77
3356.0 887.0 78.0 77
3462.0 3818.0 78.0 77
3466.0 3612.0 78.0 77
3467.0 3202.0 78.0 77
3467.0 3406.0 78.0 77
3473.0 385.0 78.0 77
3473.0 2390.0 78.0 77
3473.0 2994.0 78.0 77
3474.0 178.0 78.0 77
3474.0 1988.0 78.0 77
3475.0 988.0 78.0 77
3475.0 1189.0 78.0 77
3474.0 588.0 77.0 76
3474.0 1789.0 77.0 76
3474.0 2591.0 77.0 76
3474.0 2791.0 77.0 76
3475.0 787.0 77.0 76
3475.0 1386.0 77.0 76
3475.0 1588.0 77.0 76
3475.0 2190.0 77.0 76
3577.0 3922.0 77.0 76
3581.0 3716.0 77.0 76
3583.0 3509.0 77.0 76
3584.0 3304.0 77.0 76
3586.0 3101.0 77.0 76
3589.0 282.0 77.0 76
3591.0 486.0 77.0 76
3591.0 2892.0 77.0 76
3592.0 77.0 77.0 76
3592.0 1487.0 77.0 76
3592.0 1689.0 77.0 76
3592.0 2089.0 77.0 76
3590.0 2491.0 76.0 75
3590.0 2691.0 76.0 75
3591.0 687.0 76.0 75
3591.0 2290.0 76.0 75
3592.0 886.0 76.0 75
3592.0 1887.0 76.0 75
3593.0 1087.0 76.0 75
3593.0 1288.0 76.0 75
3693.0 3821.0 76.0 75
3696.0 3613.0 76.0 75
3698.0 3407.0 76.0 75
3700.0 3204.0 76.0 75
3701.0 2999.0 76.0 75
3705.0 181.0 76.0 75
3705.0 382.0 76.0 75
3705.0 2391.0 76.0 75
3705.0 2591.0 76.0 75
3706.0 587.0 76.0 75
3706.0 2790.0 76.0 75
3707.0 786.0 76.0 75
3706.0 986.0 75.0 74
3706.0 1588.0 75.0 74
3706.0 1987.0 75.0 74
3706.0 2190.0 75.0 74
3707.0 1187.0 75.0 74
3707.0 1789.0 75.0 74
3708.0 1386.0 75.0 74
3803.0 3925.0 75.0 74
3805.0 3718.0 75.0 74
3808.0 3511.0 75.0 74
3812.0 3102.0 75.0 74
3812.0 3306.0 75.0 74
3813.0 75.0 75.0 74
3813.0 2897.0 75.0 74
3817.0 484.0 75.0 74
3817.0 2088.0 75.0 74
3818.0 1086.0 75.0 74
3818.0 1488.0 75.0 74
3818.0 1688.0 75.0 74
3818.0 2290.0 75.0 74
3817.0 281.0 74.0 73
3817.0 2491.0 74.0 73
3818.0 887.0 74.0 73
3818.0 2690.0 74.0 73
3819.0 686.0 74.0 73
3819.0 1286.0 74.0 73
3819.0 1888.0 74.0 73
3912.0 3822.0 74.0 73
3914.0 3616.0 74.0 73
3919.0 3410.0 74.0 73
3921.0 3000.0 74.0 73
3921.0 3204.0 74.0 73
3923.0 176.0 74.0 73
3923.0 2795.0 74.0 73
3926.0 382.0 74.0 73
3926.0 585.0 73.0 72
3926.0 787.0 73.0 72
3926.0 2392.0 73.0 72
3926.0 2590.0 73.0 72
3927.0 1386.0 73.0 72
3927.0 1988.0 73.0 72
3927.0 2188.0 73.0 72
3926.0 986.0 72.0 71
3926.0 1186.0 72.0 71
3926.0 1588.0 72.0 71
3926.0 1788.0 72.0 71
3944.0 3946.0 54.0 53
588.0 3947.0 53.0 52
919.0 3947.0 53.0 52
245.0 3948.0 52.0 51
1240.0 3947.0 52.0 51
1243.0 52.0 52.0 51
1551.0 3948.0 52.0 51
2150.0 3947.0 52.0 51
2432.0 3948.0 52.0 51
2441.0 52.0 52.0 51
3946.0 52.0 52.0 51
243.0 51.0 51.0 50
585.0 51.0 51.0 50
918.0 51.0 51.0 50
1554.0 51.0 51.0 50
1854.0 3948.0 51.0 50
1859.0 51.0 51.0 50
2153.0 51.0 51.0 50
2705.0 3948.0 51.0 50
2711.0 50.0 50.0 49
2968.0 3950.0 50.0 49
2978.0 49.0 49.0 48
3228.0 47.0 47.0 46
3221.0 3953.0 46.0 45
3472.0 45.0 45.0 44
3460.0 3956.0 44.0 43
3690.0 3956.0 41.0 40
3703.0 40.0 40.0 39
3961.0 3719.0 39.0 38
3961.0 3514.0 38.0 37
3963.0 3307.0 37.0 36
3963.0 2898.0 36.0 35
3963.0 3102.0 36.0 35
3962.0 278.0 35.0 34
3962.0 2692.0 35.0 34
3963.0 2290.0 35.0 34
3965.0 484.0 35.0 34
3965.0 686.0 35.0 34
3965.0 1086.0 35.0 34
3965.0 1488.0 35.0 34
3965.0 1688.0 35.0 34
327.0 34.0 34.0 33
3964.0 1285.0 34.0 33
3964.0 1887.0 34.0 33
3965.0 887.0 34.0 33
3966.0 2088.0 34.0 33
328.0 3967.0 33.0 32
3964.0 2491.0 33.0 32
666.0 32.0 32.0 31
667.0 3969.0 29.0 28
995.0 29.0 29.0 28
3811.0 2793.0 29.0 28
3686.0 3717.0 28.0 27
3696.0 2894.0 28.0 27
3797.0 3821.0 28.0 27
3800.0 3614.0 28.0 27
3809.0 178.0 28.0 27
995.0 3972.0 27.0 26
3578.0 2996.0 27.0 26
3687.0 3510.0 27.0 26
3801.0 3408.0 27.0 26
3803.0 3204.0 27.0 26
3804.0 2999.0 27.0 26
3808.0 382.0 27.0 26
1314.0 3974.0 26.0 25
1317.0 26.0 26.0 25
3335.0 3199.0 26.0 25
3457.0 3097.0 26.0 25
3459.0 281.0 26.0 25
3566.0 3818.0 26.0 25
3570.0 3612.0 26.0 25
3689.0 3101.0 26.0 25
3694.0 484.0 26.0 25
3695.0 1487.0 26.0 25
3695.0 2088.0 26.0 25
3807.0 2189.0 26.0 25
3807.0 2391.0 26.0 25
3808.0 585.0 26.0 25
3809.0 786.0 26.0 25
3809.0 1386.0 26.0 25
25.0 200.0 25.0 24
25.0 400.0 25.0 24
25.0 600.0 25.0 24
25.0 800.0 25.0 24
25.0 1000.0 25.0 24
25.0 1200.0 25.0 24
25.0 1400.0 25.0 24
25.0 1600.0 25.0 24
25.0 1800.0 25.0 24
25.0 2000.0 25.0 24
25.0 2200.0 25.0 24
25.0 2400.0 25.0 24
25.0 2600.0 25.0 24
25.0 2800.0 25.0 24
25.0 3000.0 25.0 24
25.0 3200.0 25.0 24
25.0 3400.0 25.0 24
25.0 3600.0 25.0 24
25.0 3800.0 25.0 24
1626.0 25.0 25.0 24
1622.0 3976.0 24.0 23
2821.0 3608.0 24.0 23
2952.0 3505.0 24.0 23
3077.0 3816.0 24.0 23
3082.0 3403.0 24.0 23
3084.0 3196.0 24.0 23
3209.0 3300.0 24.0 23
3211.0 3093.0 24.0 23
3326.0 3815.0 24.0 23
3327.0 3611.0 24.0 23
3329.0 3406.0 24.0 23
3335.0 2993.0 24.0 23
3336.0 384.0 24.0 23
3336.0 1989.0 24.0 23
3336.0 2390.0 24.0 23
3337.0 988.0 24.0 23
3448.0 3713.0 24.0 23
3450.0 3303.0 24.0 23
3450.0 3507.0 24.0 23
3456.0 2491.0 24.0 23
655.0 3910.0 23.0 22
984.0 85.0 23.0 22
2691.0 288.0 23.0 22
2948.0 3713.0 23.0 22
2953.0 3298.0 23.0 22
2994.0 3713.0 23.0 22
3076.0 3610.0 23.0 22
3084.0 184.0 23.0 22
3085.0 387.0 23.0 22
3085.0 1990.0 23.0 22
3085.0 2591.0 23.0 22
3202.0 3712.0 23.0 22
3203.0 3508.0 23.0 22
3210.0 284.0 23.0 22
3210.0 1488.0 23.0 22
3211.0 487.0 23.0 22
3211.0 1288.0 23.0 22
3211.0 1688.0 23.0 22
3211.0 1889.0 23.0 22
3211.0 2290.0 23.0 22
311.0 3914.0 22.0 21
651.0 84.0 22.0 21
1921.0 3977.0 22.0 21
1926.0 22.0 22.0 21
2546.0 3810.0 22.0 21
2553.0 3396.0 22.0 21
2602.0 3811.0 22.0 21
2603.0 3398.0 22.0 21
2683.0 3708.0 22.0 21
2686.0 3503.0 22.0 21
2688.0 3295.0 22.0 21
2734.0 3710.0 22.0 21
2738.0 288.0 22.0 21
2739.0 3297.0 22.0 21
2739.0 3503.0 22.0 21
2814.0 3815.0 22.0 21
2819.0 3400.0 22.0 21
2823.0 185.0 22.0 21
2823.0 3194.0 22.0 21
2825.0 1390.0 22.0 21
321.0 89.0 21.0 20
983.0 3908.0 21.0 20
1978.0 3806.0 21.0 20
2124.0 3703.0 21.0 20
2219.0 21.0 21.0 20
2266.0 3808.0 21.0 20
2269.0 3600.0 21.0 20
2330.0 3809.0 21.0 20
2333.0 3601.0 21.0 20
2408.0 3706.0 21.0 20
2411.0 3498.0 21.0 20
2415.0 1093.0 21.0 20
2467.0 3707.0 21.0 20
2471.0 3500.0 21.0 20
2474.0 1094.0 21.0 20
2547.0 3605.0 21.0 20
2551.0 187.0 21.0 20
2552.0 1991.0 21.0 20
2552.0 2992.0 21.0 20
2553.0 391.0 21.0 20
1831.0 3701.0 20.0 19
1902.0 3702.0 20.0 19
1979.0 3598.0 20.0 19
1983.0 593.0 20.0 19
2046.0 3807.0 20.0 19
2050.0 3599.0 20.0 19
2055.0 593.0 20.0 19
2126.0 3496.0 20.0 19
2190.0 3704.0 20.0 19
2195.0 3497.0 20.0 19
2214.0 3980.0 20.0 19
2271.0 2593.0 20.0 19
2272.0 189.0 20.0 19
2272.0 391.0 20.0 19
2272.0 993.0 20.0 19
2272.0 1193.0 20.0 19
2272.0 1791.0 20.0 19
2272.0 3193.0 20.0 19
2334.0 3194.0 20.0 19
2339.0 2593.0 20.0 19
1299.0 3906.0 19.0 18
1303.0 90.0 19.0 18
1370.0 3801.0 19.0 18
1456.0 3803.0 19.0 18
1527.0 3699.0 19.0 18
1609.0 3700.0 19.0 18
1678.0 3803.0 19.0 18
1681.0 3596.0 19.0 18
1682.0 2195.0 19.0 18
1756.0 3805.0 19.0 18
1757.0 3597.0 19.0 18
1830.0 3495.0 19.0 18
1833.0 493.0 19.0 18
1833.0 693.0 19.0 18
1833.0 1094.0 19.0 18
1833.0 1494.0 19.0 18
1833.0 2094.0 19.0 18
1909.0 3495.0 19.0 18
1912.0 1494.0 19.0 18
1912.0 2094.0 19.0 18
1054.0 3798.0 18.0 17
1143.0 3800.0 18.0 17
1213.0 3696.0 18.0 17
1215.0 696.0 18.0 17
1215.0 1096.0 18.0 17
1302.0 3698.0 18.0 17
1371.0 3596.0 18.0 17
1373.0 395.0 18.0 17
1373.0 595.0 18.0 17
1373.0 995.0 18.0 17
1373.0 1395.0 18.0 17
1460.0 3596.0 18.0 17
1526.0 2494.0 18.0 17
1526.0 2694.0 18.0 17
1526.0 2894.0 18.0 17
1526.0 3094.0 18.0 17
1526.0 3294.0 18.0 17
1526.0 3494.0 18.0 17
1528.0 1695.0 18.0 17
1529.0 494.0 18.0 17
17.0 17.0 17.0 16
17.0 3983.0 17.0 16
183.0 17.0 17.0 16
183.0 3983.0 17.0 16
525.0 17.0 17.0 16
526.0 3983.0 17.0 16
725.0 3798.0 17.0 16
727.0 197.0 17.0 16
826.0 3799.0 17.0 16
829.0 197.0 17.0 16
856.0 3983.0 17.0 16
859.0 17.0 17.0 16
891.0 297.0 17.0 16
892.0 498.0 17.0 16
991.0 498.0 17.0 16
1052.0 1396.0 17.0 16
1052.0 1596.0 17.0 16
1052.0 1796.0 17.0 16
1052.0 1996.0 17.0 16
1052.0 2196.0 17.0 16
216.0 299.0 16.0 15
216.0 499.0 16.0 15
216.0 699.0 16.0 15
216.0 899.0 16.0 15
216.0 1099.0 16.0 15
216.0 1299.0 16.0 15
216.0 1499.0 16.0 15
216.0 1699.0 16.0 15
216.0 1899.0 16.0 15
216.0 2099.0 16.0 15
216.0 2299.0 16.0 15
216.0 2499.0 16.0 15
216.0 2699.0 16.0 15
216.0 2899.0 16.0 15
216.0 3099.0 16.0 15
216.0 3299.0 16.0 15
216.0 3499.0 16.0 15
216.0 3699.0 16.0 15
388.0 198.0 16.0 15
388.0 399.0 16.0 15
157.0 200.0 15.0 14
157.0 400.0 15.0 14
157.0 600.0 15.0 14
157.0 800.0 15.0 14
157.0 1000.0 15.0 14
157.0 1200.0 15.0 14
157.0 1400.0 15.0 14
157.0 1600.0 15.0 14
157.0 1800.0 15.0 14
157.0 2000.0 15.0 14
157.0 2200.0 15.0 14
157.0 2400.0 15.0 14
157.0 2600.0 15.0 14
157.0 2800.0 15.0 14
157.0 3000.0 15.0 14
157.0 3200.0 15.0 14
157.0 3400.0 15.0 14
157.0 3600.0 15.0 14
157.0 3800.0 15.0 14
328.0 299.0 15.0 14
326.0 499.0 14.0 13
326.0 699.0 14.0 13
326.0 899.0 14.0 13
326.0 1099.0 14.0 13
326.0 1299.0 14.0 13
326.0 1499.0 14.0 13
326.0 1699.0 14.0 13
326.0 1899.0 14.0 13
326.0 2099.0 14.0 13
326.0 2299.0 14.0 13
326.0 2499.0 14.0 13
326.0 2699.0 14.0 13
326.0 2899.0 14.0 13
326.0 3099.0 14.0 13
326.0 3299.0 14.0 13
326.0 3499.0 14.0 13
326.0 3699.0 14.0 13
386.0 596.0 14.0 13
386.0 796.0 14.0 13
386.0 996.0 14.0 13
370.0 13.0 13.0 12
370.0 3986.0 13.0 12
385.0 1194.0 13.0 12
385.0 1394.0 13.0 12
385.0 1594.0 13.0 12
385.0 1794.0 13.0 12
385.0 1994.0 13.0 12
385.0 2194.0 13.0 12
385.0 2394.0 13.0 12
385.0 2594.0 13.0 12
385.0 2794.0 13.0 12
385.0 2994.0 13.0 12
385.0 3194.0 13.0 12
385.0 3394.0 13.0 12
385.0 3594.0 13.0 12
385.0 3794.0 13.0 12
492.0 198.0 13.0 12
492.0 399.0 13.0 12
492.0 599.0 13.0 12
492.0 799.0 13.0 12
212.0 106.0 12.0 11
212.0 3892.0 12.0 11
489.0 999.0 12.0 11
489.0 1199.0 12.0 11
489.0 1399.0 12.0 11
489.0 1599.0 12.0 11
489.0 1799.0 12.0 11
489.0 1999.0 12.0 11
489.0 2199.0 12.0 11
489.0 2399.0 12.0 11
489.0 2599.0 12.0 11
489.0 2799.0 12.0 11
489.0 2999.0 12.0 11
489.0 3199.0 12.0 11
489.0 3399.0 12.0 11
489.0 3599.0 12.0 11
489.0 3799.0 12.0 11
553.0 291.0 12.0 11
553.0 491.0 12.0 11
553.0 691.0 12.0 11
552.0 104.0 11.0 10
552.0 889.0 11.0 10
552.0 1089.0 11.0 10
552.0 1289.0 11.0 10
552.0 1489.0 11.0 10
552.0 1689.0 11.0 10
552.0 1889.0 11.0 10
552.0 2089.0 11.0 10
552.0 2289.0 11.0 10
552.0 2489.0 11.0 10
552.0 2689.0 11.0 10
552.0 2889.0 11.0 10
552.0 3089.0 11.0 10
552.0 3289.0 11.0 10
552.0 3489.0 11.0 10
552.0 3689.0 11.0 10
553.0 3890.0 11.0 10
652.0 498.0 11.0 10
652.0 698.0 11.0 10
652.0 898.0 11.0 10
10.0 164.0 10.0 9
10.0 232.0 10.0 9
10.0 364.0 10.0 9
10.0 432.0 10.0 9
10.0 564.0 10.0 9
10.0 632.0 10.0 9
10.0 764.0 10.0 9
10.0 832.0 10.0 9
10.0 964.0 10.0 9
10.0 1032.0 10.0 9
10.0 1164.0 10.0 9
10.0 1232.0 10.0 9
10.0 1364.0 10.0 9
10.0 1432.0 10.0 9
10.0 1564.0 10.0 9
10.0 1632.0 10.0 9
10.0 1764.0 10.0 9
10.0 1832.0 10.0 9
10.0 1964.0 10.0 9
10.0 2032.0 10.0 9
9.0 2160.0 9.0 8
9.0 2230.0 9.0 8
9.0 2360.0 9.0 8
9.0 2430.0 9.0 8
9.0 2560.0 9.0 8
9.0 2630.0 9.0 8
9.0 2760.0 9.0 8
9.0 2830.0 9.0 8
9.0 2960.0 9.0 8
9.0 3030.0 9.0 8
9.0 3160.0 9.0 8
9.0 3230.0 9.0 8
9.0 3360.0 9.0 8
9.0 3430.0 9.0 8
9.0 3560.0 9.0 8
9.0 3630.0 9.0 8
9.0 3760.0 9.0 8
9.0 3830.0 9.0 8
286.0 9.0 9.0 8
288.0 91.0 9.0 8
8.0 41.0 8.0 7
8.0 3957.0 8.0 7
41.0 8.0 8.0 7
41.0 3991.0 8.0 7
58.0 200.0 8.0 7
58.0 400.0 8.0 7
58.0 600.0 8.0 7
58.0 800.0 8.0 7
58.0 1000.0 8.0 7
58.0 1200.0 8.0 7
58.0 1400.0 8.0 7
58.0 1600.0 8.0 7
58.0 1800.0 8.0 7
58.0 2000.0 8.0 7
58.0 2200.0 8.0 7
58.0 2400.0 8.0 7
58.0 2600.0 8.0 7
58.0 2800.0 8.0 7
58.0 3000.0 8.0 7
58.0 3200.0 8.0 7
7.0 2246.0 7.0 6
7.0 2446.0 7.0 6
7.0 2646.0 7.0 6
7.0 2846.0 7.0 6
7.0 3046.0 7.0 6
7.0 3246.0 7.0 6
7.0 3446.0 7.0 6
7.0 3646.0 7.0 6
7.0 3846.0 7.0 6
57.0 3398.0 7.0 6
57.0 3598.0 7.0 6
57.0 3798.0 7.0 6
153.0 7.0 7.0 6
153.0 3993.0 7.0 6
205.0 7.0 7.0 6
205.0 3993.0 7.0 6
284.0 3993.0 7.0 6
296.0 75.0 7.0 6
328.0 3890.0 7.0 6
336.0 113.0 7.0 6
6.0 248.0 6.0 5
6.0 448.0 6.0 5
6.0 648.0 6.0 5
6.0 848.0 6.0 5
6.0 1048.0 6.0 5
6.0 1248.0 6.0 5
6.0 1448.0 6.0 5
6.0 1648.0 6.0 5
6.0 1848.0 6.0 5
6.0 2048.0 6.0 5
6.0 2175.0 6.0 5
6.0 2375.0 6.0 5
6.0 2575.0 6.0 5
6.0 2775.0 6.0 5
6.0 2975.0 6.0 5
6.0 3175.0 6.0 5
6.0 3375.0 6.0 5
6.0 3575.0 6.0 5
6.0 3775.0 6.0 5
136.0 200.0 6.0 5
5.0 54.0 5.0 4
5.0 145.0 5.0 4
5.0 345.0 5.0 4
5.0 545.0 5.0 4
5.0 745.0 5.0 4
5.0 945.0 5.0 4
5.0 1145.0 5.0 4
5.0 1345.0 5.0 4
5.0 1545.0 5.0 4
5.0 1745.0 5.0 4
5.0 1945.0 5.0 4
5.0 2145.0 5.0 4
5.0 2345.0 5.0 4
5.0 2545.0 5.0 4
5.0 2745.0 5.0 4
5.0 2945.0 5.0 4
5.0 3145.0 5.0 4
5.0 3345.0 5.0 4
5.0 3545.0 5.0 4
5.0 3745.0 5.0 4
4.0 177.0 4.0 3
4.0 258.0 4.0 3
4.0 377.0 4.0 3
4.0 458.0 4.0 3
4.0 577.0 4.0 3
4.0 658.0 4.0 3
4.0 777.0 4.0 3
4.0 858.0 4.0 3
4.0 977.0 4.0 3
4.0 1058.0 4.0 3
4.0 1177.0 4.0 3
4.0 1258.0 4.0 3
4.0 1377.0 4.0 3
4.0 1458.0 4.0 3
4.0 1577.0 4.0 3
4.0 1658.0 4.0 3
4.0 1777.0 4.0 3
4.0 1858.0 4.0 3
4.0 1977.0 4.0 3
4.0 2058.0 4.0 3
3.0 62.0 3.0 2
3.0 135.0 3.0 2
3.0 153.0 3.0 2
3.0 218.0 3.0 2
3.0 265.0 3.0 2
3.0 335.0 3.0 2
3.0 353.0 3.0 2
3.0 418.0 3.0 2
3.0 465.0 3.0 2
3.0 535.0 3.0 2
3.0 553.0 3.0 2
3.0 618.0 3.0 2
3.0 665.0 3.0 2
3.0 735.0 3.0 2
3.0 753.0 3.0 2
3.0 818.0 3.0 2
3.0 865.0 3.0 2
3.0 935.0 3.0 2
3.0 953.0 3.0 2
3.0 1018.0 3.0 2
2.0 2.0 2.0 1
2.0 29.0 2.0 1
2.0 33.0 2.0 1
2.0 67.0 2.0 1
2.0 71.0 2.0 1
2.0 129.0 2.0 1
2.0 183.0 2.0 1
2.0 223.0 2.0 1
2.0 241.0 2.0 1
2.0 270.0 2.0 1
2.0 329.0 2.0 1
2.0 383.0 2.0 1
2.0 423.0 2.0 1
2.0 441.0 2.0 1
2.0 470.0 2.0 1
2.0 529.0 2.0 1
2.0 583.0 2.0 1
2.0 623.0 2.0 1
2.0 641.0 2.0 1
1.0 5.0 1.0 0
1.0 7.0 1.0 0
1.0 26.0 1.0 0
1.0 47.0 1.0 0
1.0 49.0 1.0 0
1.0 74.0 1.0 0
1.0 76.0 1.0 0
1.0 78.0 1.0 0
1.0 80.0 1.0 0
1.0 120.0 1.0 0
1.0 122.0 1.0 0
1.0 124.0 1.0 0
1.0 126.0 1.0 0
1.0 139.0 1.0 0
1.0 157.0 1.0 0
1.0 171.0 1.0 0
1.0 173.0 1.0 0
1.0 186.0 1.0 0
1.0 188.0 1.0 0
3458.0 487.0 25.0 24
3458.0 2892.0 25.0 24
3459.0 1487.0 25.0 24
3570.0 3202.0 25.0 24
3570.0 3406.0 25.0 24
3576.0 384.0 25.0 24
3576.0 587.0 25.0 24
3576.0 2390.0 25.0 24
3577.0 178.0 25.0 24
3577.0 1588.0 25.0 24
3577.0 1987.0 25.0 24
3578.0 987.0 25.0 24
3578.0 1187.0 25.0 24
3686.0 3305.0 25.0 24
3692.0 2290.0 25.0 24
3694.0 1086.0 25.0 24
3694.0 1688.0 25.0 24
3806.0 986.0 25.0 24
3806.0 1588.0 25.0 24
3806.0 1987.0 25.0 24
3806.0 2590.0 25.0 24
3807.0 1186.0 25.0 24
3807.0 1788.0 25.0 24
3457.0 2089.0 24.0 23
3457.0 2691.0 24.0 23
3458.0 887.0 24.0 23
3458.0 1688.0 24.0 23
3575.0 2590.0 24.0 23
3575.0 2790.0 24.0 23
3576.0 786.0 24.0 23
3576.0 1387.0 24.0 23
3576.0 2189.0 24.0 23
3690.0 280.0 24.0 23
3690.0 2490.0 24.0 23
3690.0 2690.0 24.0 23
3691.0 686.0 24.0 23
3692.0 885.0 24.0 23
3692.0 1887.0 24.0 23
3693.0 1286.0 24.0 23
3211.0 2491.0 23.0 22
3211.0 2890.0 23.0 22
3333.0 180.0 23.0 22
3334.0 589.0 23.0 22
3334.0 1388.0 23.0 22
3334.0 1588.0 23.0 22
3334.0 1788.0 23.0 22
3334.0 2190.0 23.0 22
3334.0 2591.0 23.0 22
3334.0 2790.0 23.0 22
3335.0 787.0 23.0 22
3335.0 1188.0 23.0 22
3455.0 1288.0 23.0 22
3455.0 1888.0 23.0 22
3455.0 2288.0 23.0 22
3456.0 687.0 23.0 22
3456.0 1088.0 23.0 22
3574.0 1788.0 23.0 22
2867.0 3606.0 22.0 21
2867.0 3815.0 22.0 21
2870.0 3401.0 22.0 21
2871.0 3195.0 22.0 21
2873.0 186.0 22.0 21
2877.0 1390.0 22.0 21
2954.0 2292.0 22.0 21
2954.0 2892.0 22.0 21
2954.0 3092.0 22.0 21
2955.0 488.0 22.0 21
2955.0 890.0 22.0 21
2955.0 1490.0 22.0 21
2955.0 2691.0 22.0 21
2956.0 1288.0 22.0 21
2998.0 3299.0 22.0 21
2999.0 3094.0 22.0 21
3000.0 490.0 22.0 21
3001.0 1288.0 22.0 21
3004.0 2292.0 22.0 21
3004.0 2692.0 22.0 21
3004.0 2892.0 22.0 21
3005.0 890.0 22.0 21
3082.0 590.0 22.0 21
3082.0 2992.0 22.0 21
3083.0 789.0 22.0 21
3083.0 989.0 22.0 21
3083.0 1389.0 22.0 21
3083.0 2191.0 22.0 21
3084.0 1589.0 22.0 21
3084.0 1789.0 22.0 21
3121.0 3609.0 22.0 21
3128.0 789.0 22.0 21
3128.0 1389.0 22.0 21
3128.0 2191.0 22.0 21
3129.0 989.0 22.0 21
3129.0 1589.0 22.0 21
3129.0 1789.0 22.0 21
3130.0 386.0 22.0 21
3130.0 1989.0 22.0 21
3131.0 2993.0 22.0 21
3209.0 689.0 22.0 21
3209.0 2091.0 22.0 21
3210.0 1088.0 22.0 21
3253.0 689.0 22.0 21
3253.0 2091.0 22.0 21
3254.0 1088.0 22.0 21
2553.0 2393.0 21.0 20
2608.0 3605.0 21.0 20
2609.0 392.0 21.0 20
2612.0 187.0 21.0 20
2612.0 1991.0 21.0 20
2612.0 2393.0 21.0 20
2612.0 2992.0 21.0 20
2688.0 890.0 21.0 20
2688.0 1091.0 21.0 20
2688.0 2091.0 21.0 20
2688.0 2292.0 21.0 20
2688.0 2494.0 21.0 20
2688.0 2891.0 21.0 20
2689.0 690.0 21.0 20
2689.0 1490.0 21.0 20
2689.0 1690.0 21.0 20
2745.0 2293.0 21.0 20
2745.0 2493.0 21.0 20
2746.0 891.0 21.0 20
2746.0 1091.0 21.0 20
2746.0 2091.0 21.0 20
2746.0 2892.0 21.0 20
2747.0 1690.0 21.0 20
2820.0 2393.0 21.0 20
2821.0 2191.0 21.0 20
2822.0 389.0 21.0 20
2822.0 1190.0 21.0 20
2822.0 1789.0 21.0 20
2822.0 1990.0 21.0 20
2822.0 2992.0 21.0 20
2823.0 590.0 21.0 20
2823.0 2791.0 21.0 20
2873.0 389.0 21.0 20
2874.0 1991.0 21.0 20
2874.0 2191.0 21.0 20
2875.0 591.0 21.0 20
2875.0 1789.0 21.0 20
2875.0 2792.0 21.0 20
2875.0 2992.0 21.0 20
2878.0 1189.0 21.0 20
2952.0 286.0 21.0 20
2952.0 2090.0 21.0 20
2953.0 690.0 21.0 20
2953.0 1689.0 21.0 20
2953.0 1889.0 21.0 20
2953.0 2492.0 21.0 20
2997.0 3502.0 21.0 20
3002.0 1490.0 21.0 20
3004.0 286.0 21.0 20
3004.0 690.0 21.0 20
3004.0 2091.0 21.0 20
3005.0 1889.0 21.0 20
3006.0 1689.0 21.0 20
3006.0 2492.0 21.0 20
3081.0 2391.0 21.0 20
3081.0 2791.0 21.0 20
3082.0 1187.0 21.0 20
3128.0 181.0 21.0 20
3128.0 590.0 21.0 20
3128.0 1188.0 21.0 20
3128.0 2792.0 21.0 20
3129.0 2589.0 21.0 20
3132.0 2391.0 21.0 20
3207.0 2692.0 21.0 20
3208.0 888.0 21.0 20
3247.0 3506.0 21.0 20
3252.0 888.0 21.0 20
3252.0 2692.0 21.0 20
3254.0 281.0 21.0 20
3254.0 1486.0 21.0 20
3255.0 1286.0 21.0 20
3255.0 1686.0 21.0 20
3255.0 1887.0 21.0 20
3255.0 2288.0 21.0 20
3255.0 2489.0 21.0 20
3901.0 3711.0 21.0 20
2340.0 189.0 20.0 19
2340.0 391.0 20.0 19
2340.0 1791.0 20.0 19
2411.0 3093.0 20.0 19
2411.0 3295.0 20.0 19
2412.0 2492.0 20.0 19
2413.0 290.0 20.0 19
2413.0 1689.0 20.0 19
2413.0 1892.0 20.0 19
2413.0 2093.0 20.0 19
2413.0 2293.0 20.0 19
2475.0 290.0 20.0 19
2475.0 1892.0 20.0 19
2476.0 1690.0 20.0 19
2478.0 3093.0 20.0 19
2478.0 3295.0 20.0 19
2479.0 2093.0 20.0 19
2550.0 1194.0 20.0 19
2550.0 1791.0 20.0 19
2550.0 3192.0 20.0 19
2551.0 791.0 20.0 19
2551.0 990.0 20.0 19
2551.0 2191.0 20.0 19
2551.0 2593.0 20.0 19
2552.0 1589.0 20.0 19
2611.0 992.0 20.0 19
2611.0 3193.0 20.0 19
2612.0 791.0 20.0 19
2612.0 2192.0 20.0 19
2612.0 2594.0 20.0 19
2613.0 1590.0 20.0 19
2615.0 1193.0 20.0 19
2686.0 492.0 20.0 19
2686.0 1889.0 20.0 19
2686.0 3093.0 20.0 19
2687.0 2693.0 20.0 19
2688.0 1291.0 20.0 19
2744.0 690.0 20.0 19
2745.0 1490.0 20.0 19
2746.0 3093.0 20.0 19
2747.0 1890.0 20.0 19
2749.0 491.0 20.0 19
2749.0 1291.0 20.0 19
2749.0 2692.0 20.0 19
2820.0 990.0 20.0 19
2820.0 2592.0 20.0 19
2821.0 789.0 20.0 19
2821.0 1589.0 20.0 19
2874.0 2393.0 20.0 19
2875.0 790.0 20.0 19
2875.0 991.0 20.0 19
2876.0 1590.0 20.0 19
2878.0 2592.0 20.0 19
2951.0 1088.0 20.0 19
3005.0 1089.0 20.0 19
3121.0 3812.0 20.0 19
3128.0 3192.0 20.0 19
3245.0 3709.0 20.0 19
3254.0 484.0 20.0 19
3254.0 2887.0 20.0 19
3376.0 176.0 20.0 19
3377.0 585.0 20.0 19
3377.0 1385.0 20.0 19
3377.0 1585.0 20.0 19
3377.0 1785.0 20.0 19
3377.0 2187.0 20.0 19
3377.0 2588.0 20.0 19
3377.0 2787.0 20.0 19
3378.0 784.0 20.0 19
3903.0 3503.0 20.0 19
3907.0 3093.0 20.0 19
3911.0 2484.0 20.0 19
3912.0 2080.0 20.0 19
1978.0 3394.0 19.0 18
1980.0 390.0 19.0 18
1980.0 2194.0 19.0 18
1980.0 2394.0 19.0 18
1980.0 2793.0 19.0 18
1980.0 2993.0 19.0 18
1981.0 1393.0 19.0 18
1981.0 1992.0 19.0 18
1982.0 994.0 19.0 18
2055.0 995.0 19.0 18
2056.0 1993.0 19.0 18
2126.0 491.0 19.0 18
2126.0 694.0 19.0 18
2126.0 2093.0 19.0 18
2126.0 2294.0 19.0 18
2126.0 2494.0 19.0 18
2126.0 2692.0 19.0 18
2126.0 2893.0 19.0 18
2126.0 3293.0 19.0 18
2127.0 893.0 19.0 18
2127.0 1292.0 19.0 18
2127.0 1692.0 19.0 18
2127.0 1890.0 19.0 18
2127.0 3093.0 19.0 18
2198.0 1892.0 19.0 18
2198.0 3295.0 19.0 18
2199.0 492.0 19.0 18
2199.0 1294.0 19.0 18
2199.0 2093.0 19.0 18
2199.0 2294.0 19.0 18
2199.0 2893.0 19.0 18
2199.0 3093.0 19.0 18
2200.0 893.0 19.0 18
2200.0 2693.0 19.0 18
2201.0 2493.0 19.0 18
2202.0 1691.0 19.0 18
2268.0 3395.0 19.0 18
2269.0 1993.0 19.0 18
2269.0 2193.0 19.0 18
2269.0 2793.0 19.0 18
2269.0 2991.0 19.0 18
2270.0 591.0 19.0 18
2270.0 792.0 19.0 18
2270.0 1591.0 19.0 18
2337.0 1194.0 19.0 18
2338.0 592.0 19.0 18
2338.0 2992.0 19.0 18
2338.0 3396.0 19.0 18
2339.0 992.0 19.0 18
2340.0 2793.0 19.0 18
2341.0 792.0 19.0 18
2342.0 1591.0 19.0 18
2342.0 1993.0 19.0 18
2342.0 2193.0 19.0 18
2410.0 491.0 19.0 18
2410.0 1294.0 19.0 18
2410.0 2693.0 19.0 18
2410.0 2891.0 19.0 18
2411.0 691.0 19.0 18
2411.0 890.0 19.0 18
2411.0 1490.0 19.0 18
2475.0 692.0 19.0 18
2476.0 493.0 19.0 18
2476.0 2293.0 19.0 18
2476.0 2493.0 19.0 18
2478.0 891.0 19.0 18
2478.0 2694.0 19.0 18
2478.0 2892.0 19.0 18
2481.0 1294.0 19.0 18
2481.0 1490.0 19.0 18
2548.0 592.0 19.0 18
2549.0 2792.0 19.0 18
2550.0 1391.0 19.0 18
2612.0 1791.0 19.0 18
2615.0 2792.0 19.0 18
2616.0 1391.0 19.0 18
2617.0 591.0 19.0 18
3125.0 3398.0 19.0 18
3254.0 3088.0 19.0 18
3377.0 1184.0 19.0 18
3497.0 1284.0 19.0 18
3497.0 1883.0 19.0 18
3498.0 1083.0 19.0 18
3879.0 3981.0 19.0 18
3906.0 3296.0 19.0 18
3907.0 2887.0 19.0 18
3911.0 474.0 19.0 18
3911.0 878.0 19.0 18
3912.0 1477.0 19.0 18
1529.0 895.0 18.0 17
1529.0 1295.0 18.0 17
1608.0 3907.0 18.0 17
1611.0 90.0 18.0 17
1611.0 495.0 18.0 17
1612.0 896.0 18.0 17
1612.0 1296.0 18.0 17
1615.0 1696.0 18.0 17
1679.0 2594.0 18.0 17
1679.0 2794.0 18.0 17
1679.0 2994.0 18.0 17
1679.0 3194.0 18.0 17
1679.0 3394.0 18.0 17
1680.0 192.0 18.0 17
1681.0 392.0 18.0 17
1681.0 794.0 18.0 17
1681.0 1194.0 18.0 17
1681.0 1594.0 18.0 17
1681.0 1993.0 18.0 17
1762.0 393.0 18.0 17
1762.0 2594.0 18.0 17
1762.0 2794.0 18.0 17
1762.0 2994.0 18.0 17
1762.0 3194.0 18.0 17
1762.0 3394.0 18.0 17
1763.0 1195.0 18.0 17
1763.0 2195.0 18.0 17
1764.0 192.0 18.0 17
1764.0 795.0 18.0 17
1764.0 1595.0 18.0 17
1765.0 1993.0 18.0 17
1829.0 2494.0 18.0 17
1829.0 2694.0 18.0 17
1829.0 2894.0 18.0 17
1829.0 3094.0 18.0 17
1829.0 3293.0 18.0 17
1830.0 1294.0 18.0 17
1831.0 290.0 18.0 17
1831.0 1694.0 18.0 17
1831.0 2294.0 18.0 17
1832.0 895.0 18.0 17
1832.0 1892.0 18.0 17
1909.0 3294.0 18.0 17
1910.0 694.0 18.0 17
1911.0 291.0 18.0 17
1911.0 492.0 18.0 17
1911.0 1095.0 18.0 17
1911.0 2295.0 18.0 17
1911.0 3095.0 18.0 17
1912.0 1893.0 18.0 17
1912.0 2694.0 18.0 17
1912.0 2894.0 18.0 17
1913.0 894.0 18.0 17
1914.0 1294.0 18.0 17
1914.0 1694.0 18.0 17
1977.0 3194.0 18.0 17
1979.0 189.0 18.0 17
1979.0 794.0 18.0 17
1979.0 1195.0 18.0 17
1979.0 1593.0 18.0 17
1979.0 2594.0 18.0 17
1980.0 1792.0 18.0 17
2054.0 3394.0 18.0 17
2055.0 190.0 18.0 17
2055.0 390.0 18.0 17
2055.0 1394.0 18.0 17
2055.0 2194.0 18.0 17
2055.0 2394.0 18.0 17
2055.0 2793.0 18.0 17
2055.0 2993.0 18.0 17
2057.0 1593.0 18.0 17
2057.0 2594.0 18.0 17
2058.0 794.0 18.0 17
2058.0 1792.0 18.0 17
2060.0 1194.0 18.0 17
2060.0 3194.0 18.0 17
2125.0 289.0 18.0 17
2125.0 1094.0 18.0 17
2125.0 1492.0 18.0 17
2199.0 693.0 18.0 17
2199.0 1493.0 18.0 17
2200.0 290.0 18.0 17
2202.0 1094.0 18.0 17
2268.0 1393.0 18.0 17
2268.0 2392.0 18.0 17
2340.0 1393.0 18.0 17
2341.0 2393.0 18.0 17
2494.0 3982.0 18.0 17
2771.0 18.0 18.0 17
3250.0 3310.0 18.0 17
3369.0 3604.0 18.0 17
3371.0 3398.0 18.0 17
3377.0 2986.0 18.0 17
3378.0 1981.0 18.0 17
3379.0 981.0 18.0 17
3496.0 2283.0 18.0 17
3497.0 681.0 18.0 17
3908.0 267.0 18.0 17
3909.0 2704.0 18.0 17
3911.0 675.0 18.0 17
1052.0 2396.0 17.0 16
1052.0 2596.0 17.0 16
1052.0 2796.0 17.0 16
1052.0 2996.0 17.0 16
1052.0 3196.0 17.0 16
1052.0 3396.0 17.0 16
1052.0 3596.0 17.0 16
1054.0 396.0 17.0 16
1054.0 797.0 17.0 16
1149.0 396.0 17.0 16
1150.0 1396.0 17.0 16
1150.0 1596.0 17.0 16
1150.0 1796.0 17.0 16
1150.0 1996.0 17.0 16
1150.0 2196.0 17.0 16
1150.0 2396.0 17.0 16
1150.0 2596.0 17.0 16
1150.0 2796.0 17.0 16
1150.0 2996.0 17.0 16
1150.0 3196.0 17.0 16
1150.0 3396.0 17.0 16
1150.0 3596.0 17.0 16
1151.0 798.0 17.0 16
1180.0 3983.0 17.0 16
1183.0 17.0 17.0 16
1212.0 1495.0 17.0 16
1212.0 1694.0 17.0 16
1212.0 1894.0 17.0 16
1212.0 2094.0 17.0 16
1212.0 2294.0 17.0 16
1212.0 2494.0 17.0 16
1212.0 2694.0 17.0 16
1212.0 2894.0 17.0 16
1212.0 3094.0 17.0 16
1212.0 3294.0 17.0 16
1212.0 3494.0 17.0 16
1213.0 295.0 17.0 16
1305.0 697.0 17.0 16
1305.0 1097.0 17.0 16
1306.0 1695.0 17.0 16
1306.0 1895.0 17.0 16
1306.0 2095.0 17.0 16
1306.0 2295.0 17.0 16
1306.0 2495.0 17.0 16
1306.0 2695.0 17.0 16
1306.0 2895.0 17.0 16
1306.0 3095.0 17.0 16
1306.0 3295.0 17.0 16
1306.0 3495.0 17.0 16
1308.0 1496.0 17.0 16
1309.0 295.0 17.0 16
1310.0 496.0 17.0 16
1370.0 1795.0 17.0 16
1370.0 1994.0 17.0 16
1370.0 2194.0 17.0 16
1370.0 2394.0 17.0 16
1370.0 2594.0 17.0 16
1370.0 2794.0 17.0 16
1370.0 2994.0 17.0 16
1370.0 3194.0 17.0 16
1370.0 3394.0 17.0 16
1371.0 194.0 17.0 16
1371.0 795.0 17.0 16
1371.0 1195.0 17.0 16
1460.0 1396.0 17.0 16
1460.0 1995.0 17.0 16
1460.0 2195.0 17.0 16
1460.0 2395.0 17.0 16
1460.0 2595.0 17.0 16
1460.0 2795.0 17.0 16
1460.0 2995.0 17.0 16
1460.0 3195.0 17.0 16
1460.0 3395.0 17.0 16
1461.0 596.0 17.0 16
1461.0 996.0 17.0 16
1462.0 193.0 17.0 16
1462.0 394.0 17.0 16
1462.0 1796.0 17.0 16
1463.0 795.0 17.0 16
1463.0 1195.0 17.0 16
1491.0 3983.0 17.0 16
1525.0 1894.0 17.0 16
1525.0 2094.0 17.0 16
1525.0 2294.0 17.0 16
1526.0 696.0 17.0 16
1526.0 1096.0 17.0 16
1526.0 1496.0 17.0 16
1527.0 292.0 17.0 16
1611.0 2494.0 17.0 16
1611.0 2694.0 17.0 16
1611.0 2894.0 17.0 16
1611.0 3094.0 17.0 16
1611.0 3294.0 17.0 16
1611.0 3494.0 17.0 16
1613.0 293.0 17.0 16
1615.0 1895.0 17.0 16
1615.0 2095.0 17.0 16
1615.0 2295.0 17.0 16
1616.0 1496.0 17.0 16
1617.0 695.0 17.0 16
664.0 1098.0 16.0 15
664.0 1298.0 16.0 15
664.0 1498.0 16.0 15
664.0 1698.0 16.0 15
664.0 1898.0 16.0 15
664.0 2098.0 16.0 15
664.0 2298.0 16.0 15
664.0 2498.0 16.0 15
664.0 2698.0 16.0 15
664.0 2898.0 16.0 15
664.0 3098.0 16.0 15
664.0 3298.0 16.0 15
664.0 3498.0 16.0 15
664.0 3698.0 16.0 15
666.0 299.0 16.0 15
724.0 597.0 16.0 15
724.0 796.0 16.0 15
724.0 996.0 16.0 15
724.0 1196.0 16.0 15
724.0 1396.0 16.0 15
724.0 1596.0 16.0 15
724.0 1796.0 16.0 15
724.0 1996.0 16.0 15
724.0 2196.0 16.0 15
724.0 2396.0 16.0 15
724.0 2596.0 16.0 15
724.0 2796.0 16.0 15
724.0 2996.0 16.0 15
724.0 3196.0 16.0 15
724.0 3396.0 16.0 15
724.0 3596.0 16.0 15
828.0 797.0 16.0 15
828.0 997.0 16.0 15
828.0 1197.0 16.0 15
828.0 1397.0 16.0 15
828.0 1597.0 16.0 15
828.0 1797.0 16.0 15
828.0 1997.0 16.0 15
828.0 2197.0 16.0 15
828.0 2397.0 16.0 15
828.0 2597.0 16.0 15
828.0 2797.0 16.0 15
828.0 2997.0 16.0 15
828.0 3197.0 16.0 15
828.0 3397.0 16.0 15
828.0 3597.0 16.0 15
830.0 598.0 16.0 15
889.0 897.0 16.0 15
889.0 1096.0 16.0 15
889.0 1296.0 16.0 15
889.0 1496.0 16.0 15
889.0 1696.0 16.0 15
889.0 1896.0 16.0 15
889.0 2096.0 16.0 15
889.0 2296.0 16.0 15
889.0 2496.0 16.0 15
889.0 2696.0 16.0 15
889.0 2896.0 16.0 15
889.0 3096.0 16.0 15
889.0 3296.0 16.0 15
889.0 3496.0 16.0 15
889.0 3696.0 16.0 15
989.0 1097.0 16.0 15
989.0 1297.0 16.0 15
989.0 1497.0 16.0 15
989.0 1697.0 16.0 15
989.0 1897.0 16.0 15
989.0 2097.0 16.0 15
989.0 2297.0 16.0 15
989.0 2497.0 16.0 15
989.0 2697.0 16.0 15
989.0 2897.0 16.0 15
989.0 3097.0 16.0 15
989.0 3297.0 16.0 15
989.0 3497.0 16.0 15
989.0 3697.0 16.0 15
990.0 296.0 16.0 15
991.0 898.0 16.0 15
1051.0 996.0 16.0 15
1051.0 1196.0 16.0 15
1052.0 195.0 16.0 15
1052.0 596.0 16.0 15
1150.0 196.0 16.0 15
1150.0 597.0 16.0 15
1151.0 997.0 16.0 15
1151.0 1197.0 16.0 15
1211.0 1295.0 16.0 15
1212.0 495.0 16.0 15
1212.0 896.0 16.0 15
1309.0 896.0 16.0 15
1309.0 1296.0 16.0 15
1369.0 1594.0 16.0 15
1463.0 1595.0 16.0 15
1494.0 16.0 16.0 15
1614.0 1095.0 16.0 15
1677.0 2392.0 16.0 15
1678.0 593.0 16.0 15
1678.0 994.0 16.0 15
1678.0 1393.0 16.0 15
1678.0 1791.0 16.0 15
723.0 396.0 15.0 14
831.0 397.0 15.0 14
888.0 696.0 15.0 14
991.0 697.0 15.0 14
1758.0 2395.0 15.0 14
1759.0 595.0 15.0 14
1759.0 1395.0 15.0 14
1759.0 1794.0 15.0 14
1761.0 995.0 15.0 14
1791.0 3985.0 15.0 14
1796.0 15.0 15.0 14
1866.0 3702.0 15.0 14
1905.0 3905.0 15.0 14
1906.0 2495.0 15.0 14
1910.0 93.0 15.0 14
2087.0 3985.0 15.0 14
2092.0 15.0 15.0 14
2204.0 93.0 15.0 14
2369.0 3985.0 15.0 14
2379.0 15.0 15.0 14
2497.0 15.0 15.0 14
2645.0 3985.0 15.0 14
2652.0 15.0 15.0 14
2760.0 3985.0 15.0 14
2910.0 3985.0 15.0 14
2921.0 15.0 15.0 14
3023.0 3985.0 15.0 14
3033.0 15.0 15.0 14
3168.0 3985.0 15.0 14
3174.0 15.0 15.0 14
3273.0 3985.0 15.0 14
3282.0 15.0 15.0 14
3363.0 3828.0 15.0 14
3374.0 374.0 15.0 14
3374.0 2380.0 15.0 14
3374.0 3212.0 15.0 14
3485.0 3726.0 15.0 14
3487.0 3520.0 15.0 14
3488.0 3293.0 15.0 14
3494.0 2481.0 15.0 14
3495.0 2079.0 15.0 14
3495.0 2681.0 15.0 14
3496.0 877.0 15.0 14
3496.0 1678.0 15.0 14
3497.0 475.0 15.0 14
3497.0 2881.0 15.0 14
3498.0 268.0 15.0 14
3498.0 1476.0 15.0 14
3524.0 15.0 15.0 14
3608.0 3215.0 15.0 14
3608.0 3393.0 15.0 14
3611.0 1797.0 15.0 14
3613.0 2580.0 15.0 14
3613.0 2780.0 15.0 14
3614.0 371.0 15.0 14
3614.0 776.0 15.0 14
3614.0 1377.0 15.0 14
3614.0 2179.0 15.0 14
3614.0 2403.0 15.0 14
3615.0 575.0 15.0 14
3616.0 974.0 15.0 14
3616.0 1576.0 15.0 14
3616.0 1975.0 15.0 14
3617.0 1175.0 15.0 14
3683.0 92.0 15.0 14
3724.0 91.0 15.0 14
3727.0 293.0 15.0 14
3728.0 2480.0 15.0 14
3728.0 2680.0 15.0 14
3729.0 676.0 15.0 14
3729.0 898.0 15.0 14
3730.0 1877.0 15.0 14
3881.0 15.0 15.0 14
3907.0 1071.0 15.0 14
3907.0 1101.0 15.0 14
3907.0 1271.0 15.0 14
3907.0 1673.0 15.0 14
3907.0 1703.0 15.0 14
3907.0 1873.0 15.0 14
3907.0 2274.0 15.0 14
3907.0 2304.0 15.0 14
3976.0 3884.0 15.0 14
3982.0 109.0 15.0 14
3984.0 3768.0 15.0 14
3985.0 3562.0 15.0 14
3985.0 3670.0 15.0 14
2013.0 3598.0 14.0 13
2017.0 593.0 14.0 13
2160.0 1892.0 14.0 13
2160.0 3496.0 14.0 13
2301.0 3396.0 14.0 13
2302.0 2992.0 14.0 13
2303.0 592.0 14.0 13
2305.0 2592.0 14.0 13
2306.0 188.0 14.0 13
2306.0 390.0 14.0 13
2306.0 992.0 14.0 13
2306.0 1790.0 14.0 13
2443.0 492.0 14.0 13
2443.0 2694.0 14.0 13
2443.0 2892.0 14.0 13
2444.0 891.0 14.0 13
2582.0 2792.0 14.0 13
2583.0 1391.0 14.0 13
3409.0 3986.0 14.0 13
3419.0 14.0 14.0 13
3494.0 3113.0 14.0 13
3495.0 3084.0 14.0 13
3510.0 3986.0 14.0 13
3603.0 3834.0 14.0 13
3604.0 3805.0 14.0 13
3607.0 3628.0 14.0 13
3613.0 193.0 14.0 13
3616.0 165.0 14.0 13
3642.0 3986.0 14.0 13
3722.0 3320.0 14.0 13
3723.0 3292.0 14.0 13
3729.0 1299.0 14.0 13
3729.0 2276.0 14.0 13
3729.0 2304.0 14.0 13
3730.0 1101.0 14.0 13
3730.0 1703.0 14.0 13
3737.0 3985.0 14.0 13
3906.0 1300.0 14.0 13
3906.0 1902.0 14.0 13
3986.0 3468.0 14.0 13
705.0 3987.0 13.0 12
707.0 13.0 13.0 12
1616.0 3937.0 13.0 12
1710.0 3805.0 13.0 12
1713.0 3597.0 13.0 12
2012.0 3804.0 13.0 12
2013.0 1993.0 13.0 12
2014.0 994.0 13.0 12
2158.0 491.0 13.0 12
2158.0 2093.0 13.0 12
2158.0 2294.0 13.0 12
2158.0 2693.0 13.0 12
2158.0 2893.0 13.0 12
2158.0 3294.0 13.0 12
2159.0 893.0 13.0 12
2159.0 1293.0 13.0 12
2159.0 3093.0 13.0 12
2196.0 3901.0 13.0 12
2301.0 1993.0 13.0 12
2301.0 2193.0 13.0 12
2301.0 2793.0 13.0 12
2302.0 792.0 13.0 12
2302.0 1591.0 13.0 12
2305.0 1192.0 13.0 12
2442.0 1294.0 13.0 12
2443.0 690.0 13.0 12
2443.0 1490.0 13.0 12
2444.0 3091.0 13.0 12
2444.0 3293.0 13.0 12
2446.0 2091.0 13.0 12
2580.0 591.0 13.0 12
3372.0 3801.0 13.0 12
3376.0 3184.0 13.0 12
3433.0 3905.0 13.0 12
3488.0 3906.0 13.0 12
3495.0 296.0 13.0 12
3605.0 3421.0 13.0 12
3606.0 3597.0 13.0 12
3615.0 399.0 13.0 12
3619.0 2003.0 13.0 12
3620.0 1203.0 13.0 12
3656.0 13.0 13.0 12
3666.0 3906.0 13.0 12
3715.0 3908.0 13.0 12
3725.0 3085.0 13.0 12
3725.0 3116.0 13.0 12
3729.0 1071.0 13.0 12
3729.0 1673.0 13.0 12
3730.0 468.0 13.0 12
3730.0 499.0 13.0 12
3730.0 1272.0 13.0 12
3731.0 1471.0 13.0 12
3731.0 1502.0 13.0 12
3749.0 13.0 13.0 12
3841.0 971.0 13.0 12
3841.0 1001.0 13.0 12
3841.0 1573.0 13.0 12
3841.0 1603.0 13.0 12
3841.0 2002.0 13.0 12
3841.0 2575.0 13.0 12
3841.0 2605.0 13.0 12
3842.0 1171.0 13.0 12
3842.0 1201.0 13.0 12
3842.0 1773.0 13.0 12
3842.0 1803.0 13.0 12
3842.0 1972.0 13.0 12
3889.0 3906.0 13.0 12
3903.0 298.0 13.0 12
3985.0 3352.0 13.0 12
3986.0 236.0 13.0 12
3986.0 2734.0 13.0 12
3986.0 2942.0 13.0 12
3986.0 3058.0 13.0 12
3986.0 3146.0 13.0 12
3986.0 3262.0 13.0 12
3987.0 319.0 13.0 12
3987.0 2651.0 13.0 12
3987.0 2854.0 13.0 12
884.0 3892.0 12.0 11
1031.0 3988.0 12.0 11
1033.0 12.0 12.0 11
1304.0 3937.0 12.0 11
1558.0 3700.0 12.0 11
1622.0 62.0 12.0 11
1861.0 3495.0 12.0 11
1864.0 694.0 12.0 11
1864.0 1494.0 12.0 11
1864.0 2094.0 12.0 11
1917.0 3943.0 12.0 11
1922.0 56.0 12.0 11
2009.0 190.0 12.0 11
2009.0 3394.0 12.0 11
2011.0 390.0 12.0 11
2011.0 2194.0 12.0 11
2011.0 2394.0 12.0 11
2011.0 2793.0 12.0 11
2011.0 2993.0 12.0 11
2012.0 1393.0 12.0 11
2155.0 290.0 12.0 11
2155.0 1493.0 12.0 11
2157.0 693.0 12.0 11
2157.0 2493.0 12.0 11
2157.0 3700.0 12.0 11
2158.0 1691.0 12.0 11
2298.0 1393.0 12.0 11
2298.0 2393.0 12.0 11
2444.0 2490.0 12.0 11
2445.0 2290.0 12.0 11
2476.0 3901.0 12.0 11
2484.0 100.0 12.0 11
2582.0 1190.0 12.0 11
2754.0 95.0 12.0 11
3190.0 3903.0 12.0 11
3252.0 3903.0 12.0 11
3381.0 401.0 12.0 11
3382.0 2406.0 12.0 11
3490.0 3699.0 12.0 11
3491.0 3493.0 12.0 11
3494.0 3320.0 12.0 11
3497.0 502.0 12.0 11
3500.0 2908.0 12.0 11
3502.0 1503.0 12.0 11
3503.0 2105.0 12.0 11
3504.0 93.0 12.0 11
3504.0 1704.0 12.0 11
3505.0 903.0 12.0 11
3605.0 3188.0 12.0 11
3611.0 2376.0 12.0 11
3613.0 1001.0 12.0 11
3613.0 3014.0 12.0 11
3614.0 602.0 12.0 11
3614.0 2978.0 12.0 11
3615.0 1603.0 12.0 11
3617.0 2607.0 12.0 11
3618.0 2206.0 12.0 11
3618.0 2807.0 12.0 11
3622.0 1403.0 12.0 11
3722.0 3492.0 12.0 11
3722.0 3528.0 12.0 11
3728.0 266.0 12.0 11
3729.0 2071.0 12.0 11
3729.0 2105.0 12.0 11
3730.0 871.0 12.0 11
3732.0 2507.0 12.0 11
3733.0 1904.0 12.0 11
3841.0 2172.0 12.0 11
3841.0 2206.0 12.0 11
3841.0 2374.0 12.0 11
3841.0 2408.0 12.0 11
3842.0 568.0 12.0 11
3842.0 602.0 12.0 11
3843.0 1369.0 12.0 11
3843.0 1403.0 12.0 11
3897.0 3326.0 12.0 11
3898.0 2917.0 12.0 11
3903.0 705.0 12.0 11
3903.0 1507.0 12.0 11
3903.0 2672.0 12.0 11
3986.0 2331.0 12.0 11
3987.0 928.0 12.0 11
3987.0 1044.0 12.0 11
3987.0 1128.0 12.0 11
3987.0 1244.0 12.0 11
3987.0 1325.0 12.0 11
3987.0 1530.0 12.0 11
3987.0 1646.0 12.0 11
3987.0 1730.0 12.0 11
3987.0 1846.0 12.0 11
3987.0 1927.0 12.0 11
3987.0 2249.0 12.0 11
3987.0 2452.0 12.0 11
3987.0 2530.0 12.0 11
3988.0 442.0 12.0 11
3988.0 525.0 12.0 11
3988.0 644.0 12.0 11
3988.0 727.0 12.0 11
3988.0 846.0 12.0 11
3988.0 1446.0 12.0 11
885.0 104.0 11.0 10
1083.0 3800.0 11.0 10
1205.0 3893.0 11.0 10
1208.0 105.0 11.0 10
1348.0 3989.0 11.0 10
1351.0 11.0 11.0 10
1400.0 3801.0 11.0 10
1422.0 3802.0 11.0 10
1516.0 3894.0 11.0 10
1520.0 103.0 11.0 10
1558.0 495.0 11.0 10
1580.0 495.0 11.0 10
1710.0 393.0 11.0 10
1710.0 1195.0 11.0 10
1712.0 2195.0 11.0 10
1732.0 393.0 11.0 10
1732.0 1195.0 11.0 10
1734.0 2195.0 11.0 10
1819.0 3896.0 11.0 10
1824.0 103.0 11.0 10
1858.0 3294.0 11.0 10
1860.0 291.0 11.0 10
1860.0 2295.0 11.0 10
1861.0 1893.0 11.0 10
1863.0 492.0 11.0 10
1863.0 1094.0 11.0 10
1880.0 3294.0 11.0 10
1882.0 291.0 11.0 10
1882.0 2295.0 11.0 10
1883.0 1893.0 11.0 10
2008.0 794.0 11.0 10
2008.0 1593.0 11.0 10
2008.0 2594.0 11.0 10
2009.0 1792.0 11.0 10
2112.0 3896.0 11.0 10
2154.0 1094.0 11.0 10
2298.0 3803.0 11.0 10
2301.0 3595.0 11.0 10
2303.0 3189.0 11.0 10
2394.0 3897.0 11.0 10
2444.0 285.0 11.0 10
2444.0 1685.0 11.0 10
2444.0 1887.0 11.0 10
2581.0 1787.0 11.0 10
2717.0 487.0 11.0 10
2718.0 2688.0 11.0 10
2746.0 3901.0 11.0 10
2943.0 98.0 11.0 10
3007.0 3902.0 11.0 10
3012.0 99.0 11.0 10
3195.0 95.0 11.0 10
3260.0 96.0 11.0 10
3441.0 93.0 11.0 10
3501.0 2507.0 11.0 10
3501.0 2707.0 11.0 10
3615.0 802.0 11.0 10
3621.0 1773.0 11.0 10
3720.0 3697.0 11.0 10
3720.0 3737.0 11.0 10
3729.0 2706.0 11.0 10
3729.0 2916.0 11.0 10
3730.0 702.0 11.0 10
3730.0 2874.0 11.0 10
3834.0 3427.0 11.0 10
3835.0 3389.0 11.0 10
3836.0 3185.0 11.0 10
3836.0 3223.0 11.0 10
3837.0 2980.0 11.0 10
3837.0 3018.0 11.0 10
3841.0 363.0 11.0 10
3841.0 401.0 11.0 10
3841.0 805.0 11.0 10
3842.0 768.0 11.0 10
3891.0 3534.0 11.0 10
3896.0 3122.0 11.0 10
3897.0 94.0 11.0 10
3901.0 503.0 11.0 10
3987.0 2047.0 11.0 10
3987.0 2128.0 11.0 10
3989.0 3858.0 11.0 10
571.0 898.0 10.0 9
571.0 1098.0 10.0 9
571.0 1298.0 10.0 9
571.0 1498.0 10.0 9
571.0 1698.0 10.0 9
571.0 1898.0 10.0 9
571.0 2098.0 10.0 9
571.0 2298.0 10.0 9
571.0 2498.0 10.0 9
571.0 2698.0 10.0 9
571.0 2898.0 10.0 9
571.0 3098.0 10.0 9
571.0 3298.0 10.0 9
571.0 3498.0 10.0 9
571.0 3698.0 10.0 9
671.0 487.0 10.0 9
671.0 507.0 10.0 9
671.0 687.0 10.0 9
671.0 707.0 10.0 9
671.0 887.0 10.0 9
671.0 907.0 10.0 9
1104.0 3800.0 10.0 9
1241.0 3697.0 10.0 9
1272.0 3698.0 10.0 9
1305.0 60.0 10.0 9
1399.0 3596.0 10.0 9
1401.0 1396.0 10.0 9
1431.0 3596.0 10.0 9
1554.0 293.0 10.0 9
1554.0 2494.0 10.0 9
1554.0 2694.0 10.0 9
1554.0 2894.0 10.0 9
1554.0 3094.0 10.0 9
1554.0 3294.0 10.0 9
1554.0 3494.0 10.0 9
1556.0 1695.0 10.0 9
1557.0 894.0 10.0 9
1557.0 1294.0 10.0 9
1577.0 895.0 10.0 9
1577.0 1295.0 10.0 9
1580.0 3698.0 10.0 9
1586.0 1696.0 10.0 9
1653.0 3990.0 10.0 9
1658.0 10.0 10.0 9
1703.0 2394.0 10.0 9
1704.0 595.0 10.0 9
1704.0 996.0 10.0 9
1704.0 1395.0 10.0 9
1704.0 1794.0 10.0 9
1707.0 2594.0 10.0 9
1707.0 2794.0 10.0 9
1707.0 2994.0 10.0 9
1707.0 3194.0 10.0 9
1707.0 3394.0 10.0 9
1708.0 192.0 10.0 9
1709.0 793.0 10.0 9
1709.0 1593.0 10.0 9
1709.0 1992.0 10.0 9
1727.0 2594.0 10.0 9
1727.0 2794.0 10.0 9
1727.0 2994.0 10.0 9
1727.0 3194.0 10.0 9
1727.0 3394.0 10.0 9
1728.0 192.0 10.0 9
1729.0 794.0 10.0 9
1729.0 1594.0 10.0 9
1729.0 1993.0 10.0 9
1857.0 2494.0 10.0 9
1857.0 2694.0 10.0 9
1857.0 2894.0 10.0 9
1857.0 3094.0 10.0 9
1858.0 1294.0 10.0 9
1859.0 1694.0 10.0 9
1860.0 894.0 10.0 9
1877.0 2694.0 10.0 9
1877.0 2894.0 10.0 9
1877.0 3094.0 10.0 9
1878.0 1294.0 10.0 9
1879.0 1694.0 10.0 9
1880.0 894.0 10.0 9
1951.0 3989.0 10.0 9
1956.0 10.0 10.0 9
2005.0 3194.0 10.0 9
2007.0 1194.0 10.0 9
2025.0 3194.0 10.0 9
2027.0 1194.0 10.0 9
2029.0 793.0 10.0 9
2029.0 1592.0 10.0 9
2029.0 2593.0 10.0 9
2030.0 1791.0 10.0 9
2116.0 104.0 10.0 9
2214.0 52.0 10.0 9
2402.0 101.0 10.0 9
2579.0 3200.0 10.0 9
2580.0 998.0 10.0 9
2581.0 785.0 10.0 9
2581.0 2186.0 10.0 9
2581.0 2588.0 10.0 9
2582.0 1584.0 10.0 9
2667.0 3898.0 10.0 9
506.0 3813.0 9.0 8
550.0 909.0 9.0 8
550.0 1109.0 9.0 8
550.0 1309.0 9.0 8
550.0 1509.0 9.0 8
550.0 1709.0 9.0 8
550.0 1909.0 9.0 8
550.0 2109.0 9.0 8
550.0 2309.0 9.0 8
550.0 2509.0 9.0 8
550.0 2709.0 9.0 8
550.0 2909.0 9.0 8
550.0 3109.0 9.0 8
550.0 3309.0 9.0 8
550.0 3509.0 9.0 8
550.0 3709.0 9.0 8
573.0 298.0 9.0 8
573.0 498.0 9.0 8
573.0 698.0 9.0 8
628.0 9.0 9.0 8
632.0 3991.0 9.0 8
671.0 108.0 9.0 8
961.0 9.0 9.0 8
963.0 3991.0 9.0 8
981.0 3938.0 9.0 8
999.0 3934.0 9.0 8
1080.0 396.0 9.0 8
1123.0 396.0 9.0 8
1238.0 1695.0 9.0 8
1238.0 1895.0 9.0 8
1238.0 2095.0 9.0 8
1238.0 2295.0 9.0 8
1238.0 2495.0 9.0 8
1238.0 2695.0 9.0 8
1238.0 2895.0 9.0 8
1238.0 3095.0 9.0 8
1238.0 3295.0 9.0 8
1238.0 3495.0 9.0 8
1242.0 696.0 9.0 8
1242.0 1096.0 9.0 8
1276.0 697.0 9.0 8
1276.0 1097.0 9.0 8
1283.0 3991.0 9.0 8
1396.0 1795.0 9.0 8
1396.0 1994.0 9.0 8
1396.0 2194.0 9.0 8
1396.0 2394.0 9.0 8
1396.0 2594.0 9.0 8
1396.0 2794.0 9.0 8
1396.0 2994.0 9.0 8
1396.0 3194.0 9.0 8
1396.0 3394.0 9.0 8
1397.0 194.0 9.0 8
1397.0 795.0 9.0 8
1397.0 1195.0 9.0 8
1400.0 394.0 9.0 8
1400.0 595.0 9.0 8
1400.0 995.0 9.0 8
1420.0 1396.0 9.0 8
1431.0 1995.0 9.0 8
1431.0 2195.0 9.0 8
1431.0 2395.0 9.0 8
1431.0 2595.0 9.0 8
1431.0 2795.0 9.0 8
1431.0 2995.0 9.0 8
1431.0 3195.0 9.0 8
1431.0 3395.0 9.0 8
1432.0 596.0 9.0 8
1432.0 996.0 9.0 8
1433.0 194.0 9.0 8
1433.0 394.0 9.0 8
1436.0 1796.0 9.0 8
1437.0 795.0 9.0 8
1437.0 1195.0 9.0 8
1551.0 1894.0 9.0 8
1551.0 2094.0 9.0 8
1551.0 2294.0 9.0 8
1552.0 696.0 9.0 8
1552.0 1096.0 9.0 8
1552.0 1496.0 9.0 8
1573.0 293.0 9.0 8
1573.0 2494.0 9.0 8
1573.0 2694.0 9.0 8
1573.0 2894.0 9.0 8
1573.0 3094.0 9.0 8
1573.0 3294.0 9.0 8
1573.0 3494.0 9.0 8
1586.0 1895.0 9.0 8
1586.0 2095.0 9.0 8
1586.0 2295.0 9.0 8
1587.0 1496.0 9.0 8
1591.0 695.0 9.0 8
1722.0 2395.0 9.0 8
1723.0 595.0 9.0 8
1723.0 1395.0 9.0 8
1723.0 1794.0 9.0 8
1876.0 2494.0 9.0 8
1883.0 490.0 9.0 8
1883.0 1092.0 9.0 8
2174.0 1092.0 9.0 8
339.0 3927.0 8.0 7
379.0 3815.0 8.0 7
406.0 1199.0 8.0 7
406.0 1399.0 8.0 7
406.0 1599.0 8.0 7
406.0 1799.0 8.0 7
406.0 1999.0 8.0 7
406.0 2199.0 8.0 7
406.0 2399.0 8.0 7
406.0 2599.0 8.0 7
406.0 2799.0 8.0 7
406.0 2999.0 8.0 7
406.0 3199.0 8.0 7
406.0 3399.0 8.0 7
406.0 3599.0 8.0 7
406.0 3799.0 8.0 7
499.0 8.0 8.0 7
500.0 3992.0 8.0 7
505.0 985.0 8.0 7
505.0 1011.0 8.0 7
505.0 1185.0 8.0 7
505.0 1211.0 8.0 7
505.0 1385.0 8.0 7
505.0 1411.0 8.0 7
505.0 1585.0 8.0 7
505.0 1611.0 8.0 7
505.0 1785.0 8.0 7
505.0 1811.0 8.0 7
505.0 1985.0 8.0 7
505.0 2011.0 8.0 7
505.0 2185.0 8.0 7
505.0 2211.0 8.0 7
505.0 2385.0 8.0 7
505.0 2411.0 8.0 7
505.0 2585.0 8.0 7
505.0 2611.0 8.0 7
505.0 2785.0 8.0 7
505.0 2811.0 8.0 7
505.0 2985.0 8.0 7
505.0 3011.0 8.0 7
505.0 3185.0 8.0 7
505.0 3211.0 8.0 7
505.0 3385.0 8.0 7
505.0 3411.0 8.0 7
505.0 3585.0 8.0 7
505.0 3611.0 8.0 7
505.0 3785.0 8.0 7
507.0 183.0 8.0 7
507.0 213.0 8.0 7
507.0 414.0 8.0 7
507.0 614.0 8.0 7
507.0 814.0 8.0 7
548.0 314.0 8.0 7
548.0 514.0 8.0 7
548.0 714.0 8.0 7
748.0 797.0 8.0 7
748.0 997.0 8.0 7
748.0 1197.0 8.0 7
748.0 1397.0 8.0 7
748.0 1597.0 8.0 7
748.0 1797.0 8.0 7
748.0 1997.0 8.0 7
748.0 2197.0 8.0 7
748.0 2397.0 8.0 7
748.0 2597.0 8.0 7
748.0 2797.0 8.0 7
748.0 2997.0 8.0 7
748.0 3197.0 8.0 7
748.0 3397.0 8.0 7
748.0 3597.0 8.0 7
750.0 3798.0 8.0 7
752.0 197.0 8.0 7
798.0 3799.0 8.0 7
803.0 197.0 8.0 7
830.0 3992.0 8.0 7
834.0 8.0 8.0 7
913.0 1097.0 8.0 7
913.0 1297.0 8.0 7
913.0 1497.0 8.0 7
913.0 1697.0 8.0 7
913.0 1897.0 8.0 7
913.0 2097.0 8.0 7
913.0 2297.0 8.0 7
913.0 2497.0 8.0 7
913.0 2697.0 8.0 7
913.0 2897.0 8.0 7
913.0 3097.0 8.0 7
913.0 3297.0 8.0 7
913.0 3497.0 8.0 7
913.0 3697.0 8.0 7
916.0 296.0 8.0 7
917.0 497.0 8.0 7
963.0 498.0 8.0 7
965.0 1097.0 8.0 7
965.0 1297.0 8.0 7
965.0 1497.0 8.0 7
337.0 3901.0 7.0 6
339.0 482.0 7.0 6
339.0 516.0 7.0 6
339.0 682.0 7.0 6
339.0 716.0 7.0 6
339.0 882.0 7.0 6
339.0 916.0 7.0 6
339.0 1082.0 7.0 6
339.0 1116.0 7.0 6
339.0 1282.0 7.0 6
339.0 1316.0 7.0 6
339.0 1482.0 7.0 6
339.0 1516.0 7.0 6
339.0 1682.0 7.0 6
339.0 1716.0 7.0 6
339.0 1882.0 7.0 6
339.0 1916.0 7.0 6
339.0 2082.0 7.0 6
339.0 2116.0 7.0 6
339.0 2282.0 7.0 6
339.0 2316.0 7.0 6
339.0 2482.0 7.0 6
339.0 2516.0 7.0 6
339.0 2682.0 7.0 6
339.0 2716.0 7.0 6
339.0 2882.0 7.0 6
339.0 2916.0 7.0 6
339.0 3082.0 7.0 6
339.0 3116.0 7.0 6
339.0 3282.0 7.0 6
339.0 3316.0 7.0 6
339.0 3482.0 7.0 6
339.0 3516.0 7.0 6
339.0 3682.0 7.0 6
339.0 3716.0 7.0 6
378.0 616.0 7.0 6
378.0 816.0 7.0 6
378.0 1016.0 7.0 6
378.0 1214.0 7.0 6
378.0 1414.0 7.0 6
378.0 1614.0 7.0 6
378.0 1814.0 7.0 6
378.0 2014.0 7.0 6
378.0 2214.0 7.0 6
378.0 2414.0 7.0 6
378.0 2614.0 7.0 6
378.0 2814.0 7.0 6
378.0 3014.0 7.0 6
378.0 3214.0 7.0 6
378.0 3414.0 7.0 6
378.0 3614.0 7.0 6
389.0 3993.0 7.0 6
390.0 7.0 7.0 6
407.0 598.0 7.0 6
407.0 798.0 7.0 6
407.0 998.0 7.0 6
506.0 383.0 7.0 6
506.0 583.0 7.0 6
506.0 783.0 7.0 6
547.0 7.0 7.0 6
548.0 3993.0 7.0 6
640.0 1098.0 7.0 6
640.0 1298.0 7.0 6
640.0 1498.0 7.0 6
640.0 1698.0 7.0 6
640.0 1898.0 7.0 6
640.0 2098.0 7.0 6
640.0 2298.0 7.0 6
640.0 2498.0 7.0 6
640.0 2698.0 7.0 6
640.0 2898.0 7.0 6
640.0 3098.0 7.0 6
640.0 3298.0 7.0 6
640.0 3498.0 7.0 6
640.0 3698.0 7.0 6
643.0 299.0 7.0 6
670.0 3884.0 7.0 6
675.0 3933.0 7.0 6
677.0 70.0 7.0 6
745.0 397.0 7.0 6
747.0 597.0 7.0 6
802.0 797.0 7.0 6
802.0 997.0 7.0 6
802.0 1197.0 7.0 6
802.0 1397.0 7.0 6
802.0 1597.0 7.0 6
802.0 1797.0 7.0 6
802.0 1997.0 7.0 6
802.0 2197.0 7.0 6
802.0 2397.0 7.0 6
802.0 2597.0 7.0 6
136.0 400.0 6.0 5
136.0 600.0 6.0 5
136.0 800.0 6.0 5
136.0 1000.0 6.0 5
136.0 1200.0 6.0 5
136.0 1400.0 6.0 5
136.0 1600.0 6.0 5
136.0 1800.0 6.0 5
136.0 2000.0 6.0 5
136.0 2200.0 6.0 5
136.0 2400.0 6.0 5
136.0 2600.0 6.0 5
136.0 2800.0 6.0 5
136.0 3000.0 6.0 5
136.0 3200.0 6.0 5
136.0 3400.0 6.0 5
136.0 3600.0 6.0 5
136.0 3800.0 6.0 5
168.0 182.0 6.0 5
168.0 218.0 6.0 5
168.0 382.0 6.0 5
168.0 418.0 6.0 5
168.0 582.0 6.0 5
168.0 618.0 6.0 5
168.0 782.0 6.0 5
168.0 818.0 6.0 5
168.0 982.0 6.0 5
168.0 1018.0 6.0 5
168.0 1182.0 6.0 5
168.0 1218.0 6.0 5
168.0 1382.0 6.0 5
168.0 1418.0 6.0 5
168.0 1582.0 6.0 5
168.0 1618.0 6.0 5
168.0 1782.0 6.0 5
168.0 1818.0 6.0 5
168.0 1982.0 6.0 5
168.0 2018.0 6.0 5
168.0 2182.0 6.0 5
168.0 2218.0 6.0 5
168.0 2382.0 6.0 5
168.0 2418.0 6.0 5
168.0 2582.0 6.0 5
168.0 2618.0 6.0 5
168.0 2782.0 6.0 5
168.0 2818.0 6.0 5
168.0 2982.0 6.0 5
168.0 3018.0 6.0 5
168.0 3182.0 6.0 5
168.0 3218.0 6.0 5
168.0 3382.0 6.0 5
168.0 3418.0 6.0 5
168.0 3582.0 6.0 5
168.0 3618.0 6.0 5
168.0 3782.0 6.0 5
168.0 3818.0 6.0 5
188.0 3960.0 6.0 5
204.0 279.0 6.0 5
204.0 479.0 6.0 5
204.0 679.0 6.0 5
204.0 879.0 6.0 5
204.0 1079.0 6.0 5
204.0 1279.0 6.0 5
204.0 1479.0 6.0 5
204.0 1679.0 6.0 5
204.0 1879.0 6.0 5
204.0 2079.0 6.0 5
204.0 2279.0 6.0 5
204.0 2479.0 6.0 5
204.0 2679.0 6.0 5
204.0 2879.0 6.0 5
204.0 3079.0 6.0 5
204.0 3279.0 6.0 5
204.0 3479.0 6.0 5
204.0 3679.0 6.0 5
238.0 298.0 6.0 5
238.0 498.0 6.0 5
238.0 698.0 6.0 5
238.0 898.0 6.0 5
238.0 1098.0 6.0 5
238.0 1298.0 6.0 5
238.0 1498.0 6.0 5
238.0 1698.0 6.0 5
238.0 1898.0 6.0 5
238.0 2098.0 6.0 5
19.0 2170.0 5.0 4
19.0 2370.0 5.0 4
19.0 2570.0 5.0 4
19.0 2770.0 5.0 4
19.0 2970.0 5.0 4
19.0 3170.0 5.0 4
19.0 3370.0 5.0 4
19.0 3570.0 5.0 4
19.0 3770.0 5.0 4
54.0 5.0 5.0 4
54.0 3995.0 5.0 4
186.0 39.0 5.0 4
202.0 3875.0 5.0 4
203.0 121.0 5.0 4
203.0 321.0 5.0 4
203.0 521.0 5.0 4
203.0 721.0 5.0 4
203.0 921.0 5.0 4
203.0 1121.0 5.0 4
203.0 1321.0 5.0 4
203.0 1521.0 5.0 4
203.0 1721.0 5.0 4
203.0 1921.0 5.0 4
203.0 2121.0 5.0 4
203.0 2321.0 5.0 4
203.0 2521.0 5.0 4
203.0 2721.0 5.0 4
203.0 2921.0 5.0 4
203.0 3121.0 5.0 4
203.0 3321.0 5.0 4
203.0 3521.0 5.0 4
203.0 3721.0 5.0 4
237.0 2297.0 5.0 4
237.0 2497.0 5.0 4
237.0 2697.0 5.0 4
237.0 2897.0 5.0 4
237.0 3097.0 5.0 4
237.0 3297.0 5.0 4
237.0 3497.0 5.0 4
237.0 3697.0 5.0 4
280.0 3903.0 5.0 4
291.0 3982.0 5.0 4
296.0 3991.0 5.0 4
298.0 62.0 5.0 4
300.0 5.0 5.0 4
302.0 299.0 5.0 4
302.0 499.0 5.0 4
302.0 699.0 5.0 4
302.0 899.0 5.0 4
302.0 1099.0 5.0 4
302.0 1299.0 5.0 4
302.0 1499.0 5.0 4
302.0 1699.0 5.0 4
302.0 1899.0 5.0 4
302.0 2099.0 5.0 4
302.0 2299.0 5.0 4
302.0 2499.0 5.0 4
302.0 2699.0 5.0 4
302.0 2899.0 5.0 4
302.0 3099.0 5.0 4
302.0 3299.0 5.0 4
302.0 3499.0 5.0 4
302.0 3699.0 5.0 4
337.0 281.0 5.0 4
337.0 317.0 5.0 4
337.0 3881.0 5.0 4
338.0 3913.0 5.0 4
340.0 71.0 5.0 4
354.0 3995.0 5.0 4
375.0 176.0 5.0 4
375.0 220.0 5.0 4
375.0 377.0 5.0 4
375.0 420.0 5.0 4
375.0 577.0 5.0 4
375.0 777.0 5.0 4
375.0 977.0 5.0 4
375.0 1177.0 5.0 4
375.0 1377.0 5.0 4
375.0 1577.0 5.0 4
375.0 1777.0 5.0 4
4.0 2257.0 4.0 3
4.0 2457.0 4.0 3
4.0 2657.0 4.0 3
4.0 2857.0 4.0 3
4.0 3057.0 4.0 3
4.0 3257.0 4.0 3
4.0 3457.0 4.0 3
4.0 3657.0 4.0 3
4.0 3857.0 4.0 3
4.0 3940.0 4.0 3
22.0 2229.0 4.0 3
22.0 2429.0 4.0 3
22.0 2629.0 4.0 3
22.0 2829.0 4.0 3
22.0 3029.0 4.0 3
22.0 3229.0 4.0 3
22.0 3429.0 4.0 3
22.0 3629.0 4.0 3
22.0 3829.0 4.0 3
23.0 170.0 4.0 3
23.0 370.0 4.0 3
23.0 570.0 4.0 3
23.0 770.0 4.0 3
23.0 970.0 4.0 3
23.0 1170.0 4.0 3
23.0 1370.0 4.0 3
23.0 1570.0 4.0 3
23.0 1770.0 4.0 3
23.0 1970.0 4.0 3
24.0 229.0 4.0 3
24.0 429.0 4.0 3
24.0 629.0 4.0 3
24.0 829.0 4.0 3
24.0 1029.0 4.0 3
24.0 1229.0 4.0 3
24.0 1429.0 4.0 3
24.0 1629.0 4.0 3
24.0 1829.0 4.0 3
24.0 2029.0 4.0 3
68.0 3399.0 4.0 3
68.0 3599.0 4.0 3
68.0 3799.0 4.0 3
70.0 200.0 4.0 3
70.0 400.0 4.0 3
70.0 600.0 4.0 3
70.0 800.0 4.0 3
70.0 1000.0 4.0 3
70.0 1200.0 4.0 3
70.0 1400.0 4.0 3
70.0 1600.0 4.0 3
70.0 1800.0 4.0 3
70.0 2000.0 4.0 3
70.0 2200.0 4.0 3
70.0 2400.0 4.0 3
70.0 2600.0 4.0 3
70.0 2800.0 4.0 3
70.0 3000.0 4.0 3
70.0 3200.0 4.0 3
140.0 4.0 4.0 3
140.0 3996.0 4.0 3
161.0 15.0 4.0 3
161.0 3985.0 4.0 3
164.0 4.0 4.0 3
164.0 3993.0 4.0 3
204.0 90.0 4.0 3
204.0 3906.0 4.0 3
216.0 3996.0 4.0 3
228.0 104.0 4.0 3
228.0 3892.0 4.0 3
246.0 2299.0 4.0 3
246.0 2499.0 4.0 3
246.0 2699.0 4.0 3
246.0 2899.0 4.0 3
246.0 3099.0 4.0 3
246.0 3299.0 4.0 3
3.0 1065.0 3.0 2
3.0 1135.0 3.0 2
3.0 1153.0 3.0 2
3.0 1218.0 3.0 2
3.0 1265.0 3.0 2
3.0 1335.0 3.0 2
3.0 1353.0 3.0 2
3.0 1418.0 3.0 2
3.0 1465.0 3.0 2
3.0 1535.0 3.0 2
3.0 1553.0 3.0 2
3.0 1618.0 3.0 2
3.0 1665.0 3.0 2
3.0 1735.0 3.0 2
3.0 1753.0 3.0 2
3.0 1818.0 3.0 2
3.0 1865.0 3.0 2
3.0 1935.0 3.0 2
3.0 1953.0 3.0 2
3.0 2018.0 3.0 2
3.0 2065.0 3.0 2
3.0 2135.0 3.0 2
3.0 2218.0 3.0 2
3.0 2264.0 3.0 2
3.0 2335.0 3.0 2
3.0 2418.0 3.0 2
3.0 2464.0 3.0 2
3.0 2535.0 3.0 2
3.0 2618.0 3.0 2
3.0 2664.0 3.0 2
3.0 2735.0 3.0 2
3.0 2818.0 3.0 2
3.0 2864.0 3.0 2
3.0 2935.0 3.0 2
3.0 3018.0 3.0 2
3.0 3064.0 3.0 2
3.0 3135.0 3.0 2
3.0 3218.0 3.0 2
3.0 3264.0 3.0 2
3.0 3335.0 3.0 2
3.0 3418.0 3.0 2
3.0 3464.0 3.0 2
3.0 3535.0 3.0 2
3.0 3618.0 3.0 2
3.0 3664.0 3.0 2
3.0 3735.0 3.0 2
3.0 3818.0 3.0 2
3.0 3864.0 3.0 2
3.0 3947.0 3.0 2
3.0 3967.0 3.0 2
16.0 2240.0 3.0 2
16.0 2440.0 3.0 2
16.0 2640.0 3.0 2
16.0 2840.0 3.0 2
16.0 3040.0 3.0 2
16.0 3240.0 3.0 2
16.0 3440.0 3.0 2
16.0 3640.0 3.0 2
16.0 3840.0 3.0 2
18.0 3963.0 3.0 2
52.0 3408.0 3.0 2
52.0 3608.0 3.0 2
52.0 3808.0 3.0 2
62.0 3.0 3.0 2
62.0 3996.0 3.0 2
75.0 3400.0 3.0 2
75.0 3600.0 3.0 2
75.0 3800.0 3.0 2
125.0 200.0 3.0 2
125.0 400.0 3.0 2
2.0 670.0 2.0 1
2.0 729.0 2.0 1
2.0 783.0 2.0 1
2.0 823.0 2.0 1
2.0 841.0 2.0 1
2.0 870.0 2.0 1
2.0 929.0 2.0 1
2.0 983.0 2.0 1
2.0 1023.0 2.0 1
2.0 1041.0 2.0 1
2.0 1070.0 2.0 1
2.0 1129.0 2.0 1
2.0 1183.0 2.0 1
2.0 1223.0 2.0 1
2.0 1241.0 2.0 1
2.0 1270.0 2.0 1
2.0 1329.0 2.0 1
2.0 1383.0 2.0 1
2.0 1423.0 2.0 1
2.0 1441.0 2.0 1
2.0 1470.0 2.0 1
2.0 1529.0 2.0 1
2.0 1583.0 2.0 1
2.0 1623.0 2.0 1
2.0 1641.0 2.0 1
2.0 1670.0 2.0 1
2.0 1729.0 2.0 1
2.0 1783.0 2.0 1
2.0 1823.0 2.0 1
2.0 1841.0 2.0 1
2.0 1870.0 2.0 1
2.0 1929.0 2.0 1
2.0 1983.0 2.0 1
2.0 2023.0 2.0 1
2.0 2041.0 2.0 1
2.0 2070.0 2.0 1
2.0 2129.0 2.0 1
2.0 2182.0 2.0 1
2.0 2269.0 2.0 1
2.0 2329.0 2.0 1
2.0 2382.0 2.0 1
2.0 2469.0 2.0 1
2.0 2529.0 2.0 1
2.0 2582.0 2.0 1
2.0 2669.0 2.0 1
2.0 2729.0 2.0 1
2.0 2782.0 2.0 1
2.0 2869.0 2.0 1
2.0 2929.0 2.0 1
2.0 2982.0 2.0 1
2.0 3069.0 2.0 1
2.0 3129.0 2.0 1
2.0 3182.0 2.0 1
2.0 3269.0 2.0 1
2.0 3329.0 2.0 1
2.0 3382.0 2.0 1
2.0 3469.0 2.0 1
2.0 3529.0 2.0 1
2.0 3582.0 2.0 1
2.0 3669.0 2.0 1
2.0 3729.0 2.0 1
2.0 3782.0 2.0 1
2.0 3869.0 2.0 1
2.0 3929.0 2.0 1
2.0 3933.0 2.0 1
2.0 3995.0 2.0 1
5.0 3998.0 2.0 1
8.0 152.0 2.0 1
1.0 190.0 1.0 0
1.0 210.0 1.0 0
1.0 212.0 1.0 0
1.0 214.0 1.0 0
1.0 253.0 1.0 0
1.0 273.0 1.0 0
1.0 275.0 1.0 0
1.0 277.0 1.0 0
1.0 279.0 1.0 0
1.0 320.0 1.0 0
1.0 322.0 1.0 0
1.0 324.0 1.0 0
1.0 326.0 1.0 0
1.0 339.0 1.0 0
1.0 357.0 1.0 0
1.0 371.0 1.0 0
1.0 373.0 1.0 0
1.0 386.0 1.0 0
1.0 388.0 1.0 0
1.0 390.0 1.0 0
1.0 410.0 1.0 0
1.0 412.0 1.0 0
1.0 414.0 1.0 0
1.0 453.0 1.0 0
1.0 473.0 1.0 0
1.0 475.0 1.0 0
1.0 477.0 1.0 0
1.0 479.0 1.0 0
1.0 520.0 1.0 0
1.0 522.0 1.0 0
1.0 524.0 1.0 0
1.0 526.0 1.0 0
1.0 539.0 1.0 0
1.0 557.0 1.0 0
1.0 571.0 1.0 0
1.0 573.0 1.0 0
1.0 586.0 1.0 0
1.0 588.0 1.0 0
1.0 590.0 1.0 0
1.0 610.0 1.0 0
1.0 612.0 1.0 0
1.0 614.0 1.0 0
1.0 653.0 1.0 0
1.0 673.0 1.0 0
1.0 675.0 1.0 0
1.0 677.0 1.0 0
1.0 679.0 1.0 0
1.0 720.0 1.0 0
1.0 722.0 1.0 0
1.0 724.0 1.0 0
1.0 726.0 1.0 0
1.0 739.0 1.0 0
1.0 757.0 1.0 0
1.0 771.0 1.0 0
1.0 773.0 1.0 0
1.0 786.0 1.0 0
1.0 788.0 1.0 0
1.0 790.0 1.0 0
1.0 810.0 1.0 0
1.0 812.0 1.0 0
1.0 814.0 1.0 0
1.0 853.0 1.0 0
1.0 873.0 1.0 0
1.0 875.0 1.0 0
1.0 877.0 1.0 0
1.0 879.0 1.0 0
2674.0 99.0 10.0 9
2716.0 1884.0 10.0 9
2716.0 3087.0 10.0 9
2718.0 1285.0 10.0 9
2931.0 3899.0 10.0 9
3258.0 3283.0 10.0 9
3379.0 3425.0 10.0 9
3380.0 3631.0 10.0 9
3386.0 2008.0 10.0 9
3387.0 3013.0 10.0 9
3828.0 3843.0 10.0 9
3829.0 3800.0 10.0 9
3831.0 3636.0 10.0 9
3832.0 3593.0 10.0 9
3840.0 156.0 10.0 9
3840.0 200.0 10.0 9
3887.0 3741.0 10.0 9
3900.0 906.0 10.0 9
3900.0 2108.0 10.0 9
3912.0 3532.0 10.0 9
3919.0 3324.0 10.0 9
3920.0 2915.0 10.0 9
3922.0 501.0 10.0 9
3924.0 904.0 10.0 9
2241.0 3991.0 9.0 8
2247.0 9.0 9.0 8
2437.0 3698.0 9.0 8
2440.0 3506.0 9.0 8
2444.0 1085.0 9.0 8
2521.0 9.0 9.0 8
2576.0 3597.0 9.0 8
2580.0 179.0 9.0 8
2581.0 1983.0 9.0 8
2581.0 2984.0 9.0 8
2582.0 2385.0 9.0 8
2717.0 882.0 9.0 8
2717.0 1083.0 9.0 8
2717.0 2083.0 9.0 8
2717.0 2883.0 9.0 8
2718.0 1682.0 9.0 8
2784.0 3991.0 9.0 8
2848.0 2600.0 9.0 8
3134.0 3425.0 9.0 8
3142.0 3218.0 9.0 8
3259.0 3735.0 9.0 8
3264.0 3115.0 9.0 8
3387.0 1007.0 9.0 8
3390.0 1209.0 9.0 8
3505.0 2309.0 9.0 8
3507.0 707.0 9.0 8
3510.0 1109.0 9.0 8
3688.0 3906.0 9.0 8
3841.0 2817.0 9.0 8
3842.0 2770.0 9.0 8
3898.0 2510.0 9.0 8
3912.0 3739.0 9.0 8
3916.0 3121.0 9.0 8
3924.0 702.0 9.0 8
3924.0 1504.0 9.0 8
3925.0 2106.0 9.0 8
3989.0 3991.0 9.0 8
3990.0 9.0 9.0 8
3990.0 3792.0 9.0 8
3991.0 3903.0 9.0 8
965.0 1697.0 8.0 7
965.0 1897.0 8.0 7
965.0 2097.0 8.0 7
965.0 2297.0 8.0 7
965.0 2497.0 8.0 7
965.0 2697.0 8.0 7
965.0 2897.0 8.0 7
965.0 3097.0 8.0 7
965.0 3297.0 8.0 7
965.0 3497.0 8.0 7
965.0 3697.0 8.0 7
966.0 296.0 8.0 7
1075.0 997.0 8.0 7
1075.0 1197.0 8.0 7
1076.0 195.0 8.0 7
1076.0 597.0 8.0 7
1077.0 1396.0 8.0 7
1077.0 1596.0 8.0 7
1077.0 1796.0 8.0 7
1077.0 1996.0 8.0 7
1077.0 2196.0 8.0 7
1077.0 2396.0 8.0 7
1077.0 2596.0 8.0 7
1077.0 2796.0 8.0 7
1077.0 2996.0 8.0 7
1077.0 3196.0 8.0 7
1077.0 3396.0 8.0 7
1077.0 3596.0 8.0 7
1079.0 797.0 8.0 7
1122.0 1396.0 8.0 7
1122.0 1596.0 8.0 7
1122.0 1796.0 8.0 7
1122.0 1996.0 8.0 7
1122.0 2196.0 8.0 7
1122.0 2396.0 8.0 7
1122.0 2596.0 8.0 7
802.0 2797.0 7.0 6
802.0 2997.0 7.0 6
802.0 3197.0 7.0 6
802.0 3397.0 7.0 6
802.0 3597.0 7.0 6
806.0 598.0 7.0 6
839.0 3820.0 7.0 6
878.0 3993.0 7.0 6
910.0 697.0 7.0 6
912.0 896.0 7.0 6
965.0 898.0 7.0 6
999.0 111.0 7.0 6
999.0 3884.0 7.0 6
1002.0 1316.0 7.0 6
1002.0 1516.0 7.0 6
1002.0 1716.0 7.0 6
1002.0 1916.0 7.0 6
1002.0 2116.0 7.0 6
1002.0 2316.0 7.0 6
1002.0 2516.0 7.0 6
1002.0 2716.0 7.0 6
1002.0 2916.0 7.0 6
1002.0 3116.0 7.0 6
1002.0 3316.0 7.0 6
1002.0 3516.0 7.0 6
1002.0 3716.0 7.0 6
1003.0 315.0 7.0 6
1041.0 3820.0 7.0 6
1096.0 396.0 7.0 6
410.0 197.0 6.0 5
410.0 398.0 6.0 5
472.0 198.0 6.0 5
472.0 399.0 6.0 5
472.0 599.0 6.0 5
472.0 799.0 6.0 5
530.0 3960.0 6.0 5
623.0 94.0 6.0 5
625.0 3901.0 6.0 5
647.0 3938.0 6.0 5
676.0 1078.0 6.0 5
676.0 1117.0 6.0 5
676.0 1278.0 6.0 5
676.0 1317.0 6.0 5
676.0 1478.0 6.0 5
676.0 1517.0 6.0 5
676.0 1678.0 6.0 5
676.0 1717.0 6.0 5
676.0 1878.0 6.0 5
676.0 1917.0 6.0 5
676.0 2078.0 6.0 5
676.0 2117.0 6.0 5
676.0 2278.0 6.0 5
676.0 2317.0 6.0 5
375.0 1977.0 5.0 4
375.0 2177.0 5.0 4
375.0 2377.0 5.0 4
375.0 2577.0 5.0 4
375.0 2777.0 5.0 4
375.0 2977.0 5.0 4
375.0 3177.0 5.0 4
375.0 3377.0 5.0 4
375.0 3577.0 5.0 4
375.0 3777.0 5.0 4
468.0 999.0 5.0 4
468.0 1199.0 5.0 4
468.0 1399.0 5.0 4
468.0 1599.0 5.0 4
468.0 1799.0 5.0 4
468.0 1999.0 5.0 4
468.0 2199.0 5.0 4
468.0 2399.0 5.0 4
468.0 2599.0 5.0 4
246.0 3499.0 4.0 3
246.0 3699.0 4.0 3
248.0 299.0 4.0 3
248.0 499.0 4.0 3
248.0 699.0 4.0 3
248.0 899.0 4.0 3
248.0 1099.0 4.0 3
248.0 1299.0 4.0 3
248.0 1499.0 4.0 3
248.0 1699.0 4.0 3
248.0 1899.0 4.0 3
248.0 2099.0 4.0 3
272.0 4.0 4.0 3
275.0 96.0 4.0 3
290.0 22.0 4.0 3
125.0 600.0 3.0 2
125.0 800.0 3.0 2
125.0 1000.0 3.0 2
125.0 1200.0 3.0 2
125.0 1400.0 3.0 2
125.0 1600.0 3.0 2
125.0 1800.0 3.0 2
125.0 2000.0 3.0 2
125.0 2200.0 3.0 2
125.0 2400.0 3.0 2
125.0 2600.0 3.0 2
125.0 2800.0 3.0 2
125.0 3000.0 3.0 2
8.0 352.0 2.0 1
8.0 552.0 2.0 1
8.0 752.0 2.0 1
8.0 952.0 2.0 1
8.0 1152.0 2.0 1
8.0 1352.0 2.0 1
8.0 1552.0 2.0 1
8.0 1752.0 2.0 1
8.0 1952.0 2.0 1
8.0 3945.0 2.0 1
10.0 176.0 2.0 1
10.0 376.0 2.0 1
1.0 920.0 1.0 0
1.0 922.0 1.0 0
1.0 924.0 1.0 0
1.0 926.0 1.0 0
1.0 939.0 1.0 0
1.0 957.0 1.0 0
1.0 971.0 1.0 0
1.0 973.0 1.0 0
1.0 986.0 1.0 0
1.0 988.0 1.0 0
1.0 990.0 1.0 0
1122.0 2796.0 8.0 7
1122.0 2996.0 8.0 7
1122.0 3196.0 8.0 7
1122.0 3396.0 8.0 7
1122.0 3596.0 8.0 7
1123.0 798.0 8.0 7
1127.0 997.0 8.0 7
1127.0 1197.0 8.0 7
1155.0 3992.0 8.0 7
1158.0 8.0 8.0 7
1235.0 1296.0 8.0 7
1122.0 196.0 7.0 6
1122.0 597.0 7.0 6
1157.0 3821.0 7.0 6
1158.0 3780.0 7.0 6
1164.0 616.0 7.0 6
1164.0 1016.0 7.0 6
1202.0 3993.0 7.0 6
1235.0 494.0 7.0 6
676.0 2478.0 6.0 5
676.0 2517.0 6.0 5
676.0 2678.0 6.0 5
676.0 2717.0 6.0 5
676.0 2878.0 6.0 5
676.0 2917.0 6.0 5
468.0 2799.0 5.0 4
468.0 2999.0 5.0 4
468.0 3199.0 5.0 4
468.0 3399.0 5.0 4
301.0 3938.0 4.0 3
304.0 3996.0 4.0 3
305.0 68.0 4.0 3
339.0 3890.0 4.0 3
125.0 3200.0 3.0 2
125.0 3400.0 3.0 2
125.0 3600.0 3.0 2
10.0 576.0 2.0 1
10.0 776.0 2.0 1
1.0 1010.0 1.0 0
1.0 1012.0 1.0 0
1236.0 896.0 8.0 7
1237.0 1495.0 8.0 7
1238.0 295.0 8.0 7
1254.0 1695.0 7.0 6
1254.0 1895.0 7.0 6
676.0 3078.0 6.0 5
468.0 3599.0 5.0 4
343.0 122.0 4.0 3
125.0 3800.0 3.0 2
10.0 976.0 2.0 1
1.0 1014.0 1.0 0
1259.0 696.0 8.0 7
1254.0 2095.0 7.0 6
676.0 3117.0 6.0 5
468.0 3799.0 5.0 4
173.0 173.0 3.0 2
